0
100
0 60
17 13
28 71
10 71
15 58
0 20
5 71
4 71
1 70
0 47
9 24
68 64
26 71
13 71
40 45
68 71
17 55
47 71
45 71
64 71
15 51
29 71
55 71
1 2
60 46
0 17
0 40
46 71
0 67
57 50
66 58
68 24
5 35
2 71
23 4
42 71
58 71
67 71
54 71
16 60
48 71
49 70
22 60
1 9
66 70
34 4
54 50
0 15
42 19
39 7
66 19
44 71
49 54
16 20
19 71
16 34
54 70
56 46
0 1
60 71
19 36
0 14
46 7
0 66
61 20
0 30
8 70
7 71
42 27
0 49
68 42
12 34
44 51
30 71
17 4
70 71
16 24
4 51
39 34
68 49
65 14
23 49
30 32
58 3
16 40
53 8
42 10
58 17
0 65
26 24
0 16
34 71
10 51
53 37
50 19
26 35
14 71
46 29
0 68
53 24
