0
100
0 5
0 8
0 32
0 10
0 27
0 17
0 26
0 20
0 38
0 28
0 16
0 18
0 34
0 41
0 13
0 4
0 7
0 43
0 2
0 31
0 11
0 37
0 3
0 25
0 14
0 29
0 23
0 1
0 9
0 19
66 99
93 99
97 99
53 99
83 99
90 99
87 99
65 99
60 99
89 99
61 99
68 99
94 99
85 99
73 99
86 99
75 99
81 99
58 99
80 99
88 99
92 99
82 99
64 99
84 99
95 99
67 99
76 99
62 99
98 99
79 99
72 99
91 99
6 26
6 4
6 16
6 38
6 30
6 10
6 13
6 39
6 17
6 7
6 12
6 42
6 33
6 35
6 15
6 3
6 25
6 29
6 18
6 1
6 21
6 8
6 34
6 2
6 14
6 50
6 53
6 11
6 24
6 32
6 37
6 19
6 5
6 9
90 78
34 78
64 78
