1
38
97
24 27
0 2
0 3
1 2
1 3
12 15
16 19
12 14
4 6
4 2
4 7
4 5
3 5
3 6
5 7
5 8
6 8
39 42
9 12
6 7
11 14
44 47
9 8
13 16
18 21
18 19
17 19
17 20
20 22
20 23
20 21
19 22
25 27
21 24
21 23
9 7
9 11
10 13
10 11
10 12
10 8
11 12
13 15
14 17
14 16
15 18
15 17
16 18
26 29
28 30
22 25
30 33
26 27
28 31
28 29
27 30
29 31
32 33
29 32
30 31
32 34
34 36
32 31
40 42
39 41
46 49
37 40
36 39
44 46
44 45
43 46
40 41
50 53
45 48
45 47
46 47
48 51
48 50
48 49
47 50
49 52
49 51
50 52
43 45
43 44
43 42
41 42
22 24
23 26
23 25
24 25
26 28
34 37
35 37
35 36
35 33
34 31
