0
100
0 21
85 18
23 99
69 99
2 99
0 60
18 99
87 99
84 29
0 22
10 51
13 26
84 74
10 23
26 92
0 84
34 99
76 71
10 85
97 43
36 99
0 26
10 80
43 99
81 83
79 4
13 5
76 95
0 13
97 29
0 10
0 79
0 76
20 99
91 67
1 5
25 99
71 7
1 4
16 29
91 99
71 6
48 51
16 4
77 92
57 12
0 74
32 73
0 48
0 44
78 68
0 99
1 42
34 5
53 7
6 5
36 29
91 26
71 23
81 11
96 98
71 70
0 78
81 47
72 51
55 5
0 1
36 86
11 5
85 9
2 98
71 78
0 34
27 4
98 12
45 51
92 99
26 12
71 17
22 83
4 99
67 99
72 50
91 5
4 51
39 3
0 91
72 48
86 51
25 42
16 63
98 21
11 84
4 29
96 40
0 43
25 33
0 96
50 9
98 62
