5
82
72
74
65
6
100
32 98
10 61
0 87
15 98
45 98
61 98
40 98
0 78
67 98
0 22
0 21
0 36
0 16
0 23
0 26
0 70
0 15
0 35
0 90
0 5
0 79
0 64
0 40
0 46
0 27
0 48
0 45
0 37
0 61
0 29
0 94
92 98
0 68
0 56
0 84
0 62
0 69
0 11
0 14
0 81
0 49
0 60
0 71
37 98
0 13
0 83
38 98
0 58
0 43
0 97
0 31
91 98
0 98
0 1
68 98
0 42
0 41
8 98
53 98
43 98
0 93
5 98
96 98
24 98
50 1
25 98
59 98
0 73
0 66
1 98
0 51
7 98
0 38
57 98
0 12
93 98
78 98
69 98
96 28
0 52
0 3
0 18
28 98
0 86
55 98
0 39
0 44
0 67
0 59
80 98
0 77
0 75
41 98
0 92
0 34
49 98
25 3
0 10
0 55
0 63
