0
100
17 95
16 95
54 95
81 95
33 95
57 95
70 95
2 95
83 95
26 95
63 95
71 95
18 95
20 95
40 95
7 95
25 95
10 95
29 95
23 95
87 95
68 95
5 95
35 95
43 95
73 95
8 95
21 95
79 95
37 95
13 95
69 95
90 95
91 95
19 95
88 95
11 95
89 95
93 95
24 95
59 95
94 95
9 95
65 95
47 95
32 95
39 95
4 95
60 95
67 95
51 95
61 95
64 95
14 95
76 95
85 95
1 95
36 95
50 95
22 95
66 95
49 95
41 95
30 95
48 95
58 95
3 95
38 95
12 95
80 95
72 95
27 95
31 95
74 95
62 95
77 95
6 95
84 95
86 95
28 95
46 95
75 95
82 95
44 95
55 95
92 95
34 95
52 95
45 95
0 95
42 95
53 95
78 95
15 95
0 88
0 27
0 46
0 42
0 48
0 91
