0
100
93 24
80 99
81 99
16 50
75 83
24 99
0 18
0 47
0 16
83 99
18 15
12 63
66 59
82 91
36 98
0 70
5 99
20 59
52 99
0 71
88 63
41 70
0 98
0 53
61 42
45 4
96 35
0 43
0 61
32 79
92 15
0 95
50 79
6 78
0 41
0 40
63 35
34 59
97 10
60 84
18 10
26 93
39 95
25 15
5 51
39 4
60 30
71 94
59 99
29 35
9 2
62 35
83 31
35 99
4 99
26 28
14 79
36 10
62 79
10 99
80 2
9 7
20 14
83 51
0 60
17 45
83 2
26 17
63 45
7 15
73 76
65 53
18 78
0 5
56 99
26 79
46 91
74 23
26 91
97 53
72 2
65 91
46 85
78 21
39 66
0 9
40 51
31 49
13 14
63 50
53 99
46 48
97 63
83 21
50 48
20 44
62 48
39 18
0 97
0 83
