5
20
46
17
12
25
100
28 74
0 32
0 40
0 7
0 69
0 38
15 74
43 74
73 74
66 74
0 58
0 11
0 60
44 74
0 48
0 4
0 21
16 71
54 74
0 1
0 6
71 74
58 74
0 62
33 74
48 74
0 61
0 64
0 53
0 51
0 36
0 33
23 74
0 8
42 74
38 74
11 74
0 73
32 74
0 35
0 10
0 55
31 74
0 24
30 74
57 74
40 74
59 74
0 29
3 74
0 44
1 74
0 23
0 13
0 15
55 74
0 74
0 18
56 74
0 43
35 74
10 74
24 74
67 74
0 54
0 56
0 68
0 28
0 26
0 72
0 5
0 34
0 71
0 41
0 67
0 59
0 37
0 45
0 49
65 21
0 70
0 31
47 60
0 65
0 66
0 14
2 74
21 74
0 22
60 74
0 47
0 27
39 4
52 69
0 42
0 19
0 2
0 16
0 39
0 63
