0
100
0 35
72 93
79 99
70 99
53 99
44 78
55 13
54 33
66 13
1 33
73 33
35 50
62 37
0 26
0 72
54 19
80 46
54 36
83 11
54 28
83 16
52 61
54 9
44 92
52 63
79 37
44 85
39 33
69 33
6 92
26 11
44 84
66 46
71 23
37 33
32 56
30 29
48 68
29 46
32 48
32 77
32 41
61 46
35 8
25 98
81 8
94 60
55 14
91 49
29 55
91 96
34 2
58 62
27 4
27 48
42 87
62 87
2 87
78 49
20 45
85 87
82 28
12 7
50 69
43 77
82 90
82 86
88 34
6 73
93 79
82 12
82 62
36 12
39 19
30 87
45 58
95 15
4 81
17 95
39 92
17 12
45 48
43 4
38 94
43 12
65 1
34 73
90 11
14 73
7 1
75 38
86 94
41 65
7 10
11 61
47 21
64 50
88 59
53 41
56 61
