5
74
90
87
98
19
100
0 99
68 99
0 85
2 99
29 99
60 99
59 99
0 22
41 99
0 31
49 99
69 99
0 52
0 9
0 7
0 76
77 99
0 69
0 94
0 10
0 91
0 93
0 60
62 99
0 41
0 28
0 48
31 99
0 50
73 99
0 46
57 99
37 99
22 99
39 99
91 99
0 18
0 36
66 99
0 86
0 11
0 55
0 53
0 70
54 99
0 84
52 99
0 20
12 99
16 99
0 77
0 6
72 99
0 4
20 99
34 99
94 99
0 1
0 32
0 33
0 96
0 23
0 34
0 97
0 8
88 99
76 99
6 99
0 2
0 65
0 3
0 61
0 81
0 13
0 14
0 51
86 99
0 5
0 35
56 99
11 99
38 99
0 79
25 42
93 99
20 14
0 64
55 99
0 49
70 99
23 99
0 26
40 99
0 17
42 99
61 99
0 44
7 99
0 72
0 67
