0
100
54 99
0 49
26 75
8 99
54 48
12 41
10 39
0 46
30 43
0 10
30 63
30 87
8 95
15 10
79 21
66 34
6 11
62 74
82 29
45 86
32 58
40 98
75 98
45 79
28 11
45 44
66 81
46 27
46 34
46 50
58 98
5 43
47 69
61 73
31 11
27 43
74 48
35 59
82 59
12 73
67 47
5 73
76 65
25 85
19 72
3 65
55 61
25 62
35 68
25 93
87 90
23 94
17 94
95 80
95 56
95 51
95 13
3 5
47 1
55 36
13 4
86 44
1 44
37 19
64 13
53 19
37 6
78 61
64 69
7 2
85 22
85 78
9 91
18 76
47 76
74 71
88 39
77 2
23 34
78 83
21 4
28 14
21 35
93 57
40 70
40 93
91 53
1 57
22 84
49 56
70 77
87 54
35 82
63 28
60 86
7 77
53 88
53 74
35 42
12 27
