5
91
76
20
25
48
100
80 70
2 99
75 99
0 99
70 99
23 99
63 99
0 49
79 99
10 99
41 99
0 29
95 98
97 98
4 98
33 98
71 98
27 98
16 98
82 98
0 96
0 8
31 10
0 66
0 45
0 19
46 16
73 63
79 10
0 74
71 10
0 87
0 54
0 4
49 16
0 57
83 10
0 65
16 10
41 10
69 10
81 63
0 86
0 3
58 10
7 10
90 10
63 10
92 53
92 44
92 68
92 94
81 38
55 38
51 38
55 26
84 38
90 38
59 38
26 38
2 38
92 87
44 28
88 28
92 11
92 79
92 13
92 12
92 19
16 28
9 28
16 30
16 15
89 28
16 47
37 23
65 28
37 18
37 21
37 24
37 86
37 59
61 28
85 28
37 79
72 23
37 11
37 14
37 27
72 28
72 4
59 28
72 83
72 74
4 28
23 28
72 8
47 28
72 93
41 28
