0
100
0 99
51 99
75 99
91 95
75 95
18 25
32 25
21 25
16 25
56 25
26 25
8 25
19 25
81 25
82 25
0 25
14 25
76 25
74 25
87 25
85 25
39 25
66 25
37 25
79 25
48 25
88 25
59 25
31 25
58 25
29 25
40 25
54 25
51 25
10 25
6 25
3 25
46 25
77 25
71 25
69 25
80 25
94 25
91 25
50 25
61 25
72 25
43 25
86 25
83 25
13 25
53 25
38 25
35 25
78 25
33 25
5 25
30 25
27 25
28 25
22 25
20 25
93 25
75 25
73 25
45 25
70 25
67 25
68 25
65 25
62 25
17 25
60 25
57 25
11 25
12 25
9 25
52 25
23 25
4 25
1 25
2 25
15 25
24 25
49 25
92 25
63 25
89 25
90 25
44 25
41 25
42 25
84 25
55 25
64 25
36 25
7 25
34 25
49 47
39 47
