0
91
82 44
0 2
44 99
90 99
45 25
38 99
76 94
0 20
29 25
5 25
24 23
45 32
82 72
31 32
7 35
0 1
0 76
22 21
4 92
8 21
77 55
3 81
92 95
42 89
3 69
3 1
93 43
91 92
3 2
3 29
3 84
10 7
10 22
20 17
9 27
10 5
74 18
39 40
44 40
39 34
63 84
88 54
6 2
2 62
46 42
9 42
70 42
16 4
17 22
17 6
17 16
68 56
17 24
5 20
77 20
67 66
2 1
4 1
13 86
41 45
76 1
24 80
75 65
27 33
15 18
14 22
50 54
11 59
11 8
2 18
12 73
28 29
4 2
4 22
9 58
5 12
8 37
8 7
78 68
8 78
81 27
82 57
29 24
48 45
62 24
53 65
19 29
7 6
61 62
87 65
71 66
