0
96
0 58
42 54
42 94
42 19
76 5
97 49
97 96
8 49
27 25
27 34
27 48
27 10
93 95
93 70
25 58
28 35
28 84
28 45
69 20
69 60
69 26
69 7
69 48
58 64
58 44
71 30
71 52
71 14
65 48
65 78
23 62
23 66
23 46
23 43
38 32
38 68
4 39
4 77
4 89
49 20
49 63
49 10
49 66
82 13
7 79
50 2
50 87
78 35
54 1
54 96
78 34
21 18
10 59
10 99
73 44
77 18
45 15
1 74
1 6
40 33
40 13
40 18
30 75
17 92
30 68
17 52
17 46
17 29
81 89
24 12
55 64
20 52
31 84
31 94
91 11
72 26
68 98
16 92
18 29
85 99
74 29
22 99
59 99
18 41
59 12
18 11
35 98
37 94
22 64
84 64
84 75
53 89
85 36
46 34
12 57
86 79
