0
100
0 5
0 7
0 4
0 1
0 2
0 3
0 6
0 8
94 99
98 99
92 99
96 99
91 99
95 99
90 99
93 99
9 3
9 16
9 11
9 10
9 13
9 15
9 5
9 18
9 14
9 8
9 17
9 2
9 7
9 12
9 4
9 6
8 15
1 7
8 5
8 6
8 14
1 6
1 2
8 16
8 4
8 2
1 10
8 17
8 10
1 3
8 11
8 7
1 4
8 3
1 5
8 13
90 97
88 97
94 97
89 97
95 97
91 97
98 97
93 97
96 97
84 92
98 92
85 92
93 92
90 92
83 92
86 92
96 92
87 92
95 92
91 92
89 92
88 92
93 94
95 94
88 94
90 94
96 94
98 94
89 94
91 94
86 94
87 94
84 85
86 85
89 85
83 85
81 85
78 85
76 85
88 85
77 85
91 85
90 85
87 85
82 85
80 85
93 85
71 79
