5
7
41
60
69
33
100
16 90
51 97
0 43
0 18
90 97
0 56
0 17
0 38
0 68
0 79
59 97
82 97
0 31
40 97
88 97
1 97
42 97
0 27
31 97
3 97
0 74
0 89
48 97
51 76
18 97
25 73
76 97
0 24
0 13
27 21
10 97
0 46
21 97
48 9
0 16
91 97
0 5
96 97
0 92
0 62
0 96
0 94
0 36
0 93
0 91
44 97
0 19
0 95
0 53
24 97
0 11
0 26
0 58
71 61
75 12
75 14
75 20
75 36
75 71
9 97
75 86
53 97
75 18
25 97
15 97
75 76
75 38
75 46
42 62
75 5
61 97
75 42
62 97
16 97
75 70
75 28
75 95
47 97
32 97
37 97
75 57
75 63
75 58
75 96
75 89
75 66
75 80
75 15
75 61
75 2
75 62
42 66
75 22
15 66
63 66
24 59
94 66
24 14
24 64
90 66
