0
100
82 36
0 99
0 50
24 12
57 99
36 99
10 67
20 99
40 67
32 72
0 82
85 81
0 22
27 33
88 3
88 35
47 72
0 2
0 24
77 72
27 4
77 84
70 14
0 47
58 63
76 80
34 35
72 99
0 27
33 61
77 76
4 93
77 32
0 87
92 3
67 99
92 99
61 99
90 10
38 2
41 4
0 15
54 88
35 99
41 74
0 44
0 77
23 95
20 12
90 22
0 20
0 79
64 76
30 2
0 41
68 40
0 8
0 85
0 92
93 37
65 32
29 74
69 99
12 74
2 3
15 70
45 32
0 68
37 99
0 72
12 99
11 97
89 74
0 51
66 97
12 43
0 42
47 37
66 43
32 3
56 74
28 4
46 5
0 29
95 47
3 99
63 13
53 85
12 30
66 57
22 99
55 34
12 95
0 53
39 54
57 74
46 40
49 99
6 96
34 99
