5
95
31
46
88
82
77
97 99
94 93
55 70
93 99
0 1
0 6
96 98
97 98
71 70
0 27
94 69
84 69
87 68
0 24
50 51
49 86
49 48
40 39
41 97
41 48
42 43
29 28
29 30
25 5
25 26
22 33
22 21
57 56
57 63
2 1
58 59
17 18
17 16
54 67
66 67
84 67
7 34
7 8
6 9
5 71
59 73
4 3
74 73
61 62
78 73
72 73
61 60
16 15
61 32
52 19
53 74
55 3
56 76
34 43
37 59
38 66
94 71
13 14
45 71
64 72
78 45
76 20
85 86
92 10
20 21
3 2
97 96
89 60
47 10
63 3
19 59
11 10
81 47
91 96
91 90
77 78
64 63
