0
100
46 66
0 68
0 11
0 63
0 46
0 62
16 99
1 15
0 52
0 93
0 55
57 21
67 80
75 99
0 48
0 57
0 83
71 84
51 99
0 2
36 15
72 83
96 41
18 30
0 71
4 99
57 24
83 7
14 6
94 85
0 64
7 12
84 99
61 83
15 99
0 18
89 42
38 92
12 99
5 99
0 51
36 99
0 5
0 21
0 60
36 97
0 61
0 38
83 13
32 99
37 99
97 99
23 99
39 99
0 45
29 98
92 99
80 99
72 64
0 91
2 99
95 99
89 30
0 87
72 73
58 99
32 26
9 99
30 99
52 55
42 99
0 58
4 54
32 55
74 27
0 29
17 99
11 14
73 55
15 6
1 27
20 99
32 41
0 99
32 97
15 43
11 57
19 7
11 89
0 76
27 99
10 16
6 99
55 99
54 99
26 99
58 87
21 59
66 56
0 15
