5
66
35
60
69
24
100
0 49
0 85
7 96
0 62
0 45
57 96
0 86
0 25
10 89
0 64
0 50
0 57
0 95
0 70
0 14
0 13
0 48
0 82
54 96
0 73
27 96
47 96
0 28
14 96
0 93
0 11
26 91
0 53
0 75
29 96
34 96
58 23
89 96
49 96
0 32
0 26
0 92
0 54
0 22
77 96
0 12
0 5
0 2
33 96
45 96
8 96
50 96
41 96
63 96
20 96
70 96
53 96
32 96
88 96
0 81
19 96
0 20
0 8
64 96
0 79
0 44
0 7
0 55
0 17
0 16
0 63
0 87
0 36
0 52
0 18
0 96
42 96
0 80
0 38
23 96
0 42
0 37
21 96
0 61
0 19
0 9
0 90
0 41
0 77
0 76
0 84
28 96
85 96
0 10
16 96
0 1
0 56
0 71
0 72
0 3
83 96
0 4
0 39
0 65
0 27
