5
71
93
56
28
87
100
90 99
47 99
70 99
0 85
0 49
55 99
0 66
15 6
0 5
0 29
82 99
0 31
0 58
24 99
0 97
0 53
0 76
0 88
6 99
0 51
79 69
0 99
0 34
58 99
0 18
0 70
95 99
0 55
0 36
60 99
0 19
69 99
0 74
22 99
48 99
0 75
66 99
74 99
61 99
98 99
0 57
0 20
0 50
0 72
0 54
0 60
63 99
0 81
0 90
38 99
30 99
0 62
0 92
51 99
75 99
1 17
23 99
1 5
57 99
1 18
86 20
1 61
1 7
17 20
1 86
37 20
5 20
39 20
31 20
1 14
91 20
1 68
96 20
1 51
1 2
1 64
1 31
94 20
1 44
1 50
29 20
1 62
1 22
1 96
1 97
1 11
1 60
94 88
21 20
26 20
84 20
1 70
18 20
1 77
88 20
43 20
1 82
79 20
1 94
1 8
