5
8
60
4
5
28
100
0 18
0 50
0 32
49 89
0 71
0 84
46 99
0 13
22 18
0 48
95 99
0 99
0 74
0 85
88 99
66 99
0 40
0 58
0 43
86 99
0 52
0 94
0 73
0 95
18 99
0 89
64 99
0 82
0 59
0 87
0 55
10 99
0 27
23 99
50 99
0 68
13 99
0 9
56 99
0 83
68 99
0 39
0 35
0 34
0 21
37 99
0 19
0 65
0 63
0 77
0 41
0 11
85 99
0 26
0 54
0 86
0 75
0 56
0 62
0 64
69 99
0 81
0 79
0 90
0 70
0 93
0 69
0 2
0 25
12 99
0 57
0 49
0 92
0 37
0 42
0 53
9 99
0 24
0 3
0 29
0 17
0 76
12 3
0 1
27 99
48 99
0 12
0 36
0 14
0 16
0 72
0 51
0 15
61 99
0 7
0 66
20 99
0 97
0 96
83 99
