5
74
42
38
3
76
100
0 91
29 91
0 33
0 70
0 12
9 13
0 20
34 91
13 91
0 79
0 44
0 89
0 26
0 71
0 21
0 45
46 91
0 78
0 67
0 43
0 80
88 91
82 91
25 91
77 91
0 30
0 29
0 75
27 91
0 58
0 47
0 17
0 15
0 62
18 91
0 81
83 91
0 63
0 66
0 61
47 91
9 91
0 49
7 91
0 52
90 14
0 27
0 68
0 28
14 91
0 24
0 86
0 88
2 59
85 91
0 32
0 48
12 87
0 60
0 34
61 91
0 2
0 50
0 84
37 91
70 91
0 13
87 91
0 54
0 39
80 91
0 19
0 14
0 37
56 91
52 91
60 91
79 91
12 91
0 6
0 11
40 91
0 41
0 72
0 10
62 89
48 91
0 77
84 91
0 5
0 18
0 46
0 56
0 87
81 90
89 91
0 82
44 91
0 31
35 91
