5
81
23
35
31
37
100
0 11
0 1
0 16
7 3
43 54
43 44
43 59
50 46
68 66
68 69
68 82
73 78
68 76
29 36
34 40
21 24
21 25
22 26
83 84
71 84
84 87
84 85
84 88
86 91
86 89
86 90
86 93
86 94
92 88
92 95
92 98
92 87
92 96
92 85
97 91
68 70
68 75
68 67
68 79
73 70
78 84
73 71
73 76
73 67
73 83
82 67
82 66
22 27
28 33
28 29
39 43
41 43
28 24
82 77
82 65
82 69
70 67
70 80
70 74
70 79
71 74
71 65
71 76
71 77
78 67
78 83
78 79
80 84
78 66
78 72
80 69
80 83
80 76
80 72
80 79
75 74
65 74
79 72
79 67
79 83
79 77
66 76
66 74
83 72
83 76
77 84
77 67
77 76
69 74
72 84
74 84
28 30
28 25
32 36
32 34
32 26
27 30
34 38
34 42
36 40
