5
27
10
24
40
94
80
55 99
19 99
83 99
2 95
54 95
78 34
89 5
0 18
0 84
42 90
79 48
42 59
93 14
66 48
23 70
97 14
31 33
96 33
23 2
66 19
20 3
62 38
52 3
75 44
75 71
60 38
59 89
46 65
26 8
7 57
9 28
76 28
7 78
44 35
88 22
45 91
88 70
56 91
29 54
79 93
61 49
68 49
1 15
1 86
90 12
62 32
53 83
53 74
31 72
55 12
11 50
82 21
47 81
87 11
16 71
81 84
37 63
45 43
47 92
16 86
72 63
30 32
80 96
9 35
22 37
18 97
20 41
68 87
36 37
25 6
17 82
25 58
65 73
56 18
80 6
17 78
30 92
51 55
43 30
51 13
