0
100
11 25
38 66
0 49
17 81
67 81
0 56
18 78
15 49
0 62
25 81
0 41
0 20
0 36
5 78
23 75
66 44
44 81
44 1
0 33
65 55
0 25
0 23
0 29
24 5
67 1
24 53
12 75
66 61
78 81
2 55
46 40
76 48
75 81
67 58
49 21
39 36
66 25
54 36
12 72
36 48
24 2
38 48
67 50
16 79
24 66
38 77
55 81
56 48
46 65
12 62
58 52
64 65
33 72
77 65
63 29
47 58
79 81
38 68
21 81
53 65
24 67
14 72
48 81
5 49
37 42
24 63
65 81
43 72
24 12
16 72
45 27
42 72
24 23
24 38
24 4
61 1
51 63
21 52
54 18
24 54
61 54
61 18
27 72
20 53
34 72
11 80
25 5
74 53
11 44
37 64
21 58
75 45
8 55
30 72
6 45
63 72
61 8
21 29
17 74
62 70
