0
100
0 11
0 54
0 48
0 46
0 76
0 24
0 42
0 43
0 23
0 64
0 71
0 25
0 83
0 35
0 17
0 52
0 8
0 40
0 57
0 61
0 90
0 22
0 93
0 65
0 70
0 80
0 78
0 41
0 14
0 85
81 93
41 93
89 93
1 93
65 93
2 93
35 93
18 93
86 93
56 93
4 93
32 93
53 93
51 93
62 93
20 93
46 93
57 93
92 93
75 93
70 93
87 93
26 93
43 93
29 93
77 93
67 93
8 93
12 93
50 93
17 93
49 52
89 52
56 52
8 52
57 52
39 52
24 52
2 52
16 52
11 52
79 52
18 52
27 52
30 52
10 52
59 52
75 52
74 52
62 52
83 52
48 52
92 52
81 52
20 52
41 52
70 52
61 52
63 52
78 52
38 52
15 52
77 52
45 52
32 52
19 52
62 86
30 86
17 86
33 86
