3
73
77
80
73
0 83
0 2
1 3
2 4
3 5
58 60
4 6
5 7
6 8
7 9
59 61
8 10
60 62
9 11
61 63
10 12
11 13
12 14
62 64
13 15
63 65
54 56
64 66
55 57
14 16
15 17
16 18
17 19
65 67
18 20
19 21
22 24
56 58
20 21
22 23
23 25
30 32
24 25
26 27
28 29
26 28
27 29
30 31
31 33
32 33
34 35
36 37
38 39
50 52
46 48
40 42
34 36
35 37
38 40
39 41
41 43
42 44
43 45
44 46
45 47
47 49
51 53
57 59
66 68
67 69
48 50
49 51
52 54
53 55
68 70
69 71
70 72
74 76
