0
100
75 99
68 99
21 91
0 6
0 92
55 42
97 58
47 99
3 34
20 79
42 99
89 32
0 3
0 20
44 57
16 23
0 14
39 57
0 44
57 99
0 22
54 28
58 99
9 34
23 99
18 97
16 67
53 96
32 34
0 99
2 1
11 99
49 69
0 18
33 28
32 82
10 98
96 90
72 82
0 2
49 77
4 53
0 16
44 28
78 12
0 9
57 64
32 96
34 99
5 13
31 99
15 5
38 11
39 71
84 99
0 66
28 99
53 18
59 99
0 39
15 67
61 99
49 38
15 32
0 43
0 80
81 62
67 99
57 79
5 38
50 18
92 21
88 5
15 7
72 80
40 66
64 62
32 63
50 25
26 21
4 11
81 17
97 44
64 66
50 5
49 92
59 79
0 49
50 1
88 81
0 57
10 77
0 61
0 15
79 99
13 38
88 92
87 41
18 99
91 39
