5
92
67
63
33
7
100
27 99
40 99
34 99
41 99
26 99
72 14
0 6
0 27
39 99
90 99
52 99
0 5
16 99
29 99
10 99
0 32
58 59
0 72
0 47
59 99
0 9
0 97
0 24
76 99
19 99
62 99
95 99
0 84
0 44
0 20
96 99
88 99
97 99
25 99
0 29
35 99
57 99
0 43
0 78
69 99
18 99
77 99
0 71
0 74
0 36
0 75
0 77
84 54
0 25
0 12
0 73
0 59
0 53
0 95
0 26
0 70
0 48
0 91
0 88
0 86
31 99
0 35
78 99
0 17
0 89
0 18
0 34
54 99
0 8
0 93
0 81
0 40
65 41
65 79
65 61
65 49
22 99
65 54
65 28
65 4
65 88
65 53
5 99
65 89
65 80
65 93
65 22
65 48
58 50
65 30
65 58
60 99
65 70
65 24
65 32
65 16
20 9
11 99
4 99
9 99
