5
13
37
33
26
86
100
0 1
0 12
0 89
0 11
0 79
0 27
0 19
0 84
50 98
0 87
0 73
0 82
0 97
0 40
0 50
0 90
0 15
89 98
0 16
35 98
0 38
0 48
0 96
0 92
55 98
20 5
0 29
0 21
0 30
8 98
70 98
0 28
0 52
0 35
0 20
0 57
71 98
0 94
0 9
0 44
12 98
0 74
0 3
0 56
0 5
0 68
0 76
0 59
0 14
0 62
76 30
0 6
0 42
0 67
0 75
0 53
5 98
0 8
82 98
0 2
0 63
0 46
0 24
58 98
68 98
0 98
0 81
88 98
30 98
42 98
0 80
10 98
79 98
0 32
0 54
6 98
43 98
0 60
0 51
54 98
34 98
76 98
0 70
0 39
41 98
0 95
0 47
0 72
0 61
0 69
0 77
0 93
61 98
48 98
0 78
0 88
0 36
0 55
0 71
0 43
