0
100
0 85
0 20
0 96
0 37
0 44
0 17
0 19
0 1
0 87
0 91
0 82
0 29
0 22
0 99
0 84
0 57
0 2
0 34
0 12
0 7
0 83
0 77
0 24
0 10
0 38
0 28
0 48
0 67
0 55
0 76
0 16
0 65
0 36
0 35
0 27
0 8
0 6
0 31
0 18
0 66
0 39
0 41
0 43
0 62
0 88
0 89
0 72
0 11
0 93
0 42
0 21
0 25
0 69
0 40
38 99
26 99
17 99
98 99
88 99
59 99
72 99
9 99
53 99
91 99
77 99
56 99
94 99
3 99
5 99
43 99
60 99
2 99
85 99
1 99
45 99
29 99
34 99
40 99
61 99
48 99
64 99
39 99
73 99
15 99
28 99
79 99
80 99
20 99
32 99
62 99
30 99
46 99
78 99
54 99
49 99
36 99
42 99
89 99
41 99
57 99
