5
54
2
7
37
82
100
53 93
23 93
34 93
67 93
0 13
89 93
20 93
81 93
38 93
0 49
84 93
0 19
0 74
0 5
0 14
0 35
0 87
0 36
0 33
0 69
0 11
0 93
17 93
28 93
65 93
0 71
0 52
0 59
0 51
30 93
74 93
0 39
0 44
26 93
79 93
45 93
0 68
83 93
0 90
56 93
0 8
0 67
0 42
0 24
0 40
56 3
0 48
0 86
0 1
0 58
0 15
0 75
0 18
0 17
0 56
0 30
0 57
0 41
0 32
0 16
0 64
31 93
0 9
0 81
91 93
0 83
90 93
3 93
22 93
46 93
0 72
55 93
18 93
0 66
0 63
0 91
0 76
57 93
72 93
36 93
33 93
0 50
69 93
0 22
0 60
9 93
86 93
52 93
21 93
15 93
47 93
0 78
50 93
68 93
0 27
0 12
0 21
0 77
10 93
0 20
