5
75
20
12
10
83
100
79 99
43 89
54 45
4 99
0 34
0 30
0 96
0 48
87 99
0 17
0 70
89 99
0 26
0 68
0 87
0 94
65 41
0 82
0 4
0 99
0 57
0 27
0 22
0 92
0 63
39 99
0 42
0 55
0 8
32 34
25 99
73 99
0 1
0 86
0 50
45 99
0 32
0 25
0 74
0 40
0 81
0 73
0 62
24 99
0 41
6 99
0 61
0 69
53 99
0 64
59 99
34 99
5 99
96 99
42 99
51 99
97 21
55 99
43 99
22 99
90 99
21 99
0 78
0 33
0 72
0 19
65 7
81 99
41 99
65 71
7 99
15 99
71 99
31 99
32 99
47 99
19 99
23 99
0 46
92 99
0 79
33 99
14 99
0 5
77 99
0 31
2 99
91 99
71 58
0 56
84 99
0 18
0 36
86 99
0 89
13 99
51 26
0 95
0 77
0 35
