5
11
31
8
73
40
100
23 84
25 84
71 84
0 13
0 14
0 29
17 84
0 36
0 12
0 18
0 62
0 22
0 16
1 84
0 79
0 35
0 10
0 34
0 80
0 24
48 84
15 84
0 53
43 84
0 56
0 59
0 23
0 33
0 55
0 64
0 42
0 51
0 4
83 84
21 84
61 84
74 59
74 4
74 50
74 24
74 43
60 84
36 84
74 44
74 77
20 84
74 39
74 56
75 84
74 62
74 15
74 61
74 34
74 53
74 64
74 72
74 51
74 37
74 76
74 83
64 84
74 81
74 17
74 66
74 52
74 55
74 57
74 46
74 80
74 65
74 63
74 20
71 28
71 25
24 84
65 33
68 84
80 84
63 84
18 5
76 84
71 13
5 33
71 55
50 84
24 7
33 84
71 65
71 37
71 24
71 21
71 76
56 84
71 44
71 29
71 12
79 84
71 20
13 84
55 84
