5
24
64
85
75
65
100
0 83
0 39
11 95
31 95
0 62
0 22
0 63
61 95
3 95
0 58
52 95
57 95
0 13
0 37
62 95
70 95
74 95
16 95
47 79
0 14
44 95
0 76
13 95
1 79
0 53
0 78
0 90
0 11
0 69
0 31
0 26
14 95
0 9
0 74
77 95
0 89
0 50
0 48
0 3
0 45
0 68
0 73
79 95
0 95
25 95
68 95
76 95
0 12
0 5
0 38
0 8
0 52
41 95
0 49
28 95
78 95
0 59
21 95
0 92
0 19
17 95
0 15
0 91
0 57
0 88
0 40
0 71
45 95
0 70
0 41
66 95
0 94
0 54
0 72
0 28
0 23
20 95
0 84
0 87
32 95
0 44
0 56
0 21
0 35
73 95
0 43
58 95
0 32
51 95
0 18
55 95
0 4
0 86
0 17
67 95
0 7
92 95
0 47
0 67
0 34
