5
96
51
45
70
13
80
41 99
58 99
0 98
0 7
78 99
64 99
0 18
0 84
40 25
80 33
80 5
32 10
32 3
32 74
32 64
35 16
1 17
1 22
1 19
98 3
14 41
37 31
90 31
56 30
61 21
14 83
14 25
11 65
90 65
15 24
42 24
63 56
38 73
72 73
53 83
63 22
15 10
17 34
78 9
78 57
78 52
11 15
69 91
87 5
33 64
11 47
64 6
64 86
18 3
50 26
62 2
29 90
54 49
68 63
76 12
18 27
61 71
50 63
41 54
38 67
95 62
94 28
19 84
19 97
91 8
39 74
95 55
92 97
92 60
39 84
39 92
77 8
68 44
97 59
58 38
92 38
76 85
46 97
44 8
46 85
