0
100
0 72
0 57
0 51
0 11
0 14
0 22
0 50
0 37
0 75
0 95
0 7
0 4
0 32
0 24
0 84
0 46
0 88
0 42
0 18
0 5
0 19
0 9
0 85
0 13
0 66
0 30
0 89
0 98
0 40
0 67
0 49
0 82
0 41
0 17
0 86
0 80
0 21
0 60
0 47
0 45
0 52
0 34
0 61
0 77
0 96
6 19
6 63
6 14
6 95
6 94
6 71
6 43
6 50
6 37
6 66
6 39
6 15
6 18
6 21
6 56
6 70
6 41
6 67
6 27
6 99
6 85
6 60
6 74
6 36
6 90
6 34
6 49
6 3
6 68
6 91
6 26
6 32
6 76
6 87
6 44
6 57
6 83
6 8
6 96
6 84
6 10
6 98
6 48
6 75
6 92
6 62
6 77
6 80
6 38
6 30
58 40
58 61
58 67
58 85
58 48
