0
100
10 99
75 99
62 99
13 99
85 99
35 99
57 99
36 99
14 99
84 99
42 99
56 99
82 99
63 99
26 99
17 99
24 99
43 99
67 99
50 99
28 99
22 99
46 99
7 99
30 99
93 99
80 99
90 99
92 99
29 99
97 99
1 99
74 99
31 99
98 99
25 99
4 99
70 99
15 99
68 99
51 99
66 99
37 99
33 99
59 99
49 99
5 99
32 99
76 99
81 99
2 99
45 99
69 99
96 99
11 99
83 99
41 99
23 99
89 99
16 99
3 99
91 99
47 99
6 99
53 99
55 99
19 99
0 39
0 33
0 6
0 57
0 48
0 27
0 16
0 60
0 69
0 95
0 61
0 98
0 5
0 56
0 29
0 23
0 70
0 52
0 42
0 93
0 11
0 18
0 8
0 28
0 22
0 43
0 96
0 78
0 92
0 86
0 89
0 25
0 75
