0
100
44 64
47 67
0 32
76 73
0 1
2 15
0 76
0 21
61 67
0 14
15 79
0 54
64 79
28 79
67 79
0 40
31 34
20 39
16 58
5 79
0 59
61 43
13 79
44 8
48 79
0 16
0 70
40 69
15 20
0 61
69 8
0 17
0 15
64 20
28 50
64 2
64 28
64 73
70 54
58 79
48 50
78 76
64 70
44 79
38 45
25 49
32 38
64 25
8 79
75 5
32 71
2 79
10 79
60 59
38 19
13 40
64 32
64 75
64 11
52 58
68 19
57 3
33 25
50 8
34 74
52 50
78 25
52 68
56 27
65 19
18 25
52 70
52 57
77 19
52 56
4 17
40 59
25 59
37 44
55 65
30 76
12 27
71 19
55 61
54 1
52 37
47 60
19 59
47 38
55 26
12 9
27 72
52 15
74 59
52 53
55 43
55 5
55 35
55 37
74 2
