5
66
46
8
92
9
100
81 99
20 99
23 99
0 12
77 99
53 99
35 99
95 99
36 99
1 96
0 88
0 11
12 99
89 99
87 60
76 99
0 83
0 69
63 99
60 99
0 1
0 28
6 99
21 16
0 82
0 21
47 99
59 99
0 14
0 72
71 99
0 74
0 20
45 99
22 99
0 34
0 62
73 40
0 57
0 47
51 99
0 87
37 99
40 99
0 65
91 99
97 99
52 99
0 18
0 75
90 5
19 74
21 99
0 24
0 55
0 68
0 97
98 99
5 99
0 15
0 85
0 53
0 19
33 99
0 36
0 80
74 99
65 99
78 99
0 6
0 56
0 33
0 43
0 70
0 94
0 10
0 22
19 99
0 31
68 99
96 16
0 51
16 49
83 99
49 99
0 90
0 17
76 29
42 52
63 29
20 29
21 29
42 24
96 29
62 29
7 29
42 70
42 76
42 85
84 29
