5
97
94
34
72
66
100
0 54
21 99
41 99
36 58
56 99
0 24
4 99
74 99
0 14
0 46
8 99
0 27
0 6
0 3
0 8
0 31
0 2
0 99
81 99
0 42
0 13
70 99
52 49
0 69
37 99
0 15
0 91
2 99
39 9
0 59
52 99
0 51
0 4
49 99
92 99
33 99
0 10
9 99
0 39
0 25
0 85
0 52
0 33
24 99
0 79
0 29
33 30
28 99
22 99
0 76
0 71
0 55
53 99
4 7
0 60
30 99
86 99
0 19
0 64
53 7
0 77
0 98
82 99
41 78
0 44
0 50
0 17
0 81
7 99
60 99
83 99
0 65
21 98
78 99
27 99
0 5
38 99
0 9
0 92
0 74
0 1
38 3
11 61
0 53
0 22
0 26
0 37
32 99
3 99
15 99
16 99
58 79
63 99
71 99
75 38
0 90
46 99
0 21
61 99
0 20
