5
6
71
69
49
36
100
0 89
4 89
0 25
66 89
0 28
0 80
0 66
65 89
42 89
35 56
0 73
78 56
2 56
67 56
4 38
0 86
31 38
87 38
0 82
57 38
48 38
53 38
75 38
20 38
0 40
77 38
9 46
0 85
31 85
10 85
11 85
0 27
0 35
78 58
78 57
78 1
78 20
78 40
78 31
78 55
78 47
83 60
83 27
83 28
83 32
83 11
83 35
83 12
47 76
47 62
63 68
63 26
76 1
48 52
74 77
33 85
1 85
60 55
77 85
4 55
48 86
48 5
16 55
48 8
2 55
48 44
48 74
60 51
81 9
81 40
81 8
81 37
28 1
81 86
42 51
19 51
28 37
28 7
28 27
68 1
28 76
28 44
28 5
77 31
1 51
26 51
77 18
19 59
54 51
87 59
77 80
18 1
2 1
82 80
4 80
43 80
22 39
25 39
10 23
10 37
