5
49
69
58
60
10
100
0 14
21 73
0 73
0 55
0 33
0 39
5 73
7 73
0 15
70 55
0 56
0 27
68 73
0 41
0 32
0 24
3 73
0 50
0 70
0 31
0 53
20 73
71 73
13 73
0 52
0 3
62 73
1 73
9 73
8 73
15 73
59 73
0 21
0 54
67 73
0 35
40 73
43 73
63 73
23 73
0 68
47 73
7 46
51 26
0 48
55 73
45 73
50 73
46 73
35 73
57 73
25 73
28 73
11 73
19 18
0 2
16 73
18 73
72 73
27 73
31 73
2 73
65 73
48 73
0 8
19 73
24 73
34 73
0 51
53 73
22 73
0 20
11 66
0 4
0 64
26 73
29 73
0 71
0 17
0 19
0 36
0 61
38 73
44 73
0 25
37 73
0 66
0 44
50 6
56 73
0 23
5 14
70 73
42 6
39 73
14 73
30 73
41 73
36 73
42 73
