0
100
0 30
0 66
0 16
0 42
0 31
0 1
0 46
0 4
0 7
0 2
0 12
0 24
0 18
0 56
0 59
0 41
0 19
0 5
0 58
0 35
0 51
0 26
0 70
0 9
0 50
0 68
5 79
8 79
41 79
49 79
26 79
29 79
71 79
24 79
46 79
57 79
31 79
58 79
69 79
2 79
43 79
65 79
36 79
77 79
17 79
73 79
15 79
44 79
78 79
1 79
64 79
38 16
76 16
11 16
71 16
57 16
47 16
13 16
74 16
49 16
43 16
73 16
3 16
18 16
12 16
60 16
65 16
36 16
51 16
2 16
44 16
22 16
28 16
58 19
53 19
40 19
68 19
59 19
67 19
20 19
33 19
17 19
4 19
57 19
49 19
63 19
26 19
11 19
3 19
43 19
9 19
74 19
39 19
56 19
34 19
8 19
21 19
47 19
28 69
61 69
