5
81
27
37
75
12
100
69 99
0 22
0 62
71 99
0 5
0 83
0 90
0 17
19 78
0 69
0 65
33 99
19 5
41 99
0 82
0 7
0 32
0 63
9 99
34 99
0 60
0 28
0 79
0 89
0 19
0 53
78 99
0 42
0 88
0 14
94 99
38 99
5 99
0 58
0 96
0 91
53 99
0 92
0 78
0 11
57 84
0 9
49 99
0 57
0 3
0 10
0 87
85 99
73 99
0 98
0 49
54 99
35 99
84 99
0 36
0 26
51 99
86 99
70 99
66 99
88 99
26 60
61 99
42 99
76 99
43 99
28 99
59 99
2 99
86 95
0 23
0 6
0 99
56 49
0 4
0 18
96 99
0 54
0 50
0 56
0 44
0 76
0 74
0 84
95 99
0 61
0 40
0 52
0 45
0 21
0 73
23 99
0 66
14 99
18 99
30 99
0 55
87 99
44 99
0 24
