5
89
85
44
62
75
99
0 81
0 93
38 99
0 66
0 17
87 38
87 30
26 99
35 99
73 99
96 99
93 25
93 14
93 54
32 73
32 50
97 99
15 99
13 64
36 80
72 80
66 78
95 78
20 27
38 70
74 70
13 37
18 52
47 83
18 60
18 8
63 12
21 25
43 79
90 20
76 79
21 38
23 52
23 60
11 84
97 36
10 40
34 56
29 63
30 15
38 56
51 45
39 65
91 66
58 46
38 1
55 46
72 4
90 39
3 71
72 67
72 33
72 69
4 95
31 22
68 53
82 52
37 35
58 91
57 77
57 25
33 50
19 4
98 34
72 9
72 11
82 33
58 49
59 47
60 16
3 29
94 51
19 88
30 7
64 11
26 51
26 81
57 41
64 81
82 51
64 90
31 88
31 69
7 9
7 61
69 68
43 90
98 5
98 36
42 67
92 11
88 14
9 5
88 67
