0
100
29 59
45 23
27 59
31 59
30 47
14 42
12 59
13 59
47 59
40 5
27 6
13 5
11 25
6 25
48 25
34 10
12 55
14 10
20 50
12 52
0 3
51 36
27 3
0 32
0 27
13 23
0 34
50 25
13 20
52 25
35 25
45 17
52 55
20 17
13 30
14 57
45 8
56 9
17 55
45 14
45 13
20 43
38 22
46 9
19 22
21 9
36 14
29 22
33 11
6 26
41 52
33 20
38 6
15 11
15 31
15 12
56 52
15 37
28 37
41 21
10 52
19 3
7 28
56 21
41 19
14 52
17 32
42 30
51 32
19 37
1 30
3 32
6 37
32 30
37 30
51 6
14 21
40 21
29 21
12 24
34 43
44 43
24 43
28 43
32 57
2 57
31 28
17 19
53 27
58 27
12 27
53 12
32 27
56 58
56 53
56 46
12 19
26 19
56 3
58 19
