5
74
67
15
25
9
100
0 97
0 2
42 99
0 52
0 36
0 13
0 5
0 98
0 32
23 99
85 99
0 54
0 29
0 11
0 81
0 93
0 8
4 99
0 63
22 99
0 23
0 59
0 38
44 99
0 51
0 75
18 99
0 95
0 31
49 99
2 99
0 58
0 35
34 99
55 99
32 99
54 99
0 84
0 56
0 27
39 99
41 99
0 10
71 99
0 26
86 99
72 99
0 78
0 49
0 19
0 65
0 88
16 99
0 99
0 42
0 48
0 68
29 99
83 99
27 99
69 99
48 99
0 7
90 99
0 34
0 37
50 47
24 99
0 20
0 90
0 79
0 3
96 99
47 99
0 87
0 92
0 21
0 33
0 66
0 57
0 64
0 62
0 96
0 43
12 99
28 99
50 99
0 53
45 99
35 99
10 99
73 99
79 99
94 99
13 99
93 99
6 99
0 44
0 85
0 80
