5
34
31
63
97
32
100
55 99
22 99
95 99
0 35
90 99
0 62
76 7
0 55
84 99
40 99
9 99
7 99
0 16
0 51
0 43
71 99
0 87
0 45
0 59
0 60
0 74
8 99
0 76
0 57
87 99
0 5
20 99
0 77
15 99
18 99
0 10
69 99
0 23
0 30
0 65
19 99
0 54
21 99
0 95
0 79
16 99
0 36
0 82
33 99
0 26
24 99
67 99
57 99
3 99
74 99
0 84
0 72
0 44
17 99
0 81
0 52
51 99
0 80
0 39
0 93
48 99
94 99
80 99
0 90
76 99
0 53
0 88
0 56
0 12
77 99
0 47
0 21
98 99
14 99
60 99
0 71
49 99
39 99
0 96
0 86
0 68
64 99
0 2
0 22
81 99
78 99
56 99
36 99
86 99
0 83
0 19
0 91
79 99
28 99
0 37
0 20
0 24
0 89
0 48
6 99
