0
100
5 99
18 99
24 28
61 99
35 28
93 99
25 28
37 99
6 28
35 99
98 99
19 99
95 28
12 28
41 99
97 28
20 28
21 28
2 99
54 99
60 28
62 28
14 28
39 99
67 99
38 28
96 99
44 99
40 99
54 28
15 99
65 28
11 28
26 99
74 99
22 28
13 99
68 28
22 99
21 46
1 46
5 46
97 46
55 46
60 46
29 46
25 46
30 46
44 46
84 46
83 46
73 46
57 46
80 46
70 46
19 13
57 13
92 13
36 13
21 13
79 13
68 13
80 13
72 13
76 13
89 13
18 13
22 13
66 13
47 13
55 13
71 13
91 13
85 13
16 13
76 45
91 45
69 45
40 45
54 45
79 45
30 45
89 45
96 45
31 45
67 45
43 45
24 45
29 45
70 45
52 25
81 25
72 25
78 25
79 25
26 25
22 25
27 25
51 25
60 25
