5
81
89
48
75
69
100
65 99
28 99
45 99
31 99
58 99
80 99
46 99
0 99
39 24
0 41
0 84
0 63
0 12
0 67
0 30
0 39
0 83
0 28
0 68
38 99
0 32
0 33
0 17
0 13
0 8
0 62
0 3
0 65
0 76
0 77
0 22
0 37
27 1
67 99
0 14
0 16
41 99
1 99
0 44
95 99
0 43
0 35
0 42
55 99
0 73
0 70
0 56
0 36
64 99
3 99
0 7
9 99
87 99
54 99
44 99
92 99
63 99
45 15
30 20
50 99
0 26
19 99
0 96
34 15
0 74
53 99
15 99
0 66
68 99
84 99
0 29
0 98
0 10
8 99
24 52
0 27
0 6
0 2
0 45
0 57
88 99
0 91
0 23
13 99
78 99
33 99
52 99
2 99
35 99
0 82
29 99
0 58
0 93
34 99
0 11
0 46
0 72
0 21
0 1
26 99
