5
21
31
12
7
17
100
6 99
22 99
79 99
48 99
27 99
78 99
61 99
0 95
0 6
14 99
0 97
0 62
0 2
39 99
0 14
91 36
0 35
66 99
0 96
22 20
0 84
16 99
0 79
0 19
80 99
0 64
81 99
36 99
0 38
75 99
20 99
72 99
82 99
0 51
0 10
0 86
25 76
0 92
0 71
0 49
0 37
0 77
0 93
76 99
0 23
73 99
0 43
98 99
4 22
28 99
23 99
0 74
10 99
38 99
49 99
85 70
0 20
0 13
63 99
0 76
70 99
98 56
0 99
0 68
0 24
0 85
0 72
65 99
0 94
0 30
0 82
0 1
60 99
0 46
0 48
0 28
96 99
89 99
0 15
25 99
0 54
0 67
0 88
30 99
35 99
0 57
0 56
45 99
0 98
33 99
97 99
0 27
66 11
32 99
57 2
11 99
0 26
0 75
0 59
47 99
