5
17
42
68
20
44
100
19 97
3 97
11 97
0 31
0 37
81 97
0 25
0 16
31 55
0 11
92 97
0 64
76 12
0 14
0 45
0 38
0 52
0 8
93 79
0 87
0 28
0 10
0 51
63 97
0 59
35 52
30 97
55 97
0 54
0 75
12 97
0 27
0 26
0 93
0 22
64 97
0 76
79 97
0 24
80 97
11 5
49 97
0 9
83 97
52 97
5 97
0 21
0 43
92 50
39 97
70 97
84 97
14 97
92 94
10 97
53 97
71 97
92 75
47 97
92 37
16 97
56 97
63 48
92 58
92 88
92 95
33 48
57 48
92 14
92 93
73 48
92 70
92 69
92 60
32 48
51 48
92 12
78 48
92 24
19 48
92 18
92 31
37 48
92 22
79 48
92 54
92 81
93 48
3 48
56 48
87 48
25 48
92 78
38 48
92 1
16 13
4 13
35 22
92 55
92 49
