5
90
6
36
34
46
100
0 80
0 99
0 53
0 79
52 99
0 76
0 72
0 30
0 12
0 24
0 8
0 70
0 82
0 20
0 66
0 10
0 49
0 19
0 85
0 61
0 93
0 33
92 99
0 48
45 99
44 99
18 95
60 78
64 99
95 99
0 3
0 69
0 56
0 38
0 83
78 99
0 21
0 89
0 81
0 57
58 99
0 26
0 40
0 16
0 52
0 27
0 23
0 58
0 43
0 88
0 86
0 77
0 50
0 45
0 22
41 99
0 25
0 95
0 91
0 98
0 29
0 71
82 99
96 99
0 41
0 92
0 17
0 1
0 97
67 99
0 35
0 59
0 5
0 74
0 62
69 99
23 99
24 99
37 99
0 39
0 9
0 84
21 99
0 94
98 99
66 99
0 13
0 42
16 99
26 99
0 37
0 18
0 44
0 2
0 51
0 60
0 11
0 55
0 32
0 31
