0
100
26 99
69 21
42 99
26 78
54 73
28 99
48 92
69 76
0 49
0 17
0 69
44 99
71 53
44 92
28 39
26 27
28 35
47 78
16 76
71 80
73 99
92 38
58 68
50 24
0 89
26 15
9 24
57 67
0 28
47 59
92 19
0 26
10 31
78 99
9 79
12 99
0 92
0 44
57 68
29 25
47 84
0 9
38 99
36 27
25 99
52 97
72 27
29 99
68 99
0 47
81 86
52 32
24 27
12 39
71 89
11 99
11 27
37 55
52 98
95 91
56 19
48 76
13 55
52 74
48 37
27 99
95 23
66 30
81 51
55 99
23 91
0 99
15 76
82 99
15 72
0 52
76 89
0 95
13 96
65 99
86 99
0 56
91 99
61 51
13 20
0 81
36 11
40 41
51 99
49 50
24 96
45 37
0 3
89 99
0 13
29 36
52 42
79 96
34 94
48 49
