0
98
98 99
1 2
0 99
49 50
50 51
2 3
51 52
3 4
52 53
4 5
53 54
5 6
54 55
6 7
55 56
7 8
56 57
8 9
57 58
9 10
58 59
10 11
59 60
11 12
60 61
12 13
61 62
13 14
62 63
14 15
63 64
15 16
64 65
16 17
65 66
17 18
66 67
18 19
67 68
19 20
68 69
20 21
69 70
21 22
70 71
22 23
71 72
23 24
72 73
24 25
73 74
25 26
74 75
26 27
75 76
27 28
76 77
28 29
77 78
29 30
78 79
30 31
79 80
31 32
80 81
32 33
81 82
33 34
82 83
34 35
83 84
35 36
84 85
36 37
85 86
37 38
86 87
38 39
87 88
39 40
88 89
40 41
89 90
41 42
90 91
42 43
91 92
43 44
92 93
44 45
93 94
45 46
94 95
46 47
95 96
47 48
96 97
48 49
