5
48
81
93
58
8
79
0 42
11 23
11 75
11 40
18 92
55 37
79 39
15 99
55 44
82 63
55 36
55 24
55 5
5 46
5 64
19 80
72 96
72 60
72 73
62 99
49 45
4 39
49 98
65 63
44 94
44 51
89 34
1 99
39 99
86 99
70 78
41 34
36 50
43 31
62 31
52 38
28 38
71 94
71 95
34 33
88 33
67 27
1 27
26 27
29 15
14 9
97 16
67 6
25 56
94 10
61 64
42 15
79 61
29 2
26 10
29 53
84 17
84 86
35 3
75 13
30 46
45 32
14 65
14 94
68 95
90 3
42 69
51 25
60 46
62 25
60 37
3 4
28 2
51 57
80 13
92 34
43 3
43 32
54 70
