0
92
45 42
45 59
58 41
43 54
24 39
26 38
60 79
66 79
72 76
24 34
22 29
60 61
27 39
24 21
39 38
24 37
36 38
33 25
22 27
31 21
23 27
32 33
39 36
26 28
23 20
32 20
34 20
39 28
24 30
22 23
37 23
32 31
26 31
72 61
78 76
78 79
72 60
49 44
40 54
43 51
47 42
40 59
52 40
49 48
49 43
49 56
53 44
49 50
52 43
48 46
40 46
75 79
66 61
73 63
66 76
78 60
63 79
66 71
72 62
78 68
75 61
64 79
72 67
71 79
66 69
76 79
72 78
69 79
72 66
72 65
71 74
62 61
74 67
71 69
70 67
77 69
64 69
70 74
64 74
77 62
65 64
63 76
65 71
65 77
63 71
77 64
60 62
70 62
73 78
60 64
70 76
73 70
