0
100
0 28
0 87
0 58
0 15
0 62
0 18
0 41
0 70
0 48
0 73
0 50
0 88
0 4
0 35
0 36
0 74
0 80
0 21
0 1
89 61
89 62
89 51
89 93
89 27
89 12
89 45
89 17
89 13
89 6
89 53
89 2
89 69
89 50
89 90
89 86
89 88
89 71
49 1
49 63
49 40
49 13
49 50
49 21
49 87
49 58
49 18
49 28
49 80
49 53
49 36
49 51
32 18
32 67
32 25
32 41
32 58
32 15
32 53
32 82
32 29
32 34
32 31
32 86
32 56
32 24
32 55
32 23
32 17
32 92
57 24
44 83
57 82
57 45
57 51
44 41
57 54
44 66
57 53
57 88
57 52
57 38
57 86
57 7
44 52
57 59
44 56
57 34
57 29
44 30
57 72
44 20
57 1
44 7
44 42
57 92
44 12
57 78
57 9
57 65
57 48
