5
23
60
82
40
58
100
50 93
0 3
0 52
0 36
78 93
0 41
0 8
0 16
51 93
80 93
0 20
0 79
0 67
0 73
0 22
0 33
31 93
0 61
39 93
0 77
18 93
0 83
0 38
0 6
14 81
21 93
67 36
0 32
0 53
0 72
0 10
0 64
0 86
0 14
0 92
73 93
0 66
68 93
0 25
0 55
85 93
0 48
15 93
2 27
0 89
52 93
0 51
0 63
0 19
43 93
0 46
0 44
79 93
15 27
92 93
48 93
0 17
0 34
0 49
0 93
27 93
16 93
0 91
36 93
81 93
77 93
0 29
88 93
10 93
0 26
0 65
0 43
0 76
0 50
0 1
0 62
12 30
0 7
12 41
34 93
57 93
12 25
0 75
71 93
0 12
0 85
46 93
41 93
0 69
30 93
91 93
87 93
38 93
85 4
63 93
0 57
0 35
0 78
0 71
0 80
