0
100
7 99
0 37
0 36
89 99
82 64
0 22
0 3
63 28
5 12
1 22
63 80
1 5
63 62
1 4
98 72
26 84
1 63
13 28
67 97
1 77
49 10
26 71
48 41
2 38
8 33
76 45
88 48
2 30
88 59
87 72
50 22
50 36
34 12
50 79
98 21
73 72
50 92
45 70
46 72
82 12
50 53
34 96
50 98
11 8
23 62
59 47
17 11
8 36
13 24
5 8
49 96
13 42
60 89
68 49
21 29
53 40
14 55
58 32
53 30
53 21
95 78
94 85
93 70
19 39
93 46
19 6
56 35
33 57
55 70
85 57
89 75
85 37
6 10
16 12
56 74
56 76
3 20
80 75
51 20
29 32
46 85
46 36
74 90
93 69
56 40
60 35
4 6
48 62
56 82
81 22
19 22
81 18
41 22
56 81
29 6
18 22
18 86
14 15
14 92
42 44
