5
43
94
59
65
67
100
87 99
34 20
0 24
87 49
0 9
6 99
66 99
0 35
0 47
0 50
0 57
80 99
20 99
46 99
0 61
49 99
0 75
0 28
0 46
0 74
0 96
0 81
0 95
88 99
66 70
97 99
78 42
28 99
16 99
0 15
70 99
0 41
69 92
34 42
92 99
68 42
11 42
84 42
23 42
58 42
34 10
69 10
0 91
0 76
0 72
51 5
83 10
79 10
27 10
51 86
51 18
51 80
51 25
51 22
51 57
91 10
51 62
51 60
40 10
51 77
51 11
51 6
51 91
52 10
27 64
33 10
64 10
75 53
75 34
38 39
75 54
7 10
75 32
39 10
18 10
86 10
75 80
85 34
40 89
75 27
75 85
75 6
75 5
64 24
64 33
64 39
64 25
64 45
53 89
64 88
76 89
64 18
12 89
64 14
34 89
3 89
66 89
64 23
64 2
14 89
