0
100
0 1
6 99
0 44
0 31
71 70
49 24
64 98
0 6
0 64
81 73
61 65
80 99
62 72
6 86
75 72
42 99
72 99
0 61
0 87
33 25
88 99
25 99
75 99
23 53
13 2
74 45
98 42
56 2
92 87
86 49
57 6
38 66
98 49
22 45
3 21
16 38
0 17
16 1
0 71
0 51
98 12
52 49
0 13
6 34
12 39
98 2
9 99
12 68
45 53
50 42
12 82
32 25
89 81
98 34
66 53
97 10
15 99
50 51
21 2
85 1
98 27
38 85
4 65
0 92
0 89
12 66
0 98
73 99
0 88
0 28
82 99
7 65
58 87
29 41
53 99
11 66
41 2
94 28
54 22
34 99
11 2
48 90
68 87
42 49
0 12
75 78
80 87
50 63
54 35
11 63
3 97
58 13
3 7
0 29
68 99
58 76
41 66
94 38
78 21
43 99
