5
61
70
55
62
86
100
0 95
0 49
16 83
0 7
81 99
0 32
0 84
0 67
0 76
0 16
47 99
91 83
0 87
0 77
82 99
69 99
0 21
0 29
0 75
0 31
65 83
12 99
0 22
0 58
0 52
83 99
88 99
0 19
0 46
0 1
0 74
0 54
0 42
10 99
25 99
0 18
0 20
45 99
60 99
0 71
0 91
0 10
11 99
48 99
17 99
16 99
29 99
13 99
75 99
97 99
77 99
44 99
44 57
0 99
24 99
58 99
0 45
0 88
0 97
0 44
0 72
15 99
0 83
0 8
0 40
0 51
57 99
0 37
0 65
0 68
41 99
18 99
0 30
0 3
26 99
21 99
5 99
27 98
46 99
3 99
40 99
98 99
0 34
0 89
0 12
29 65
63 99
0 13
0 23
0 36
19 99
0 2
63 10
60 19
0 63
49 73
69 85
27 99
0 6
0 4
