0
100
35 98
92 98
5 98
64 98
83 98
69 98
18 98
46 98
61 98
29 98
6 98
95 98
7 98
13 98
59 98
79 98
93 98
14 98
33 98
11 98
2 98
76 98
47 98
32 98
50 98
90 98
17 98
65 98
60 98
63 98
78 98
80 98
12 98
9 98
22 98
27 98
21 98
26 98
73 98
41 98
55 98
57 98
67 98
68 98
70 98
1 98
39 98
4 98
44 98
0 98
81 98
31 98
74 98
24 98
58 98
36 98
43 98
3 98
97 98
77 98
84 98
23 98
42 98
37 98
10 98
20 98
8 98
54 98
91 98
52 98
94 98
48 98
85 98
28 98
38 98
40 98
87 98
82 98
66 98
49 98
34 98
75 98
56 98
51 98
45 98
16 98
89 98
62 98
96 98
72 98
86 98
25 98
53 98
15 98
19 98
88 98
71 98
69 30
1 30
50 30
