5
10
83
7
24
61
100
0 55
0 76
0 85
0 92
0 20
0 56
9 34
18 95
70 95
82 34
62 95
71 95
0 52
34 95
0 16
31 95
0 72
0 6
0 39
66 95
0 31
0 95
0 21
0 25
0 82
0 38
0 33
0 40
0 53
0 32
0 77
89 95
0 22
56 95
0 17
0 47
0 35
0 87
28 95
0 51
0 13
0 79
0 14
11 95
5 95
40 95
0 49
0 26
0 19
0 29
33 95
59 95
0 58
0 36
13 95
1 95
23 95
6 95
0 91
44 95
0 75
17 95
0 68
0 78
0 5
72 95
60 95
0 86
55 95
0 37
35 95
0 42
90 95
41 95
0 18
0 93
0 81
0 11
0 89
0 65
0 66
57 26
32 95
0 28
91 95
0 45
0 74
0 43
84 95
51 95
26 95
75 95
78 95
63 95
8 95
37 21
80 95
67 66
0 30
0 1
