0
100
0 21
77 52
0 76
0 4
0 92
0 22
21 63
67 15
0 46
0 30
30 70
30 64
71 94
78 99
93 45
23 11
63 99
93 24
93 23
93 83
7 88
52 99
50 99
40 28
32 56
32 64
38 3
90 28
49 72
10 73
12 19
55 28
62 73
15 33
32 24
61 69
32 22
57 96
86 75
32 26
7 46
21 80
80 84
95 91
61 66
95 15
55 54
16 94
24 75
23 75
69 75
40 15
88 97
39 60
22 38
89 60
96 38
6 38
81 17
78 17
42 92
95 80
95 55
40 44
57 26
10 58
56 5
56 10
18 17
92 17
76 17
98 86
19 98
87 81
24 17
15 47
62 3
62 16
49 9
25 82
97 11
52 68
46 17
77 39
18 79
54 90
22 61
18 14
31 11
90 61
58 87
8 11
96 1
8 86
37 84
22 97
52 31
52 22
50 55
88 90
