5
57
23
93
33
58
100
0 6
19 94
84 94
0 4
0 70
0 85
30 94
0 14
65 94
41 94
46 94
0 78
79 94
6 94
67 94
51 94
0 28
53 94
0 65
24 94
68 94
92 94
90 94
85 94
5 94
0 77
17 94
56 94
29 94
87 94
47 94
18 94
28 94
83 94
38 94
10 42
42 94
88 94
0 71
0 91
55 94
75 94
0 94
60 94
0 83
0 46
12 94
0 52
0 35
25 72
0 19
0 31
48 94
0 36
0 73
0 21
71 94
69 94
0 79
0 76
62 94
0 7
0 68
0 47
0 87
0 34
0 42
0 88
11 94
0 63
0 32
72 94
4 94
21 94
0 11
0 82
0 16
0 89
0 51
74 94
0 40
0 24
0 60
0 86
81 94
0 56
2 94
44 94
0 1
37 94
22 94
0 9
86 94
43 94
0 61
30 68
0 62
0 38
0 37
0 50
