0
100
0 83
19 16
60 35
82 95
21 85
45 30
49 95
57 34
30 95
39 42
16 95
53 84
42 31
83 95
19 58
69 56
92 37
5 59
53 89
59 95
36 95
31 95
10 26
76 95
48 74
70 44
92 95
70 65
45 71
53 57
10 13
73 95
0 95
84 95
85 71
93 1
30 38
45 5
9 64
0 4
12 19
38 71
0 66
82 20
74 95
10 9
53 56
11 46
0 10
0 53
50 1
0 92
47 29
69 18
44 95
74 1
20 95
57 11
12 24
0 90
1 95
12 53
55 40
56 95
71 95
57 78
69 77
0 57
78 95
0 12
36 89
11 54
77 95
69 54
25 31
55 35
8 95
50 17
55 46
0 87
0 55
0 36
0 11
49 35
0 93
2 52
35 95
9 89
75 52
50 89
60 78
69 5
56 23
0 45
78 46
81 80
13 60
78 33
88 29
0 50
