5
23
83
34
43
49
100
0 30
0 44
0 2
0 26
0 47
0 63
44 66
0 67
0 56
46 68
46 44
46 96
46 29
5 99
31 20
94 99
13 99
33 99
20 99
46 98
46 6
65 99
7 78
46 17
78 99
39 99
80 1
46 28
46 67
87 77
79 1
87 48
8 1
87 47
37 1
87 61
53 1
91 81
51 1
71 1
29 1
39 12
66 1
54 1
12 48
66 48
89 10
87 16
87 80
87 97
87 53
87 89
87 42
87 40
92 64
92 47
92 53
95 48
90 48
63 48
9 48
19 36
92 18
92 2
92 20
92 30
75 48
44 48
41 36
52 36
52 91
44 36
92 90
32 91
92 11
92 15
97 52
97 14
67 91
64 91
97 24
97 37
22 24
84 91
58 91
22 39
28 91
61 91
61 94
52 94
86 94
22 67
22 30
26 6
25 14
22 13
22 25
22 45
70 94
9 94
