0
100
14 99
81 99
11 99
57 99
5 99
41 99
53 99
15 99
40 99
75 99
50 99
16 99
70 99
32 99
17 99
60 99
65 99
47 99
79 99
91 99
38 99
9 99
67 99
52 99
37 99
59 99
72 99
48 99
61 99
89 99
69 99
92 99
56 99
49 99
73 99
0 99
35 99
62 99
30 99
42 99
58 99
83 99
27 99
86 99
23 99
54 99
55 99
84 99
97 99
28 99
3 99
44 99
24 99
43 99
33 99
39 99
31 99
26 99
8 99
66 99
29 99
94 99
7 99
96 99
34 99
21 99
51 99
6 99
74 99
13 99
88 99
2 99
76 99
45 99
98 99
46 99
82 99
64 99
36 99
85 99
78 99
63 99
4 99
18 99
22 99
71 99
77 99
80 99
68 99
95 99
25 99
93 99
1 99
87 99
10 99
90 99
20 99
19 99
0 80
0 36
