0
100
84 14
0 37
65 99
96 99
0 13
1 62
89 52
87 99
14 99
79 99
0 51
0 84
0 77
48 80
57 99
9 99
55 96
70 99
81 99
12 20
61 56
68 69
65 58
69 99
5 60
32 54
0 87
39 56
73 47
31 35
58 99
2 26
25 43
31 28
94 13
92 76
73 72
78 76
64 43
25 14
92 83
62 99
72 86
13 99
43 99
75 86
46 99
77 99
83 99
0 31
86 99
78 28
90 11
92 39
0 55
0 63
10 99
0 92
24 6
2 41
11 99
44 99
62 54
80 23
16 54
16 36
0 67
64 42
3 53
95 40
64 99
75 14
3 68
46 94
66 40
2 53
36 99
54 99
40 99
46 24
68 42
91 20
46 42
21 99
3 33
26 99
53 99
42 99
3 55
16 1
19 73
22 78
51 77
0 2
60 71
77 61
94 55
93 1
0 60
40 1
