5
62
58
96
88
94
100
0 16
0 79
0 5
0 99
38 99
33 99
0 74
70 53
0 21
98 99
0 66
14 99
53 99
60 99
0 61
0 23
0 70
0 12
0 78
0 95
37 99
63 99
21 99
23 99
0 48
0 98
0 69
0 33
87 99
0 17
28 99
65 99
13 99
0 4
0 81
0 68
0 80
0 92
0 39
0 63
0 37
0 89
0 8
0 29
0 47
93 99
0 22
59 99
0 87
9 99
0 2
1 99
29 99
41 99
0 91
48 99
0 49
43 99
0 75
0 20
0 32
0 64
51 99
0 19
0 6
0 65
0 35
80 99
0 85
0 26
74 99
97 99
0 7
0 11
0 53
0 86
81 99
0 55
4 99
0 59
22 99
85 99
0 43
0 44
72 99
0 9
0 56
0 14
82 99
66 99
0 72
0 40
12 99
69 99
0 3
68 99
0 10
0 25
17 99
11 99
