0
100
54 55
50 53
51 52
0 38
0 28
0 36
20 49
14 49
26 28
20 44
0 17
22 38
7 49
41 49
22 49
20 6
40 9
0 2
11 18
23 12
0 26
10 9
25 6
33 49
42 49
38 49
8 16
9 49
4 19
31 6
16 49
6 49
20 45
44 8
28 49
27 49
20 4
0 14
8 49
22 30
40 2
44 39
14 2
0 40
7 31
14 19
0 11
31 49
2 49
0 49
7 5
22 25
44 37
17 1
40 49
41 48
37 24
48 4
0 44
32 12
14 42
34 24
28 42
30 24
0 22
0 20
42 1
0 34
29 41
46 9
0 37
4 49
1 49
0 7
0 30
10 47
8 28
0 10
27 17
11 49
18 49
6 13
8 39
18 47
5 39
16 18
17 13
25 49
0 8
13 49
47 49
39 49
0 29
44 49
0 48
40 15
0 19
0 21
14 15
16 10
