5
89
97
67
96
26
100
11 99
33 99
0 15
0 9
27 99
49 99
42 9
0 95
0 22
62 99
0 72
0 40
0 88
48 99
0 11
0 74
0 8
0 51
0 54
0 32
0 18
94 99
0 5
0 23
0 94
0 13
0 29
0 49
83 43
83 46
83 5
83 47
83 68
83 70
83 23
83 2
83 29
83 6
83 85
28 99
9 99
83 51
83 58
83 91
1 99
84 99
24 51
36 99
71 99
83 25
83 54
51 99
58 99
54 99
83 28
83 14
83 75
83 24
8 99
83 72
90 33
12 86
56 99
90 85
90 34
25 99
90 31
90 2
90 36
90 16
53 99
86 99
17 99
90 21
37 99
90 3
47 99
95 99
21 99
90 19
90 78
34 99
90 49
16 99
75 99
90 13
90 93
90 28
44 99
87 99
92 99
28 55
90 5
78 55
5 55
40 55
19 55
90 62
60 55
90 30
