5
23
46
3
61
25
100
83 88
67 88
0 44
4 88
52 58
9 58
73 58
45 58
0 24
0 26
0 69
40 58
22 36
0 39
0 42
0 8
0 7
67 30
30 58
2 58
1 58
24 58
41 81
66 81
24 81
65 81
45 40
87 68
65 68
33 68
45 62
64 15
29 73
21 68
74 68
78 68
19 48
29 48
15 48
32 48
31 48
21 48
67 75
53 48
55 75
45 29
69 75
45 64
45 17
45 42
39 65
12 75
39 38
26 38
39 72
29 38
65 38
39 33
39 76
55 18
56 38
19 38
9 42
72 42
55 5
66 22
62 42
30 42
77 22
36 24
11 24
53 24
15 86
59 10
18 86
59 82
9 51
79 51
64 51
59 62
64 13
87 13
59 11
15 13
59 70
59 53
76 28
76 83
63 34
66 13
36 56
35 56
2 79
63 9
63 30
60 18
60 26
60 34
8 65
8 35
