5
61
11
86
96
7
100
0 12
17 99
0 13
81 99
76 99
0 94
79 45
0 97
71 54
71 79
71 15
71 44
56 99
71 88
64 29
64 19
73 17
64 14
34 99
31 99
1 99
74 66
74 25
38 99
72 23
74 56
74 36
74 24
74 54
23 78
13 75
13 66
50 60
13 80
13 90
13 9
5 78
13 72
13 24
46 22
37 78
17 65
26 42
38 78
36 66
45 65
80 42
65 78
46 21
84 59
46 76
46 56
36 92
36 2
36 63
36 21
33 39
33 85
33 40
33 21
33 68
83 57
41 24
41 75
30 59
41 60
31 59
23 59
15 59
94 22
94 4
94 29
31 52
54 79
54 95
35 70
21 56
21 5
21 52
88 40
88 52
34 17
34 75
20 70
34 66
76 70
34 92
34 68
34 43
87 70
91 70
58 22
20 81
40 35
22 45
81 45
75 45
90 25
27 28
68 28
