0
100
0 25
23 84
2 93
31 65
30 23
84 93
31 9
77 93
42 93
46 26
0 30
65 57
43 26
87 25
0 51
78 40
55 93
33 90
31 87
26 93
25 93
0 31
76 69
2 5
0 12
90 93
58 68
2 62
0 76
92 54
2 7
57 93
5 59
0 53
0 4
80 69
78 21
41 67
91 60
0 92
62 93
21 93
43 69
0 90
0 84
30 81
0 2
0 78
0 49
69 93
82 93
81 93
37 8
0 52
43 93
29 52
22 93
80 65
18 43
58 4
25 54
0 41
80 75
48 47
80 15
45 24
59 9
1 32
69 9
21 62
8 93
54 93
0 13
80 11
0 1
0 80
45 36
0 11
21 46
85 86
4 93
15 76
0 59
23 93
63 67
20 48
0 45
52 93
82 13
11 93
23 41
0 82
15 22
73 50
32 88
21 59
37 14
3 41
0 21
0 18
