5
31
23
53
30
42
100
0 61
29 82
0 37
38 82
0 47
61 80
0 78
0 74
0 82
0 71
0 76
0 13
0 36
0 33
0 21
0 1
0 57
0 69
68 55
68 62
68 67
68 21
68 61
68 65
68 29
68 27
68 4
68 73
68 52
68 48
68 69
68 43
68 8
68 77
68 37
68 50
68 28
14 54
12 13
14 26
14 51
14 32
56 82
24 82
14 58
14 11
44 82
74 82
80 82
62 13
72 82
41 82
26 16
13 82
50 82
14 47
64 22
14 2
54 82
64 71
54 75
64 82
14 24
70 22
81 82
14 15
14 48
14 57
14 17
14 9
1 82
54 55
14 64
14 65
21 82
14 79
14 74
14 70
22 75
14 5
16 82
14 41
14 52
78 82
7 82
29 75
14 73
59 75
14 18
66 64
21 18
14 80
64 75
14 13
14 59
62 12
14 29
81 75
14 34
14 62
