5
33
36
40
34
85
100
0 12
59 99
0 97
15 64
46 99
67 99
37 64
76 64
2 19
0 82
39 19
16 19
79 38
58 38
9 89
47 17
17 38
69 58
2 58
83 24
93 24
53 77
53 59
53 81
50 30
72 88
72 69
76 30
72 14
82 30
13 27
15 6
74 6
98 6
80 69
8 9
13 3
13 57
67 9
80 88
80 86
96 91
96 54
96 10
11 95
11 46
90 71
77 60
59 71
77 10
20 84
43 71
31 63
8 63
28 70
20 68
20 21
31 23
92 70
79 84
79 90
54 25
54 87
31 94
18 23
1 43
16 94
49 94
26 55
26 44
26 73
52 41
61 56
61 51
61 97
55 48
35 98
14 12
95 41
7 41
27 98
90 3
5 3
1 7
5 7
29 75
81 65
55 84
29 78
14 29
22 65
93 65
32 10
92 1
18 78
81 87
32 39
32 76
74 21
91 37
