0
100
74 39
24 42
6 94
24 58
91 9
29 94
12 72
3 94
0 87
0 14
0 24
84 94
90 25
0 19
38 94
39 94
74 94
67 77
42 3
92 41
0 67
82 1
41 94
1 94
21 13
36 9
83 25
47 20
12 42
47 74
73 94
39 25
7 62
32 65
9 94
62 94
34 1
13 94
25 94
70 94
47 45
0 32
42 91
0 12
42 52
55 90
0 47
0 55
91 69
71 94
6 77
86 15
0 90
24 69
82 17
42 6
52 86
0 42
69 94
15 94
0 82
81 11
22 5
0 29
87 94
0 43
11 32
70 74
89 17
63 94
59 7
63 93
70 4
41 17
0 71
16 86
7 67
17 94
74 67
58 2
81 70
0 77
0 81
63 89
26 83
93 17
23 86
57 37
23 5
91 94
0 63
0 60
17 52
26 38
37 7
54 86
71 4
72 84
26 47
66 6
