0
100
0 71
0 78
0 85
0 92
0 15
0 22
0 29
0 36
0 43
0 50
0 57
0 64
0 1
8 79
8 43
8 16
8 30
8 86
8 50
8 64
8 37
8 1
8 93
8 57
8 44
8 51
8 15
8 2
8 71
8 58
8 22
8 9
8 78
8 65
8 29
8 85
8 72
8 36
8 23
92 79
92 29
92 65
92 23
92 44
92 9
92 50
92 86
92 36
92 72
92 30
92 16
92 71
92 57
92 15
92 93
92 51
92 1
92 37
92 78
92 64
92 22
92 58
92 2
92 85
43 72
43 15
43 37
43 65
43 86
43 30
43 85
43 58
43 29
43 23
43 51
43 36
43 64
43 79
43 2
43 57
43 1
43 22
43 50
43 93
43 16
43 78
43 9
43 71
44 50
44 57
44 36
44 71
44 15
44 22
44 1
44 78
44 85
44 64
44 29
44 45
