0
100
0 42
0 23
49 90
49 71
0 69
0 74
49 81
49 58
49 84
49 24
49 97
0 57
49 79
0 70
49 54
49 43
0 8
49 7
49 29
49 63
49 88
0 53
49 86
49 39
0 27
0 72
49 15
0 96
49 30
0 88
0 15
49 83
0 92
49 56
49 3
0 7
49 26
0 95
49 8
0 91
0 50
49 16
49 35
0 62
0 14
0 94
49 59
49 72
0 87
49 65
0 98
49 19
49 45
49 20
49 70
49 61
49 27
0 67
0 68
49 74
0 77
0 32
0 1
0 24
49 32
0 81
49 23
49 17
49 93
49 13
0 52
49 73
0 59
0 31
49 95
0 99
0 28
0 16
49 64
0 61
49 78
49 53
0 86
49 46
0 3
0 37
49 14
0 83
49 10
49 18
49 41
49 42
49 4
0 13
49 67
0 78
0 10
49 99
49 50
49 11
