0
94
94 99
0 5
64 69
70 75
7 12
4 9
91 93
92 97
80 85
71 76
57 62
93 95
83 85
58 63
88 90
82 87
92 90
89 87
72 74
89 94
91 96
56 61
83 88
60 62
38 43
22 24
45 50
27 32
13 18
34 39
65 67
16 18
16 21
2 7
11 13
10 15
70 68
8 13
24 29
49 54
41 46
43 48
42 47
39 44
33 35
22 27
72 77
81 86
84 86
73 75
79 84
80 82
79 77
73 78
74 76
81 83
59 64
30 32
71 69
72 67
59 61
51 56
57 55
42 44
58 60
50 55
51 53
47 52
48 53
52 54
51 46
43 45
35 40
38 40
35 37
26 31
41 39
29 34
31 36
28 33
10 12
6 11
9 14
3 5
6 8
19 21
20 25
23 25
19 24
23 28
14 12
17 15
63 61
68 66
