0
100
0 43
68 99
0 19
63 99
17 99
0 80
0 21
0 31
3 99
83 27
40 38
57 16
0 63
57 93
7 62
89 20
6 99
34 99
0 7
0 13
25 38
84 12
0 36
11 99
0 89
34 2
84 48
61 97
0 5
46 99
25 12
57 74
60 35
1 2
0 60
22 35
29 56
40 18
0 57
40 34
59 16
45 93
0 59
88 24
33 6
16 43
68 10
90 18
38 20
40 23
63 78
33 98
52 99
55 2
68 51
2 99
10 99
75 98
34 93
97 99
62 56
13 93
12 99
95 25
43 99
25 89
62 49
90 71
0 40
68 64
63 71
61 96
0 94
73 72
62 83
63 8
0 33
45 64
90 63
58 99
10 93
72 99
62 24
51 95
54 99
0 88
76 72
56 99
87 95
61 64
68 80
55 93
61 69
15 47
0 54
93 99
0 62
96 99
41 42
95 99
