5
62
15
51
59
14
100
0 49
0 37
0 77
0 60
0 31
45 94
0 16
0 54
22 12
7 94
0 25
0 86
0 78
0 42
0 57
0 7
12 94
0 47
0 79
67 94
41 94
73 94
78 94
18 94
11 94
81 94
0 68
0 19
0 64
48 94
0 45
0 1
0 36
0 85
0 69
0 55
32 94
0 93
0 70
0 17
0 35
0 81
0 66
0 74
0 92
28 5
50 89
0 90
0 28
0 50
22 94
43 94
0 71
64 94
27 94
0 22
89 94
5 94
35 94
0 75
0 3
63 94
66 94
0 12
0 73
61 94
87 94
0 94
9 94
72 94
65 94
0 24
0 46
84 94
54 94
91 94
0 23
0 88
50 94
0 82
0 56
24 94
92 94
23 52
0 48
0 65
0 67
88 94
61 52
77 94
87 69
33 31
0 6
88 93
0 41
0 44
0 33
0 87
0 63
93 94
