5
80
33
29
63
27
100
36 40
40 99
87 99
98 99
0 59
83 99
52 85
88 99
59 99
45 85
10 51
51 85
73 69
57 69
36 69
0 32
0 30
0 54
0 16
84 69
0 43
48 69
59 69
94 96
77 69
4 96
0 10
31 96
88 81
59 81
62 81
0 74
98 86
91 86
19 86
0 6
59 86
30 72
64 72
64 5
38 36
31 72
64 90
64 68
64 82
76 72
36 72
64 48
64 28
40 72
71 72
9 72
19 72
5 18
48 18
40 18
30 18
28 18
1 56
57 98
2 98
89 98
1 58
1 11
42 98
51 98
1 54
3 98
8 47
50 47
87 47
19 47
35 24
16 24
1 45
39 24
40 24
94 24
67 24
1 20
1 39
1 15
1 19
1 59
1 71
58 24
1 91
7 24
4 24
36 24
56 65
8 61
28 20
28 25
28 19
48 61
6 61
16 26
97 61
28 12
