5
87
90
98
29
55
100
0 4
0 3
95 99
0 2
96 99
1 89
1 67
53 97
1 50
1 95
1 7
1 93
1 27
1 86
1 70
1 81
1 61
1 75
1 40
10 97
53 85
53 89
53 96
92 97
53 69
53 35
53 46
53 67
53 95
53 43
53 47
19 97
53 75
53 56
96 97
53 12
53 70
65 97
53 92
35 97
53 61
53 72
53 7
53 42
53 44
53 76
53 73
53 63
28 23
48 97
28 66
28 25
64 97
89 97
28 35
28 92
28 93
28 51
49 97
28 72
28 48
28 61
60 97
78 97
28 36
3 97
28 86
74 97
28 40
18 97
67 97
28 84
28 76
28 26
54 97
85 97
28 8
28 83
28 33
77 94
93 97
81 97
77 23
77 67
31 97
27 97
88 97
25 97
23 97
77 73
50 97
77 95
17 97
62 97
75 97
9 97
77 61
84 70
77 86
82 70
