0
100
23 98
0 84
59 98
0 4
72 98
0 61
18 98
0 71
0 60
0 21
0 91
7 77
0 22
29 98
6 98
92 98
27 4
14 98
91 98
96 98
9 98
84 98
0 3
78 90
0 17
0 23
0 7
5 98
0 90
0 48
25 85
63 60
18 17
0 75
95 98
0 58
42 72
94 50
70 65
0 43
55 27
28 98
49 75
12 38
10 15
97 71
56 98
0 89
0 49
65 98
0 79
76 72
5 38
0 33
0 18
32 10
0 35
15 98
10 98
7 98
94 87
30 27
76 73
38 98
0 26
68 98
53 23
92 13
77 98
81 27
21 98
0 82
15 60
50 98
83 98
59 48
0 42
96 33
74 98
54 98
90 4
72 7
0 25
39 90
61 98
0 76
74 71
0 53
0 72
0 70
23 27
8 98
60 98
13 46
27 98
4 98
90 98
59 75
1 73
85 98
