0
100
0 34
0 63
0 44
0 48
0 23
0 2
0 6
0 64
0 85
0 46
0 26
0 35
0 10
0 41
0 3
0 76
0 79
0 52
0 40
0 65
0 8
0 60
0 49
0 16
0 56
0 43
0 5
0 24
0 20
0 62
81 78
81 50
81 63
81 31
81 84
81 16
81 22
81 49
81 30
81 72
81 2
81 13
81 82
81 41
81 24
81 65
81 11
81 44
81 70
81 12
81 86
81 3
81 8
81 35
81 19
81 27
81 6
81 33
81 1
81 28
38 15
38 70
38 71
38 20
38 31
38 35
38 14
38 82
38 83
38 5
38 25
38 19
38 60
38 86
38 4
38 52
38 64
38 46
38 10
38 41
38 75
38 84
38 8
38 34
38 45
38 27
38 69
38 43
38 65
38 16
38 63
38 51
38 13
38 53
2 29
2 24
2 21
2 80
2 53
2 82
