5
84
11
15
23
80
83
0 51
0 37
0 65
45 42
78 75
79 99
78 7
26 86
26 70
95 99
60 63
60 64
66 73
39 22
1 22
38 72
38 34
79 35
88 24
75 24
50 54
19 3
59 3
82 85
77 95
50 92
74 72
1 58
25 68
25 87
96 49
61 49
20 2
20 93
54 55
76 31
98 31
51 21
29 7
48 63
62 39
62 32
27 56
81 56
14 19
14 53
89 5
89 17
86 74
6 93
6 18
59 21
61 73
34 39
27 94
57 69
57 4
87 41
70 40
8 82
8 41
91 13
33 67
90 13
33 64
10 9
37 28
77 2
71 12
83 28
98 42
90 53
46 40
46 37
17 12
36 32
44 29
36 16
67 47
4 47
52 92
48 44
76 91
