0
100
0 40
0 44
0 10
0 21
0 47
0 15
0 9
0 8
0 5
0 46
0 11
0 36
0 35
0 45
0 17
0 23
0 19
0 18
0 24
0 42
0 20
0 48
0 13
0 41
0 14
0 33
0 25
0 22
0 12
0 16
0 7
0 34
0 39
0 49
52 54
17 54
34 54
20 54
40 54
14 54
19 54
26 54
38 54
25 54
29 54
6 54
18 54
33 54
46 54
35 54
11 54
10 54
22 54
8 54
27 54
43 54
32 54
5 54
44 54
45 54
21 54
47 54
23 54
1 54
51 54
42 54
16 54
2 54
15 54
48 54
50 54
12 54
36 54
53 54
49 54
53 30
51 30
47 30
48 30
50 30
6 30
46 30
24 30
31 30
19 30
17 30
16 30
7 30
10 30
42 30
1 30
9 30
14 30
45 30
5 30
49 30
25 30
2 30
12 30
18 30
