0
100
33 50
32 50
20 50
45 50
43 50
21 50
29 50
6 50
38 50
19 50
46 50
48 50
25 50
17 50
36 50
37 50
0 50
28 50
18 50
39 50
27 50
47 50
12 50
8 50
4 50
24 50
13 50
41 50
9 50
5 50
3 50
30 50
44 50
34 50
11 50
22 50
31 50
15 50
49 50
26 50
14 50
40 50
16 50
10 50
23 50
2 50
42 50
35 50
1 50
0 8
0 30
0 31
0 2
0 44
0 45
0 12
0 20
0 6
0 14
0 18
0 19
0 41
0 1
0 36
0 35
0 39
0 26
0 13
0 17
0 43
0 37
0 29
0 24
0 46
0 32
0 49
0 47
0 21
0 38
0 9
0 22
0 16
0 3
0 42
0 10
0 28
0 4
0 27
0 11
0 40
0 48
0 7
0 33
0 5
0 34
0 23
0 25
15 6
15 37
15 27
