5
31
63
37
78
21
100
0 14
0 33
0 56
0 54
0 94
26 96
0 46
32 96
86 96
52 96
48 96
8 96
3 96
0 30
0 61
50 96
72 96
0 82
89 54
24 96
58 96
0 36
0 89
0 53
0 11
66 96
35 96
61 96
54 96
66 70
0 24
0 84
0 67
0 86
0 34
88 44
88 13
88 67
88 6
88 15
88 34
88 86
88 95
88 55
88 48
88 24
65 70
81 70
88 74
88 92
88 91
88 81
88 82
88 33
88 94
43 84
43 74
43 73
71 70
43 53
43 77
43 86
43 2
43 5
43 24
58 70
19 27
43 67
81 59
32 70
43 19
43 81
43 56
43 28
51 70
43 16
43 8
39 70
54 62
6 70
26 70
41 70
54 3
54 82
48 70
76 70
67 70
90 70
54 20
53 70
44 70
20 70
54 75
10 70
54 51
26 17
54 4
68 70
94 70
54 26
