0
98
55 99
80 7
0 31
59 16
93 51
60 1
30 56
0 70
7 43
83 2
21 43
5 2
52 97
34 28
0 15
0 34
63 31
85 65
47 61
93 98
0 49
3 11
27 69
89 54
33 62
94 93
8 11
40 11
78 6
12 25
61 27
83 54
23 50
29 54
89 4
25 44
24 9
24 82
33 1
53 26
53 88
87 56
57 18
87 41
87 27
1 7
92 51
69 84
68 40
70 91
22 96
22 15
22 70
39 67
64 5
74 3
39 72
34 9
60 90
57 81
60 34
39 13
89 16
42 90
65 70
34 48
34 71
55 26
63 69
67 40
88 37
77 35
70 59
98 59
38 3
73 56
70 7
20 79
70 36
82 79
97 75
70 20
68 32
51 17
7 89
91 76
23 97
45 32
36 56
98 72
76 32
10 56
45 13
86 21
51 83
56 79
26 32
66 15
