0
100
78 79
52 50
77 79
0 79
1 79
72 50
24 7
2 7
26 68
74 68
30 68
28 1
73 1
19 1
22 1
61 1
60 1
11 1
72 1
36 1
31 1
9 1
41 1
4 1
53 1
26 1
42 1
38 1
64 1
77 1
18 1
49 1
16 1
63 1
59 1
58 1
69 1
30 1
48 1
34 1
8 1
54 1
14 1
2 1
44 1
10 1
6 1
70 1
3 43
51 43
2 43
48 43
28 43
26 27
70 4
20 24
17 4
64 4
58 24
0 24
65 4
13 62
47 4
17 62
71 56
41 23
47 18
71 62
30 4
53 18
22 4
59 62
39 4
51 4
28 18
2 18
33 4
73 4
35 56
0 18
45 62
4 62
3 63
2 63
41 63
19 63
22 63
75 73
2 73
67 73
0 73
48 73
11 73
47 73
16 73
0 66
25 66
53 66
2 66
49 66
