1
1
98
8 10
9 10
12 99
2 4
3 5
4 6
5 7
8 9
6 7
11 13
11 12
12 14
13 14
19 21
18 20
20 21
22 24
22 21
23 25
24 26
25 26
27 26
27 29
28 30
29 31
30 31
32 34
33 34
35 36
35 34
37 38
37 39
38 40
39 40
41 43
41 42
42 44
43 44
45 47
45 44
46 48
47 49
48 49
50 52
32 31
51 53
52 53
54 56
54 55
55 57
58 59
56 57
61 63
58 60
59 60
61 62
62 64
63 64
65 67
65 64
67 69
66 68
68 69
70 72
73 99
70 71
71 73
72 73
81 83
76 78
74 75
74 76
75 77
77 79
78 80
79 80
81 80
85 87
82 84
83 84
85 84
91 93
86 88
92 94
93 95
94 95
96 95
97 99
96 98
18 19
87 89
88 90
89 91
90 92
50 51
15 17
16 17
15 16
