0
100
56 95
84 95
9 95
20 95
92 95
22 95
30 95
18 95
79 95
19 95
32 95
77 95
48 95
74 95
2 95
62 95
37 95
50 95
42 95
63 95
44 95
58 95
59 95
13 95
72 95
15 95
5 95
4 95
61 95
33 95
31 95
38 95
39 95
8 95
10 95
53 95
29 95
47 95
94 95
7 95
80 95
28 95
73 95
35 95
87 95
88 95
45 95
66 95
86 95
52 95
26 95
78 95
83 95
41 95
14 95
34 95
55 95
89 95
76 95
57 95
54 95
6 95
46 95
3 95
70 95
12 95
85 95
67 95
0 95
40 95
25 95
82 95
21 95
11 95
60 95
68 95
93 95
23 95
75 95
91 95
43 95
71 95
64 95
1 95
17 95
27 95
16 95
65 95
81 95
24 95
36 95
49 95
51 95
90 95
0 42
0 28
0 32
0 45
0 94
0 30
