5
30
40
72
36
39
100
44 76
0 32
37 93
76 93
50 93
0 48
0 90
34 93
0 35
29 93
44 93
0 37
0 46
0 10
89 93
0 41
0 79
0 76
83 93
47 93
13 93
0 57
90 93
53 55
0 45
54 93
0 6
0 68
0 82
0 16
0 69
0 78
55 93
0 65
0 54
67 93
0 52
8 93
0 88
0 14
0 83
0 53
80 93
0 20
6 93
11 93
0 8
61 93
5 93
0 71
88 93
0 93
0 26
0 22
15 93
89 2
0 7
0 5
2 93
0 51
0 59
77 93
73 93
0 1
71 93
0 19
0 66
84 93
0 24
60 93
81 93
1 93
0 70
43 93
0 86
3 93
0 67
0 27
78 93
0 92
0 18
33 93
85 93
0 87
17 35
0 3
0 75
0 81
0 34
0 17
12 93
61 35
0 11
0 21
92 93
0 60
0 49
0 56
0 50
0 91
