5
18
36
51
13
75
100
68 99
0 99
0 29
0 84
0 26
6 99
0 33
0 71
0 73
0 77
12 99
0 20
0 38
43 99
0 67
0 53
0 21
0 70
0 87
0 61
0 63
0 57
16 99
0 62
0 8
17 99
0 44
0 78
0 49
0 37
11 99
0 23
0 88
0 66
0 80
0 19
0 43
0 96
70 99
0 74
0 90
76 99
61 99
77 99
0 48
0 16
0 10
0 32
42 99
0 45
0 7
0 9
0 95
0 56
84 99
78 99
27 99
0 54
34 99
0 41
0 25
0 30
0 92
0 12
0 93
0 5
87 99
0 40
0 72
0 28
21 99
0 55
0 39
0 2
0 65
0 58
0 42
0 50
47 99
0 86
73 99
0 46
0 82
0 24
23 99
0 79
0 22
0 3
0 89
0 94
0 98
0 83
0 91
0 76
0 59
0 31
0 11
0 27
0 35
0 85
