0
100
42 99
76 99
0 68
78 98
52 86
0 18
0 52
49 99
59 68
0 23
33 98
1 31
26 17
0 13
26 66
3 79
16 99
62 3
67 11
43 61
68 99
49 7
77 99
24 7
98 5
0 33
0 8
0 43
90 71
28 32
0 54
46 56
28 4
0 46
0 10
12 74
50 66
55 92
21 7
50 92
0 28
66 99
14 99
98 16
5 99
79 99
90 93
0 25
0 50
39 56
20 35
39 82
80 44
64 16
95 71
92 99
39 46
64 44
72 45
40 54
35 99
87 11
44 99
31 94
6 9
62 81
6 99
0 95
0 2
97 7
81 99
0 98
73 82
0 39
94 99
96 99
9 99
58 33
17 84
62 80
7 99
80 70
0 6
0 21
59 99
47 24
0 64
84 77
58 29
69 6
0 99
80 55
83 56
23 99
93 45
46 70
81 19
0 97
94 10
80 31
