5
35
66
43
55
27
100
0 4
0 92
0 59
91 92
73 92
77 92
0 37
83 92
1 92
34 92
71 92
60 92
0 23
0 62
0 20
46 92
56 92
0 41
0 68
28 92
0 6
70 92
18 92
0 13
0 84
0 73
0 67
0 22
0 75
0 5
41 92
0 7
0 8
0 71
0 42
12 92
36 92
0 82
0 69
26 92
11 92
0 64
0 28
0 51
37 92
0 72
51 92
0 2
74 92
81 92
0 24
6 92
2 92
32 92
49 92
0 33
89 92
0 80
0 29
87 92
0 65
14 92
80 92
0 3
0 48
0 9
32 69
0 58
76 25
0 11
38 92
0 79
44 69
0 81
0 1
69 92
0 45
0 78
0 17
0 40
0 44
0 32
0 77
0 36
0 60
0 87
22 92
0 86
10 92
0 76
0 56
0 52
0 30
0 63
90 92
61 92
75 92
0 31
0 46
0 53
