5
78
80
42
84
34
100
0 24
0 45
63 99
0 89
0 86
68 99
12 99
0 2
65 99
24 99
0 46
0 63
89 99
98 99
62 99
0 3
0 31
53 99
41 26
0 33
0 17
0 35
0 96
9 99
0 79
46 99
26 99
7 99
82 99
0 81
0 20
60 99
1 99
54 99
18 99
25 99
41 99
13 99
0 77
15 99
20 99
0 85
31 99
45 99
58 87
0 41
72 99
0 21
0 61
0 32
0 67
87 99
77 99
93 99
0 29
0 43
0 82
0 38
72 21
57 99
0 76
0 83
0 16
62 15
0 8
67 99
0 36
48 99
70 14
21 99
0 19
0 70
52 99
0 62
0 72
0 68
0 57
0 26
0 73
0 4
0 11
0 64
83 99
0 98
6 99
36 99
85 99
88 99
0 99
0 5
14 99
22 99
29 99
75 99
0 90
0 95
97 99
64 99
33 99
79 99
