0
100
15 99
83 3
5 29
24 15
0 37
5 53
3 99
29 99
37 53
33 28
53 99
0 6
0 83
26 5
0 52
0 26
58 50
91 4
25 52
70 64
91 79
7 99
71 62
38 99
76 43
25 82
18 4
79 90
48 20
53 70
89 5
18 15
13 44
38 64
3 14
52 99
24 59
0 76
31 45
95 59
58 31
0 25
0 53
0 91
0 58
75 36
88 92
75 21
62 99
88 68
88 73
50 99
90 99
88 30
4 99
56 59
82 20
88 60
88 1
59 99
68 97
64 96
43 96
23 6
86 95
72 23
72 86
72 68
29 20
27 36
66 56
35 41
72 65
49 36
72 35
72 81
1 94
1 12
80 46
20 16
1 45
36 96
1 86
16 96
13 96
1 66
42 80
57 32
42 4
40 2
7 56
77 2
44 10
42 47
33 23
37 63
40 20
15 10
20 56
42 78
