1
14
98
0 99
1 99
0 98
0 2
1 3
2 3
4 3
4 5
6 5
6 7
8 7
8 9
10 12
10 9
26 28
25 27
27 28
29 28
29 31
30 32
31 33
32 34
33 35
34 35
38 40
37 39
39 40
41 40
41 42
43 42
44 46
17 19
11 12
18 20
19 21
20 22
21 23
22 24
23 25
36 38
36 35
43 45
45 47
46 48
49 51
48 50
50 52
51 52
53 52
53 54
55 54
55 57
56 58
57 59
58 60
59 61
60 62
61 63
62 64
63 65
64 66
65 67
73 75
66 68
67 69
68 70
69 71
70 72
71 73
72 74
74 75
77 79
78 80
79 81
80 82
81 82
83 85
83 84
84 86
85 87
86 88
87 88
89 88
89 90
91 93
91 92
92 93
94 95
94 96
95 97
96 97
98 99
24 26
47 49
17 18
15 16
76 78
76 77
