0
100
0 98
0 43
0 53
0 35
0 66
0 54
0 65
0 10
0 26
0 89
0 67
0 85
0 57
0 64
0 80
0 12
0 17
0 23
0 34
14 50
14 49
14 24
14 35
14 48
14 73
14 93
14 78
14 45
14 57
14 36
14 26
14 83
14 56
14 19
21 99
20 11
49 99
48 99
93 99
80 99
88 99
67 99
68 11
54 99
66 99
17 11
32 99
55 99
3 11
33 11
27 11
36 99
51 11
8 99
63 99
78 11
89 99
50 11
13 99
73 11
70 99
16 11
7 11
70 11
42 11
74 99
38 99
15 99
58 11
34 64
21 64
82 64
53 64
22 64
70 64
20 64
60 64
48 64
12 64
55 64
76 64
33 64
10 64
52 64
60 39
55 39
23 39
80 39
28 39
88 39
72 39
20 39
82 39
76 39
15 39
12 39
57 39
52 39
27 75
40 75
