5
65
31
95
29
63
100
0 68
0 36
0 9
72 96
0 91
66 96
21 96
38 96
0 84
0 58
0 27
17 96
18 96
28 96
85 96
69 96
0 4
6 96
11 96
54 96
0 13
0 37
0 72
0 23
0 76
0 57
0 79
0 19
8 96
50 96
0 12
91 84
24 96
0 67
0 69
3 96
84 96
94 30
19 96
35 96
49 96
46 96
87 96
47 96
0 44
0 94
16 96
58 96
92 57
0 59
57 96
53 80
0 75
0 34
80 96
0 61
81 96
55 96
0 39
23 96
80 44
2 96
0 51
44 96
0 10
71 96
0 40
0 66
0 85
0 53
0 28
74 96
0 64
0 18
0 15
0 70
0 46
0 78
0 50
0 60
30 96
0 93
90 96
51 96
34 96
0 41
0 87
0 3
92 96
0 17
26 96
78 96
0 90
56 96
41 96
3 64
0 11
0 20
40 96
30 89
