0
100
60 63
72 63
39 99
58 99
69 63
49 99
60 99
76 63
34 99
52 99
33 99
75 99
17 63
46 99
0 99
66 99
97 63
68 63
0 63
14 63
42 63
23 99
55 99
19 63
29 99
21 63
85 99
12 63
66 63
15 63
43 63
84 63
42 99
93 63
10 63
91 63
53 63
43 99
10 99
69 99
27 99
61 99
1 63
38 63
34 63
79 99
47 63
31 63
87 99
82 99
64 63
6 63
57 63
40 99
88 99
45 63
20 63
78 99
57 99
27 63
95 99
86 99
13 63
65 99
45 99
89 99
49 63
84 99
87 63
16 99
61 63
12 99
32 99
48 63
24 63
40 63
62 99
70 99
94 99
35 63
25 99
98 63
5 99
1 99
9 63
76 99
72 99
26 63
67 99
73 99
73 63
41 63
5 63
93 99
80 63
86 63
77 63
47 99
92 63
4 99
