0
100
90 99
31 99
75 99
78 99
42 99
45 99
38 99
35 99
39 99
92 99
73 99
18 99
33 99
7 99
21 99
80 99
54 99
97 99
20 99
64 99
40 99
0 99
16 99
24 99
65 99
53 99
2 99
89 99
96 99
87 99
5 99
70 99
26 99
28 99
74 99
93 99
91 99
34 99
41 99
32 99
79 99
52 99
47 99
27 99
61 99
59 99
57 99
81 99
10 99
55 99
71 99
62 99
14 99
13 99
51 99
15 99
63 99
60 99
88 99
37 99
11 99
95 99
94 99
83 99
4 99
17 99
22 99
69 99
23 99
56 99
72 99
0 35
0 21
0 93
0 52
0 87
0 90
0 7
0 32
0 86
0 61
0 69
0 79
0 23
0 19
0 54
0 14
0 24
0 71
0 59
0 84
0 72
0 77
0 91
0 88
0 20
0 25
0 4
0 22
0 47
