5
19
34
61
89
4
100
62 71
17 99
0 14
88 35
71 99
44 99
90 21
80 99
76 99
0 64
0 62
0 6
30 99
6 99
51 99
0 48
0 22
0 2
21 99
0 80
0 93
42 99
79 99
64 99
0 57
0 16
0 23
43 23
81 23
57 23
68 23
0 18
0 95
79 23
0 91
28 23
93 23
85 23
0 1
0 88
27 23
0 25
81 5
16 23
81 47
53 5
16 5
81 72
35 5
15 5
79 5
81 1
81 48
81 71
81 31
2 38
81 63
81 94
29 75
29 65
81 59
81 64
57 11
17 38
29 59
82 38
88 38
29 57
29 17
29 91
29 20
31 38
29 66
51 82
51 30
51 31
51 3
51 24
51 36
51 65
37 77
51 32
37 3
11 38
72 38
37 70
51 54
98 38
51 21
37 54
84 38
37 76
37 43
37 27
37 18
37 86
37 56
93 38
37 52
46 44
