5
41
46
48
52
50
100
0 1
2 3
2 1
4 5
4 6
4 3
1 3
1 5
1 7
6 5
8 11
10 11
9 11
8 12
6 7
6 8
6 9
11 12
11 14
13 18
20 25
13 16
13 15
13 12
13 14
21 22
19 22
19 18
13 17
19 23
21 23
22 23
19 20
19 16
19 21
19 17
15 16
15 17
20 24
15 14
15 20
26 28
15 12
18 22
18 16
18 21
18 17
20 23
20 21
20 22
24 28
24 23
24 26
24 25
24 27
24 29
27 28
25 23
25 26
27 29
27 26
23 29
23 28
26 31
26 29
30 35
30 32
30 36
30 28
30 33
30 34
31 32
30 29
31 29
31 33
28 32
28 33
29 34
35 38
29 32
33 35
33 32
33 34
36 37
36 38
36 40
36 39
35 37
35 39
40 42
40 39
40 38
37 38
37 42
39 42
39 43
43 45
43 44
53 55
53 58
