5
1
97
95
29
91
82
0 2
0 99
0 98
4 99
23 21
23 3
23 50
23 24
24 57
19 96
56 90
35 87
24 25
25 59
26 28
26 27
35 36
93 92
82 89
34 6
35 33
7 82
32 31
86 88
38 85
33 70
33 40
62 42
69 71
75 77
76 78
77 78
81 83
79 80
81 82
83 84
85 86
71 73
62 4
66 68
70 71
60 58
63 59
63 65
64 66
65 67
67 68
10 9
10 11
69 70
62 63
62 61
38 75
9 56
10 12
50 76
18 54
47 49
39 56
15 17
12 14
9 11
8 6
8 7
5 6
13 15
13 14
38 36
74 76
41 42
43 44
45 47
19 21
19 18
17 18
48 49
51 53
52 54
73 75
72 74
46 48
12 13
