5
55
75
89
59
80
100
92 99
13 99
36 99
38 99
0 71
9 99
0 28
82 99
71 99
1 99
85 99
23 99
86 99
0 98
54 99
0 99
33 99
19 99
48 99
7 99
0 68
22 99
87 99
69 99
68 99
40 99
20 99
0 6
0 57
24 99
78 99
0 37
84 99
0 86
4 3
0 5
0 9
64 99
0 11
0 94
0 20
0 49
0 72
0 81
0 78
0 76
25 99
0 58
32 99
0 77
10 99
0 51
0 2
0 41
79 99
0 25
0 17
0 12
0 24
0 96
0 48
0 60
57 26
0 18
3 99
94 99
0 32
26 99
97 99
49 99
0 82
31 99
43 99
81 99
21 99
0 88
0 54
93 99
77 99
0 8
0 38
0 22
0 27
0 69
0 56
0 1
0 61
0 13
0 39
0 50
0 73
0 29
90 99
0 34
0 31
0 67
0 14
0 90
70 99
0 19
