5
52
54
23
53
58
100
57 99
0 9
0 64
0 92
0 69
0 6
0 70
0 57
0 66
0 1
0 7
0 33
0 48
0 56
0 75
0 21
0 26
0 39
0 95
0 22
0 49
0 61
0 81
59 99
3 99
8 99
0 96
89 99
22 99
0 36
0 80
0 86
0 99
0 15
25 99
0 35
0 76
0 19
0 20
0 30
0 45
0 51
0 73
0 62
0 72
0 98
35 99
0 71
88 99
0 41
4 99
0 13
38 99
47 99
0 27
75 99
76 99
16 99
0 94
0 32
0 31
0 50
13 99
11 99
15 99
0 90
65 99
0 74
0 78
0 84
97 99
0 87
34 99
0 25
0 38
0 67
0 59
0 82
0 3
0 4
0 8
0 42
0 44
0 47
6 99
0 63
0 14
0 17
0 77
0 97
39 99
0 79
0 65
0 2
55 99
0 83
0 29
36 99
70 99
0 37
