0
100
61 65
63 65
59 65
60 65
58 65
62 65
63 57
58 57
62 57
61 57
0 63
0 61
0 62
0 3
0 4
0 1
2 3
2 1
2 61
2 62
2 63
5 62
6 10
6 63
6 61
5 63
5 61
5 9
6 62
5 1
7 63
7 62
7 8
7 61
7 3
11 62
11 61
11 10
11 63
11 15
12 62
12 61
12 8
12 63
16 15
20 24
19 18
19 15
23 22
23 27
27 31
27 26
28 32
29 33
30 31
30 34
29 25
22 18
22 21
17 18
14 10
10 62
9 63
9 62
9 61
10 61
61 53
62 53
54 53
63 53
62 49
63 49
61 49
46 45
41 45
63 50
42 46
51 50
62 50
61 50
47 46
61 54
58 54
63 54
62 54
61 55
63 55
59 55
62 55
56 55
63 51
47 51
52 51
62 51
63 64
8 61
3 61
1 61
58 61
52 61
