0
100
0 49
0 40
0 28
0 89
45 99
74 78
87 42
44 99
74 38
0 94
0 74
0 39
0 86
40 46
76 17
93 80
23 15
49 42
67 76
23 84
77 8
16 17
4 67
80 46
97 27
2 15
58 46
27 17
15 99
33 45
4 49
17 99
46 99
67 99
80 99
33 22
62 60
22 60
77 44
67 69
4 35
26 69
77 91
4 32
86 60
61 56
2 80
8 30
86 3
44 88
26 24
51 10
52 60
10 60
88 60
86 79
82 3
10 79
25 60
4 61
79 60
66 60
86 97
4 23
38 60
54 33
56 30
4 77
97 60
5 82
30 60
4 86
44 54
4 81
85 60
4 44
37 83
87 60
94 82
37 50
14 82
93 82
50 26
37 21
9 82
89 82
27 77
37 16
94 72
5 32
94 87
94 5
94 11
79 98
94 26
3 75
53 77
94 3
94 79
93 77
