0
100
0 57
0 65
0 10
0 84
0 4
0 19
0 69
0 20
0 79
0 95
0 45
0 17
0 46
0 75
0 28
0 23
0 51
0 71
0 82
0 6
0 16
0 68
0 47
0 40
42 97
23 97
18 97
32 97
2 97
87 97
69 97
59 97
14 97
24 97
45 97
9 97
38 97
56 97
30 97
3 97
90 97
62 97
36 97
81 97
5 97
76 97
47 97
16 97
4 97
61 97
58 97
49 97
86 97
25 97
37 71
82 71
31 71
32 71
73 71
4 71
44 71
49 71
13 71
55 71
66 71
26 71
93 71
67 71
42 71
81 71
90 71
68 71
62 71
3 71
43 71
85 71
72 71
51 17
90 17
12 17
48 17
46 17
8 17
95 17
70 17
91 17
18 17
26 17
52 17
88 17
73 17
40 17
81 17
85 17
14 17
72 17
67 17
7 17
56 17
22 17
