0
100
22 99
47 99
8 99
87 99
71 99
57 99
48 99
9 99
6 99
3 99
89 99
16 99
66 99
26 99
1 99
88 99
75 99
28 99
30 99
40 99
0 99
64 99
38 99
73 99
14 99
92 99
97 99
82 99
54 99
43 99
68 99
24 99
17 99
34 99
37 99
29 99
13 99
56 99
35 99
62 99
84 99
32 99
45 99
69 99
4 99
25 99
41 99
20 99
90 99
78 99
42 99
61 99
18 99
33 99
95 99
73 7
98 7
34 7
17 7
36 7
39 7
20 7
97 7
92 7
41 7
83 7
38 7
48 7
78 7
90 7
95 7
81 7
45 7
77 7
9 7
96 7
8 7
4 7
67 7
5 7
50 7
61 7
87 7
89 7
15 7
13 7
65 7
44 7
26 7
10 7
93 7
68 7
40 7
24 7
2 7
76 7
74 7
11 7
46 7
21 7
