0
100
64 27
0 20
49 90
0 25
75 94
27 99
0 1
36 99
35 99
38 53
51 99
20 99
39 89
0 75
72 85
0 26
13 45
15 99
33 99
45 99
16 48
36 50
11 25
0 39
72 17
36 13
29 99
36 47
32 99
35 64
0 51
54 93
17 25
81 98
68 19
23 50
12 77
45 56
88 77
36 97
96 64
25 99
34 77
64 99
13 10
76 73
10 99
45 79
0 49
98 99
77 99
0 79
0 92
46 99
0 72
63 46
90 79
3 92
52 53
23 24
76 75
7 99
0 36
82 73
0 23
63 21
29 57
79 99
50 99
2 38
85 45
92 99
0 99
0 15
16 39
0 71
24 99
0 85
75 5
50 57
42 99
0 12
29 31
68 37
46 28
42 48
63 55
59 31
9 73
95 53
68 35
0 61
47 99
0 29
44 16
57 99
48 40
68 11
0 63
53 28
