5
60
64
73
35
42
100
0 19
86 96
61 96
0 18
19 96
0 87
56 96
0 31
80 96
0 96
0 27
0 13
0 93
71 96
0 68
47 96
88 96
0 32
91 96
37 96
0 3
0 86
49 96
0 45
0 44
0 94
16 96
8 79
86 21
52 96
79 96
32 96
95 96
0 39
0 74
0 47
21 96
28 96
78 96
0 91
57 6
75 96
0 52
47 5
0 82
0 38
0 4
0 20
0 57
0 95
0 66
79 5
6 96
46 96
0 25
0 79
0 72
0 26
0 37
0 30
0 78
1 96
10 96
0 59
0 61
69 96
70 96
0 36
0 21
0 51
0 24
0 43
0 81
0 40
69 30
0 50
5 96
65 96
34 96
2 96
68 96
89 96
0 9
0 69
0 22
24 96
0 83
57 96
23 72
0 75
74 96
11 96
93 96
53 96
8 96
72 96
0 23
17 96
14 96
94 96
