5
25
13
23
53
96
77
0 99
0 1
97 98
41 91
4 98
41 97
41 42
38 33
38 37
43 44
43 76
90 46
48 47
55 56
57 56
10 89
4 74
4 5
4 3
4 70
6 5
7 8
75 20
90 89
88 89
21 20
59 18
11 81
84 26
17 18
11 10
12 82
26 27
52 29
2 1
2 87
30 29
2 3
93 94
54 55
15 14
65 66
68 67
48 67
57 86
84 85
59 87
80 5
16 17
16 35
69 80
51 84
69 71
82 83
69 70
31 32
31 35
31 93
71 72
52 81
59 80
61 91
48 49
48 93
61 60
62 49
64 91
64 65
33 32
91 90
72 78
75 76
35 34
58 91
58 57
57 73
91 51
