0
100
29 35
12 30
27 30
13 30
28 30
18 30
29 30
29 26
25 26
27 26
22 26
23 26
24 26
1 28
1 27
2 28
20 24
21 24
2 29
3 29
1 29
23 27
23 24
25 27
25 24
22 24
25 28
21 25
22 25
19 23
20 23
21 23
19 22
20 22
21 22
14 18
14 17
14 16
14 15
11 15
12 15
12 16
13 17
13 16
10 13
9 13
11 13
12 13
11 10
6 10
7 10
9 12
9 10
8 12
8 10
11 12
9 11
8 11
8 4
0 4
0 7
9 7
5 7
6 7
8 7
1 4
3 7
5 4
6 4
2 4
0 3
6 3
1 3
2 3
0 1
0 8
0 6
0 2
51 54
44 49
50 54
50 53
46 52
45 52
48 51
52 53
36 39
46 47
46 37
32 33
40 39
46 42
32 37
42 47
42 39
37 39
43 38
43 39
43 47
44 38
