5
10
30
69
74
88
100
92 96
83 96
0 25
0 49
0 94
0 73
0 59
0 89
45 96
81 96
0 36
59 96
0 55
77 96
0 43
0 5
62 96
61 96
40 96
76 96
53 96
0 41
0 96
72 96
0 42
67 96
0 6
0 16
0 38
54 96
0 8
78 96
0 66
0 47
0 85
3 96
0 24
0 71
31 96
47 96
89 96
0 18
29 34
21 96
71 96
0 70
0 57
34 96
0 29
0 91
86 96
0 39
0 62
0 86
0 4
0 45
0 79
0 90
0 52
87 96
32 96
0 76
0 82
50 96
0 80
0 26
0 68
0 21
0 35
18 96
43 96
53 64
17 96
0 37
0 87
0 63
0 78
25 96
0 50
0 1
0 77
0 53
0 75
51 96
95 96
64 96
80 96
75 96
0 46
0 44
0 27
0 92
0 58
22 33
0 12
8 96
0 95
0 22
0 72
0 34
