5
84
21
7
44
88
100
0 22
0 10
0 61
0 83
0 72
0 27
91 95
0 58
67 95
0 46
0 2
0 47
0 53
0 67
9 95
0 57
0 51
0 25
0 86
0 90
41 70
0 69
0 80
0 74
42 12
0 39
67 70
0 95
0 12
80 95
0 78
0 82
0 24
0 94
42 80
0 9
0 14
10 95
0 42
70 95
0 11
12 95
25 72
53 95
0 18
27 95
15 74
72 95
56 95
25 95
5 95
22 95
0 15
0 6
0 17
82 95
0 28
0 1
0 56
5 74
0 13
0 71
0 19
45 95
66 95
93 95
0 5
0 48
0 63
0 79
0 26
0 70
0 45
0 4
0 77
0 75
74 95
0 55
0 30
0 33
14 95
81 95
17 95
52 95
0 66
0 65
0 68
49 95
40 95
0 85
0 3
0 37
0 49
0 52
0 64
0 73
0 40
0 32
83 95
71 95
