0
100
59 99
0 4
41 85
47 92
86 99
92 99
66 21
53 99
0 88
41 24
0 61
66 99
0 95
1 3
77 56
0 14
49 42
26 40
97 87
94 83
46 99
21 99
12 99
7 30
0 19
9 37
42 99
24 17
0 91
76 56
15 49
0 26
0 94
0 24
37 56
0 46
43 63
40 30
5 6
0 27
98 29
43 81
43 62
43 5
61 83
43 91
61 96
7 70
74 29
27 63
61 38
43 7
61 70
60 77
83 99
30 99
56 99
60 75
43 61
27 40
60 52
43 35
13 75
86 77
92 44
75 99
40 77
17 96
31 77
2 74
43 15
87 44
98 81
75 29
60 71
36 25
47 77
16 81
12 44
40 81
14 89
43 90
86 13
43 37
87 85
96 99
12 29
63 59
43 12
83 14
11 13
43 92
43 60
83 16
19 52
29 99
77 99
69 81
90 84
89 81
