5
7
43
72
22
37
100
15 82
67 4
52 82
0 21
54 82
0 62
60 82
0 79
0 38
0 15
18 82
0 13
0 4
0 12
0 54
0 29
62 82
0 34
0 10
0 74
0 1
0 55
0 8
35 82
47 26
47 79
73 82
70 82
47 42
47 41
47 20
47 10
47 62
47 64
47 57
17 82
14 82
23 82
4 82
47 1
26 82
47 21
47 75
47 15
47 81
47 69
47 39
74 44
74 36
74 55
74 12
51 82
71 82
2 82
74 16
77 82
53 82
74 69
74 41
74 33
74 50
74 32
42 82
44 82
74 35
63 82
13 82
6 82
77 33
10 64
57 82
74 51
1 67
74 10
74 52
74 38
74 71
74 46
74 6
74 13
74 57
9 82
33 82
64 82
3 54
3 61
28 67
16 67
61 67
50 67
55 67
3 46
3 66
62 67
42 67
3 71
3 41
3 31
3 15
5 67
