5
73
68
71
80
66
100
18 94
51 94
0 29
0 32
0 18
49 94
0 84
62 94
59 94
93 94
0 16
6 94
34 94
0 46
0 77
0 43
0 38
0 28
4 94
8 94
0 23
87 94
32 94
47 94
11 94
85 84
17 16
0 19
69 84
12 16
0 86
0 1
82 84
12 11
0 15
78 84
16 84
11 84
13 84
83 84
61 28
0 58
87 28
22 28
11 28
0 39
55 28
0 9
53 28
32 28
27 28
37 28
0 91
0 82
0 25
0 17
0 89
0 87
53 12
34 28
53 62
75 28
53 92
53 69
53 27
53 51
53 2
53 34
53 54
83 29
53 52
53 87
90 28
53 83
53 36
53 15
53 19
53 81
53 78
53 37
41 69
41 24
41 64
41 34
41 76
41 83
62 28
56 28
41 39
70 28
41 42
41 56
41 13
41 72
41 91
18 28
46 28
91 28
69 29
41 40
