5
3
8
6
12
7
100
0 14
0 26
0 17
16 99
0 45
0 10
17 99
0 23
32 99
5 93
0 21
49 21
97 18
17 21
0 41
18 21
0 69
0 24
35 21
53 21
93 21
27 1
0 46
0 9
97 69
0 13
0 15
9 1
0 28
0 31
0 18
0 70
0 98
0 65
0 67
0 22
0 29
0 62
0 20
0 66
0 25
0 83
40 1
0 72
63 40
63 57
63 43
63 20
48 66
48 33
48 35
48 34
61 1
48 18
36 5
36 9
87 60
15 1
84 1
36 19
33 1
36 35
36 49
44 1
36 61
36 18
60 1
36 66
36 17
36 84
93 87
93 35
17 14
17 9
17 82
17 90
17 84
17 81
17 35
17 59
50 1
42 1
25 30
25 22
25 14
25 31
28 62
25 4
86 1
25 94
25 37
29 28
57 1
29 16
86 22
86 57
86 24
19 68
19 9
19 79
