5
48
10
16
5
24
100
46 98
0 4
44 98
0 6
43 98
47 98
34 45
26 45
38 45
0 3
14 45
0 7
0 2
0 19
84 45
64 45
30 45
0 49
0 29
22 45
0 74
0 9
0 39
0 79
0 69
18 45
0 59
89 40
8 45
89 30
42 45
20 4
20 26
28 45
20 13
20 19
20 34
58 45
78 45
88 45
26 68
14 68
33 68
38 68
32 7
6 7
40 7
20 44
30 4
18 7
20 3
6 50
4 50
2 50
12 3
28 3
8 3
8 78
40 37
2 37
14 37
28 37
26 37
20 29
14 90
20 23
46 90
20 33
23 90
20 9
20 43
20 47
30 36
40 32
46 32
20 93
20 42
20 54
20 83
43 32
20 94
57 32
21 32
33 32
25 32
20 39
20 59
71 32
20 63
96 32
20 69
31 32
20 79
20 84
20 73
53 28
53 12
93 32
75 32
31 82
