5
43
95
48
85
83
100
68 99
89 99
38 99
8 99
90 99
0 87
0 52
0 25
0 42
9 99
0 24
79 99
34 99
0 11
0 92
21 99
59 99
98 99
45 99
11 99
0 12
0 71
0 74
0 15
0 61
0 20
16 99
6 28
0 93
0 78
0 90
0 44
0 19
0 64
0 45
0 6
0 57
0 88
0 91
0 23
0 10
27 99
0 59
13 99
0 97
0 40
0 51
0 35
0 98
0 58
28 99
62 99
31 99
0 9
42 26
0 37
96 99
0 49
0 66
0 13
0 80
0 53
0 86
72 99
29 99
71 91
88 99
0 47
0 4
0 99
0 55
0 17
0 82
0 68
0 38
0 67
0 72
57 99
26 99
54 99
0 32
0 34
0 36
74 99
0 70
0 73
2 91
0 41
0 27
76 51
75 99
0 1
0 8
0 96
77 99
67 99
63 91
46 25
0 84
0 94
