5
33
66
61
24
1
100
90 95
0 14
19 95
0 17
0 60
0 41
89 95
0 82
0 94
0 10
0 6
34 62
53 7
0 45
68 95
37 95
0 36
7 95
0 64
0 11
45 95
62 95
0 95
0 78
0 34
65 95
0 51
35 95
64 95
75 95
0 89
0 53
29 95
0 74
0 19
0 21
0 49
0 58
67 95
0 18
17 95
94 95
38 95
2 95
34 95
0 27
41 95
56 95
0 75
48 95
85 95
79 95
0 59
52 95
0 46
71 93
0 4
91 95
0 92
29 60
0 88
0 71
0 37
60 95
47 95
0 81
0 91
0 16
0 20
0 7
0 73
0 68
15 95
12 95
0 87
0 22
93 95
0 35
0 47
0 29
0 50
0 38
0 86
83 10
0 72
46 95
0 48
0 30
0 85
0 69
22 95
11 95
20 95
10 95
21 95
72 95
28 95
53 95
0 42
92 95
