0
100
0 1
0 10
0 8
0 3
0 6
0 2
0 9
0 7
0 4
91 99
96 99
93 99
98 99
88 95
85 95
87 95
90 99
86 95
81 95
89 95
83 95
82 95
92 99
97 99
94 99
82 93
97 84
76 84
80 84
96 84
78 84
91 84
77 84
75 84
85 93
89 93
72 84
87 93
98 84
94 84
90 84
88 93
74 84
83 93
86 93
92 84
79 84
71 84
81 93
85 73
83 73
64 73
63 73
87 73
70 73
68 73
66 73
88 73
82 73
61 73
65 73
86 73
89 73
69 73
81 73
67 73
71 62
74 62
59 62
75 62
58 62
77 62
55 62
54 62
53 62
79 62
57 62
56 62
52 62
51 62
60 62
72 62
80 62
76 62
5 18
5 19
5 14
5 16
5 20
5 15
5 11
5 12
5 13
17 4
17 28
17 9
17 3
17 1
17 8
17 26
