0
100
15 99
91 99
77 99
25 99
22 99
74 99
18 99
7 99
21 99
96 99
95 99
73 99
13 99
31 99
28 99
71 99
20 99
5 99
76 99
1 99
67 99
16 99
10 99
66 99
2 99
87 99
94 99
90 99
79 99
88 99
93 99
84 99
23 99
6 99
12 99
83 99
72 99
30 99
89 99
65 99
80 99
24 99
8 99
82 99
9 99
86 99
92 99
27 99
19 99
97 99
78 99
33 99
32 99
26 99
75 99
17 99
85 99
70 99
29 99
14 99
11 99
4 99
68 99
69 99
81 99
0 98
0 30
0 77
0 20
0 22
0 68
0 6
0 25
0 81
0 80
0 19
0 71
0 10
0 8
0 90
0 69
0 70
0 3
0 28
0 94
0 85
0 7
0 23
0 2
0 78
0 97
0 86
0 14
0 84
0 11
0 9
0 73
0 74
0 87
0 29
