5
72
80
16
59
48
100
0 65
0 69
86 98
0 32
0 41
88 98
0 63
0 38
0 23
81 98
1 98
0 56
0 84
0 54
0 30
0 22
65 98
0 33
0 7
0 6
0 1
0 26
0 40
0 36
0 27
0 25
0 60
69 98
0 3
27 98
0 29
56 98
0 87
74 98
36 98
84 98
50 98
0 98
0 9
32 98
89 98
0 88
0 5
0 90
26 98
0 77
54 98
0 57
18 98
0 70
30 98
13 98
40 98
65 61
0 74
0 62
83 98
0 47
0 92
0 94
61 98
57 98
93 98
0 35
0 58
49 98
73 98
96 98
0 10
0 78
37 98
64 98
0 50
0 19
0 81
89 86
0 82
0 20
0 89
0 28
0 64
0 67
0 73
42 52
0 86
0 43
0 79
0 85
0 53
0 68
0 91
0 13
0 2
0 18
0 83
55 98
52 98
0 17
0 45
0 96
