5
11
4
18
67
60
100
0 51
9 96
0 22
0 42
0 57
95 96
62 96
50 28
0 75
0 92
28 96
0 13
40 96
89 96
15 96
10 96
56 96
22 96
0 46
0 82
0 87
0 14
0 39
0 61
0 70
19 74
0 63
61 55
0 28
0 19
0 74
0 96
0 1
0 10
65 96
0 77
0 76
0 21
0 41
0 2
40 55
0 12
0 62
0 68
0 36
0 53
64 96
0 40
0 91
20 96
0 50
0 65
27 96
34 55
0 31
0 54
49 96
30 96
55 96
0 66
0 83
74 96
0 84
0 64
72 96
0 37
0 20
33 96
0 78
0 45
66 96
0 58
0 44
0 38
57 96
83 96
0 5
12 96
0 80
78 96
14 96
26 96
12 80
84 96
0 72
0 23
81 96
0 29
0 8
0 24
17 96
80 96
0 81
0 73
0 59
0 35
91 96
0 90
0 32
69 96
