5
26
72
84
79
1
100
0 21
0 8
0 49
10 98
0 88
0 29
0 18
0 68
0 69
0 14
0 57
2 98
0 70
0 6
21 98
0 27
0 61
60 98
47 98
75 3
22 98
74 71
0 4
0 9
0 56
0 75
0 48
0 83
0 91
0 54
71 98
0 19
0 35
81 98
0 20
0 53
3 98
12 98
17 98
97 98
92 98
0 13
0 50
57 98
0 67
0 86
0 95
29 98
0 64
0 73
0 80
55 41
39 98
8 45
55 40
59 98
82 98
53 98
55 13
55 58
55 65
55 77
63 98
45 98
31 98
19 98
11 98
12 23
55 43
55 49
55 54
55 39
55 3
58 98
55 67
55 14
55 12
50 98
4 98
55 63
55 95
89 98
69 98
17 54
36 98
44 98
13 98
54 98
55 30
55 78
55 19
55 35
8 65
36 65
55 57
55 21
11 65
55 5
55 69
91 65
