0
100
86 93
0 57
93 99
0 7
0 34
0 30
9 19
0 46
0 9
15 87
8 64
0 35
0 8
52 57
17 57
49 99
0 33
17 39
7 60
11 99
79 99
26 99
48 82
0 17
0 43
65 71
67 32
19 99
62 99
16 69
25 61
95 52
28 86
0 44
69 99
68 34
5 56
28 76
12 58
95 20
0 97
22 99
82 99
29 17
13 99
58 99
63 99
64 99
0 25
56 99
95 75
55 68
95 59
68 99
30 99
75 99
19 57
59 41
56 57
43 23
57 99
23 99
90 99
50 99
88 99
80 46
63 53
36 74
46 99
51 26
6 99
86 61
95 72
53 99
40 72
56 77
1 99
0 28
89 99
81 72
42 77
47 66
21 83
0 29
0 81
85 34
95 70
65 83
0 52
0 19
0 95
5 66
80 36
0 85
1 68
0 5
65 8
77 99
72 99
69 34
