5
34
13
62
50
59
100
65 79
11 24
4 79
0 20
28 79
24 79
0 35
0 51
47 79
14 79
0 17
0 64
0 60
54 79
78 79
0 37
8 79
0 27
2 7
41 79
0 15
0 72
7 79
27 79
0 69
0 44
66 79
30 79
33 79
51 79
63 79
37 79
11 79
71 79
0 26
78 52
37 52
64 52
0 14
47 52
0 9
46 52
0 1
0 43
60 52
0 10
0 73
0 36
16 52
26 52
0 38
0 66
53 70
53 20
4 52
41 52
65 52
25 52
53 15
3 52
53 77
53 1
53 48
73 52
23 52
29 52
5 1
21 1
72 1
42 1
53 69
53 5
18 1
58 1
56 1
4 1
36 1
53 57
30 1
51 1
15 1
65 1
53 31
67 1
19 1
23 40
53 38
53 49
53 23
26 1
22 1
17 40
55 1
40 1
68 7
46 7
53 73
41 54
53 71
53 29
