5
36
18
61
21
73
100
0 99
0 39
0 29
0 71
76 99
0 23
80 99
86 99
25 99
22 64
0 43
22 99
64 99
0 69
0 14
0 42
5 93
0 37
0 89
79 99
0 5
0 58
3 99
0 65
60 99
0 27
0 63
2 99
0 79
0 33
93 99
16 23
0 53
0 35
0 25
11 99
0 16
0 83
0 31
65 66
54 99
92 99
34 99
0 98
0 7
0 93
53 99
83 99
0 24
0 50
82 99
0 15
0 2
0 49
97 5
32 99
62 99
42 99
0 78
66 99
20 99
0 92
0 67
5 99
58 99
10 99
0 13
0 59
0 68
0 60
0 74
0 12
0 72
0 96
0 55
0 62
0 41
85 99
0 86
0 28
0 8
0 22
75 99
57 99
81 99
88 47
0 6
0 46
65 99
0 56
84 99
0 64
24 99
47 99
81 20
23 99
63 68
8 99
14 99
68 16
