0
100
28 89
54 89
87 89
19 89
27 89
1 89
81 89
64 89
40 89
43 89
86 89
44 89
59 89
70 89
62 89
35 89
16 89
32 89
39 89
36 71
17 71
52 71
20 71
12 71
39 15
5 15
59 15
70 15
9 71
61 15
79 15
40 71
44 15
0 71
22 15
29 71
35 15
55 71
58 15
17 15
83 71
26 71
84 15
56 15
14 71
62 71
45 15
13 15
61 71
27 71
54 71
7 15
67 71
32 15
50 15
78 71
22 71
29 15
1 8
19 8
67 8
29 8
28 8
6 8
61 8
41 8
57 8
52 8
12 8
68 8
27 8
72 8
36 8
51 8
17 8
74 8
69 8
5 8
66 8
0 60
0 78
4 37
0 79
0 18
4 33
4 47
4 22
4 77
0 75
0 6
4 51
4 88
4 20
0 43
4 1
0 86
0 21
0 88
0 24
0 63
