5
69
40
49
74
21
100
0 70
87 90
15 55
0 11
0 29
28 90
70 90
54 90
0 79
0 63
0 44
16 90
0 64
0 83
0 39
0 61
0 56
30 90
0 75
0 55
0 62
0 30
0 5
65 90
0 76
81 90
34 90
0 87
0 90
0 3
0 59
0 43
61 90
0 35
58 90
0 65
0 19
0 73
0 12
0 78
33 71
35 90
6 90
71 90
12 90
72 90
38 90
0 4
8 90
0 23
0 28
0 2
0 54
46 90
0 45
80 90
67 90
0 53
22 90
76 90
89 90
4 90
0 36
0 57
0 17
0 42
0 24
0 77
0 80
0 68
50 90
0 13
0 66
0 38
0 34
0 85
48 90
0 32
0 20
0 67
0 25
0 31
0 82
0 9
0 26
86 90
0 18
7 90
1 90
46 16
9 90
32 90
76 64
62 90
45 90
0 51
0 46
0 14
0 86
23 90
