0
100
65 94
58 94
26 94
13 94
16 94
80 94
22 94
56 94
91 94
9 94
17 94
53 94
75 94
93 94
52 94
4 94
66 94
45 94
57 94
28 94
12 94
47 94
27 94
61 94
20 94
15 94
68 94
5 94
77 94
49 94
14 94
69 94
86 94
35 94
60 94
67 94
39 94
82 94
6 94
32 94
23 94
55 94
63 94
89 94
38 94
51 94
25 94
2 94
81 94
46 94
10 94
83 94
24 94
84 94
87 94
71 94
1 94
54 94
11 94
33 94
30 94
19 94
3 94
48 94
43 94
72 94
29 94
76 94
7 94
34 94
73 94
37 94
8 94
44 94
41 94
64 94
42 94
40 94
79 94
21 94
62 94
90 94
92 94
31 94
0 94
70 94
85 94
78 94
88 94
18 94
50 94
36 94
59 94
66 74
16 74
65 74
58 74
75 74
40 74
9 74
