5
58
4
46
59
14
100
0 72
55 99
0 85
31 99
66 11
0 10
76 89
38 99
0 53
32 99
45 99
0 43
0 55
0 21
0 13
0 6
89 99
77 30
29 99
0 3
0 75
80 32
0 22
0 66
30 99
86 99
61 99
0 42
79 34
0 8
0 49
0 80
0 1
51 99
0 23
0 19
0 20
0 50
0 79
0 18
0 17
0 38
0 27
88 72
0 87
0 82
16 99
9 99
0 37
0 89
10 99
54 99
0 44
0 76
11 99
0 99
25 99
0 12
0 78
0 39
0 47
0 83
60 99
0 7
0 45
75 99
34 99
42 99
0 57
0 77
0 36
0 52
86 87
0 68
0 98
66 99
0 56
81 99
0 28
0 67
85 99
0 24
0 35
0 65
0 95
0 94
0 69
0 92
0 97
0 26
0 48
71 99
0 70
0 30
64 84
47 99
0 62
0 88
40 99
0 86
