5
5
84
87
81
45
100
11 12
33 34
11 21
0 1
11 2
10 20
10 11
1 2
20 21
30 21
30 31
40 50
40 41
31 32
31 22
31 41
24 25
34 35
57 67
79 89
63 73
23 33
86 96
21 22
12 13
98 99
12 2
12 22
88 89
3 13
4 13
14 15
14 24
14 13
23 24
23 32
23 22
32 41
32 42
33 43
33 24
42 52
42 41
42 43
51 61
51 52
51 41
51 50
60 61
62 72
70 80
70 61
82 92
71 62
82 83
71 72
71 80
62 63
61 52
78 88
62 53
52 43
53 63
53 43
79 88
53 54
44 35
46 55
97 98
85 94
66 76
44 54
46 37
66 67
86 95
34 25
15 6
15 25
16 17
16 26
16 25
16 7
7 17
38 48
8 17
8 18
85 95
57 56
36 46
74 83
47 56
47 57
73 83
73 82
92 93
9 18
19 29
19 28
18 28
27 28
