5
87
30
12
67
90
100
0 91
0 79
0 70
0 16
0 7
26 97
0 85
0 34
68 97
0 83
0 50
60 97
71 76
0 44
0 66
0 92
62 97
37 97
0 68
0 20
0 65
1 97
94 97
0 8
0 95
4 97
0 18
76 97
56 97
0 19
0 89
0 36
0 80
0 39
0 88
0 48
0 74
0 26
0 97
0 3
0 43
10 97
17 97
0 77
0 58
28 56
0 4
44 97
0 28
0 64
0 81
0 71
0 31
0 42
0 11
81 97
0 17
79 97
35 97
54 97
50 97
0 32
91 97
0 82
72 97
0 61
0 27
0 69
47 78
0 76
0 6
0 47
0 93
0 13
0 57
0 78
0 49
0 62
2 97
0 40
0 55
53 97
95 97
20 97
0 63
0 1
15 97
0 38
2 32
80 97
82 97
32 97
25 97
0 75
0 51
0 41
93 97
0 2
57 97
27 97
