5
98
72
4
9
65
100
67 99
43 99
18 99
0 77
0 57
0 67
0 1
0 56
57 99
60 38
60 82
12 99
6 99
8 99
44 83
18 83
60 93
60 19
20 83
6 83
93 83
89 83
60 57
71 43
60 94
44 43
85 43
60 95
15 43
48 39
12 56
12 66
71 39
12 31
22 43
30 42
39 43
12 44
73 42
96 59
5 42
12 84
12 7
12 40
12 96
88 14
88 11
15 42
88 69
88 76
88 87
29 77
29 97
92 42
2 42
29 71
29 82
29 70
79 10
79 41
56 42
81 42
59 42
16 3
79 45
86 3
79 1
79 50
55 3
79 44
82 52
82 21
68 3
82 45
82 64
82 78
61 85
61 15
61 59
61 23
81 5
61 80
76 71
40 3
27 3
5 3
76 46
35 63
17 63
23 63
76 36
76 2
76 32
76 81
66 63
51 63
89 23
89 27
55 63
87 63
