5
60
33
76
72
84
100
0 99
0 23
24 99
0 98
25 99
0 75
34 99
90 99
0 44
0 55
0 15
14 99
81 99
62 99
32 99
0 79
22 99
37 99
67 99
46 99
0 20
0 29
0 35
66 99
0 83
0 42
0 6
0 17
0 96
0 25
1 99
73 99
58 99
0 82
0 24
0 67
70 99
0 48
0 51
0 74
54 99
0 87
0 94
0 37
0 2
47 99
0 22
0 36
0 53
0 92
79 99
0 19
0 70
49 99
88 99
0 45
0 54
89 99
0 49
38 99
0 3
0 46
0 80
0 88
0 7
0 93
83 99
0 89
0 12
0 1
64 99
39 99
75 99
40 99
71 99
3 99
13 99
23 99
0 28
93 99
0 16
0 52
0 31
59 99
77 99
0 21
0 68
0 40
0 5
0 11
0 47
78 29
4 99
0 61
80 99
0 78
0 77
0 13
12 99
0 59
