5
37
19
34
92
11
100
0 86
0 57
9 56
0 60
0 69
56 99
74 99
96 99
59 99
64 99
7 99
0 73
0 95
63 48
58 99
52 99
48 99
0 75
21 99
28 60
0 82
0 3
56 49
56 41
56 25
56 4
56 1
56 81
56 75
56 91
56 18
56 62
51 55
51 43
6 60
50 60
51 54
27 60
81 60
66 60
51 14
51 91
51 95
97 60
16 60
46 60
51 68
51 58
51 30
63 23
51 79
51 88
63 33
63 17
63 96
63 54
63 50
63 81
25 60
40 60
63 18
63 78
74 60
76 59
63 44
80 60
91 60
59 33
63 3
63 40
74 33
63 67
2 46
2 86
2 94
2 10
83 53
2 62
13 33
2 97
2 25
50 33
53 33
66 33
2 64
2 90
23 33
2 74
2 5
2 30
2 16
23 20
23 26
23 81
23 5
71 33
57 87
23 8
27 33
87 33
