5
35
31
27
55
59
100
0 1
64 99
0 26
0 89
0 67
0 14
0 61
12 99
0 50
0 88
0 81
0 85
0 16
48 99
58 99
0 68
0 90
0 20
93 60
82 99
63 99
0 25
51 99
67 85
71 99
0 24
85 99
0 36
0 34
68 99
57 99
0 65
8 99
0 93
14 99
0 92
90 99
23 99
83 99
29 99
60 99
0 94
1 99
50 99
0 51
49 99
0 19
89 99
95 99
0 76
0 54
81 99
16 99
0 29
0 78
0 40
0 12
92 99
0 18
87 99
0 91
53 99
0 99
77 99
87 46
76 99
0 64
0 44
0 3
0 10
0 28
0 84
0 73
46 99
0 82
0 60
74 99
0 79
0 71
0 41
0 38
9 99
61 99
72 99
33 99
34 99
0 39
0 66
0 95
0 98
44 99
0 5
36 54
20 99
0 74
0 2
43 99
0 42
0 30
0 48
