0
100
0 25
0 73
0 6
0 95
0 99
0 8
0 71
85 83
1 72
85 21
1 42
1 38
1 37
1 59
85 88
85 27
1 44
1 71
1 21
1 82
85 36
85 48
1 81
85 17
85 90
63 66
63 13
19 54
19 23
19 2
19 53
19 64
72 97
12 82
12 35
12 10
12 14
72 94
72 15
12 50
12 51
72 23
72 17
12 60
12 65
12 34
72 89
79 34
79 45
79 70
79 3
77 98
77 28
49 27
5 47
49 84
5 56
5 4
49 40
49 59
49 89
36 80
36 39
36 53
36 70
36 55
22 23
64 96
22 81
64 80
64 99
64 6
64 37
64 89
64 75
22 57
22 28
22 47
97 75
29 35
29 54
97 31
29 57
97 67
29 83
29 28
29 61
29 96
97 81
97 99
81 32
41 70
41 76
41 61
81 2
81 33
41 86
41 35
81 53
41 62
