0
100
0 16
0 71
0 21
23 30
36 99
85 99
83 38
82 6
0 17
73 1
11 99
28 1
10 62
94 25
50 99
25 99
0 65
8 22
9 93
1 99
0 82
36 96
91 44
76 33
10 64
50 8
39 64
56 75
15 54
10 88
93 99
76 26
0 23
92 3
56 86
45 52
14 9
75 99
92 90
94 89
54 99
8 18
45 9
64 99
57 80
46 9
18 99
9 99
31 99
13 99
65 60
24 99
38 89
0 14
77 99
41 99
0 27
50 62
74 59
30 65
0 92
57 4
47 15
84 71
72 62
0 39
91 66
0 36
48 65
27 99
58 65
45 29
58 62
40 26
0 57
80 74
59 99
16 4
33 50
56 12
35 15
47 56
65 62
80 72
58 69
54 86
29 4
3 67
81 8
0 94
0 91
87 62
0 47
20 89
0 80
96 52
58 34
71 4
81 54
14 99
