0
100
40 99
2 99
49 99
16 35
73 35
93 35
0 95
0 4
0 85
0 3
0 48
0 14
32 94
32 95
32 58
1 87
26 87
16 87
88 87
58 87
10 74
59 74
98 74
30 20
40 20
43 20
41 20
44 20
97 98
14 98
81 98
51 25
54 25
91 25
92 25
8 25
71 58
11 13
60 58
14 90
51 58
64 90
76 90
24 44
64 13
96 44
71 13
42 58
52 90
24 37
38 90
30 13
6 90
93 13
21 37
85 37
6 44
78 72
77 6
11 6
17 72
67 72
4 3
88 47
28 47
65 50
2 50
15 50
66 29
70 29
26 55
80 97
62 51
48 55
73 97
8 51
75 97
49 55
80 65
1 65
88 65
22 65
46 65
43 75
43 64
39 75
54 15
60 75
92 64
49 21
14 21
27 61
56 34
66 61
59 34
38 34
12 61
68 34
76 94
33 5
