5
40
29
44
32
45
100
0 59
0 26
38 59
49 59
0 22
0 35
20 59
52 59
30 10
25 56
36 10
43 10
20 10
19 38
25 22
25 35
28 7
37 7
8 7
27 3
52 34
11 22
11 18
11 47
11 19
11 38
35 1
35 23
49 16
19 58
19 30
48 43
48 42
57 16
55 16
23 16
15 16
56 16
30 37
58 33
47 16
37 16
13 16
41 24
58 42
38 37
53 24
51 26
49 28
31 28
52 28
13 28
49 26
15 20
1 33
5 33
58 23
13 33
58 22
41 46
55 22
23 54
56 46
54 46
22 46
47 6
18 6
36 42
58 17
58 36
58 57
58 15
58 55
58 51
12 15
52 21
51 8
22 50
22 18
49 21
52 36
17 21
22 47
22 41
50 21
22 39
22 4
9 55
47 5
47 18
17 36
56 43
5 57
56 2
31 57
43 57
23 2
17 30
17 1
17 5
