0
100
45 43
0 70
43 70
0 32
0 20
65 61
0 38
0 23
65 8
47 38
55 28
49 70
36 46
68 33
0 26
35 55
47 45
65 35
30 8
33 22
47 36
65 68
28 34
63 70
0 47
22 70
57 42
46 6
65 4
34 70
7 64
61 70
61 14
0 46
66 21
51 70
0 57
0 53
17 53
0 58
49 18
0 65
21 70
0 66
11 7
0 17
11 43
49 66
32 28
0 49
9 53
0 11
0 9
45 70
26 70
14 70
20 28
64 70
38 28
63 18
37 15
0 54
44 70
43 18
0 48
60 42
22 20
4 18
19 3
22 25
3 70
15 70
22 13
23 27
43 38
21 29
43 58
0 22
41 18
25 54
42 55
54 70
69 55
0 21
3 48
30 46
13 70
46 57
50 2
18 70
0 60
25 48
55 70
23 1
48 70
3 57
23 4
57 70
28 24
7 53
