5
1
43
40
32
15
100
0 95
0 7
78 99
69 99
48 99
0 89
12 99
0 18
0 31
0 19
72 99
0 94
0 23
0 58
0 60
11 99
0 67
0 55
35 99
91 99
0 17
0 27
0 38
24 99
96 99
93 99
52 99
95 99
33 99
73 99
27 99
85 99
0 36
0 92
0 11
13 66
90 99
77 99
30 99
0 52
0 45
36 99
7 99
29 99
66 99
41 99
0 74
0 82
0 4
6 99
0 69
0 54
0 57
0 22
0 13
0 37
0 26
50 79
2 99
0 86
0 91
0 6
0 71
0 75
0 48
0 50
0 96
60 99
67 99
0 76
79 99
0 51
0 39
0 83
0 46
0 5
0 63
0 81
0 64
0 62
0 42
0 97
92 99
0 10
0 85
0 2
57 99
0 66
0 88
0 65
0 34
59 82
0 84
0 90
22 99
94 99
50 99
37 99
95 5
0 59
