5
15
29
53
38
74
76
94 99
0 3
50 99
0 98
86 99
91 10
96 52
68 25
23 62
23 88
23 1
23 36
89 10
34 35
62 81
42 19
44 81
62 67
42 96
82 19
98 19
27 28
97 28
30 14
73 28
40 28
88 51
45 86
20 73
78 98
84 98
70 61
30 61
97 94
43 50
8 16
1 49
42 63
31 71
76 49
42 58
42 43
93 11
17 80
17 37
7 1
75 11
21 83
21 66
8 11
87 72
78 68
58 59
27 62
63 33
4 22
66 7
26 4
75 84
30 84
9 64
46 6
87 8
37 63
37 56
93 56
75 87
65 13
3 18
93 83
66 83
45 76
65 45
37 82
37 65
77 66
