5
56
58
49
41
32
100
0 3
0 13
0 33
0 21
0 26
0 40
0 2
0 34
44 59
0 50
0 44
0 6
0 16
0 28
0 47
21 8
36 4
5 59
0 59
8 59
33 59
21 24
0 29
0 37
0 22
0 36
0 14
9 59
4 59
0 54
0 27
0 5
40 59
26 59
52 59
0 45
0 38
0 31
0 15
0 51
0 48
0 46
28 59
57 59
37 59
16 59
48 59
0 30
0 12
0 17
0 18
0 43
55 59
6 59
0 7
0 9
0 4
0 8
0 39
0 23
0 55
14 38
0 35
0 19
0 42
50 45
30 59
13 59
0 20
45 59
0 24
3 2
52 26
7 59
52 44
52 25
52 43
42 59
52 34
2 59
52 46
39 59
10 59
55 34
52 13
52 6
52 23
52 55
52 38
52 42
52 8
52 24
52 2
52 45
52 10
52 20
11 59
52 54
52 9
3 34
