5
2
11
55
87
16
100
0 86
49 99
21 99
0 79
80 99
29 99
0 7
0 54
5 99
64 99
0 99
0 45
0 83
0 91
0 89
0 38
34 99
17 99
67 99
0 64
0 57
0 1
0 75
9 99
0 74
3 99
0 58
0 12
0 15
0 4
0 17
0 68
0 53
0 43
0 66
0 67
0 13
0 84
0 90
10 99
14 99
41 99
72 99
32 99
60 99
58 99
0 85
56 99
0 28
0 63
0 59
0 18
0 56
0 3
0 39
0 29
0 78
76 99
0 51
13 99
0 94
78 99
0 65
9 15
88 60
30 99
0 49
98 99
62 99
0 72
15 99
0 20
9 95
96 99
0 97
0 88
0 82
0 24
46 99
0 76
0 48
0 98
0 81
0 77
0 50
0 33
0 60
0 36
0 6
0 70
61 8
61 12
68 99
42 99
61 80
1 99
8 99
95 99
61 75
61 79
