0
100
18 20
53 19
0 65
0 9
28 21
61 13
0 28
59 29
62 99
18 93
20 99
95 88
69 50
40 22
81 90
52 71
44 81
60 39
18 2
63 90
18 32
18 52
55 64
12 21
93 36
53 33
63 40
95 93
30 42
75 50
22 71
87 93
95 30
95 63
1 90
95 68
95 55
35 99
84 92
49 65
66 88
19 99
39 99
66 70
66 8
17 36
60 76
37 69
60 17
61 33
71 41
60 85
60 64
32 50
29 36
41 73
31 37
60 52
32 78
38 71
5 4
38 41
60 31
38 20
38 63
28 53
34 92
69 33
80 36
92 33
56 4
25 84
32 17
4 50
73 33
13 50
91 24
32 25
6 3
35 61
36 33
42 72
3 33
40 46
13 73
61 50
22 96
32 31
96 50
16 72
62 72
61 72
49 72
76 3
32 91
98 3
64 3
62 3
80 74
9 96
