5
35
9
3
18
90
100
58 99
54 99
0 51
0 83
0 77
0 98
0 99
0 33
0 75
52 79
0 46
0 88
0 52
0 59
0 40
0 54
93 99
0 80
0 48
15 99
0 89
79 99
0 12
33 99
0 82
20 7
0 70
31 99
0 39
0 53
0 5
0 69
0 23
0 67
12 99
60 62
0 61
52 99
0 60
7 99
0 25
83 99
0 43
34 82
0 87
82 99
0 66
16 99
47 50
0 26
0 41
0 72
32 99
0 37
0 17
0 56
68 99
60 99
87 50
0 15
0 21
0 91
0 49
0 95
65 99
0 32
0 96
0 1
0 47
0 10
0 27
0 86
34 99
0 93
0 31
43 99
0 58
0 30
28 61
28 16
28 12
28 5
49 99
50 99
64 99
91 99
96 99
31 29
28 65
28 49
28 93
28 54
28 70
28 21
28 41
28 53
28 50
28 14
28 34
30 99
