5
5
2
73
83
65
100
30 97
80 97
11 97
0 66
0 77
0 7
0 74
0 79
0 86
0 95
24 97
0 48
0 19
0 78
0 46
0 33
68 97
53 97
40 97
46 97
19 97
8 97
0 23
0 51
0 41
35 97
36 97
0 12
21 97
6 97
0 3
31 97
0 68
0 62
39 97
95 97
64 97
1 97
0 67
50 97
7 97
0 49
0 59
89 97
91 97
12 97
0 29
0 54
0 37
76 97
0 44
0 87
0 81
0 13
0 56
0 18
33 97
28 97
0 76
0 8
0 71
0 97
34 97
49 97
41 97
52 97
0 28
16 97
0 94
0 32
0 17
0 75
60 97
26 97
57 97
0 50
0 88
0 9
0 22
0 53
0 60
81 97
0 6
0 27
0 70
0 10
69 97
58 97
0 26
0 34
0 24
67 97
38 97
77 97
0 4
29 97
0 35
0 20
0 55
22 97
