0
100
83 95
81 95
24 95
42 95
47 95
39 95
23 95
14 95
32 95
45 95
64 95
90 95
54 95
6 95
3 95
38 95
20 95
40 95
41 95
16 95
33 95
0 36
0 62
0 49
0 11
0 81
0 1
0 15
0 56
0 60
0 63
0 91
0 4
0 68
0 57
0 47
0 75
0 45
0 48
0 58
0 93
0 6
0 40
0 80
0 30
31 41
31 36
31 94
31 49
31 85
31 21
31 66
31 42
31 65
31 63
31 13
31 14
31 16
31 1
31 8
31 25
31 20
31 50
31 73
31 53
31 48
31 77
31 12
18 63
22 63
46 63
88 63
16 63
94 63
38 63
4 63
37 63
82 63
23 63
49 63
26 63
35 63
3 63
56 63
42 63
85 63
6 63
27 63
81 63
36 63
53 63
44 63
93 63
74 63
83 63
8 9
73 9
65 9
7 9
89 9
