0
100
83 84
94 99
11 23
0 46
50 13
0 76
0 83
0 13
68 89
84 99
0 82
93 99
11 38
0 78
68 33
13 66
0 68
86 3
0 64
31 56
0 94
40 99
31 2
46 23
38 28
25 99
0 2
0 99
28 99
0 88
0 65
0 30
50 83
65 98
0 31
77 24
74 57
0 61
27 74
0 74
0 15
6 2
53 78
25 45
27 58
0 29
78 99
6 57
17 55
93 7
12 56
18 39
28 79
91 42
28 39
55 99
0 27
23 86
46 66
2 99
22 11
18 87
83 26
93 29
78 3
57 99
51 26
47 99
59 99
93 26
10 81
25 43
39 99
85 86
69 4
66 99
28 53
86 99
82 26
14 89
78 60
70 7
77 87
23 4
78 46
52 89
4 99
29 88
40 46
70 89
28 14
75 7
77 20
87 89
62 30
95 74
93 60
95 35
93 3
5 55
