0
100
0 92
22 99
48 36
60 99
0 48
22 45
37 29
0 95
21 8
32 79
29 38
7 38
21 37
36 3
32 19
54 38
3 38
98 80
82 38
80 67
16 83
65 88
36 58
2 88
90 58
32 50
32 65
32 7
36 29
82 86
83 88
56 13
92 79
2 34
11 86
36 56
10 92
37 6
46 89
58 86
71 86
47 87
1 87
68 87
26 87
76 17
63 60
36 90
69 87
36 12
36 37
81 39
36 2
75 25
73 85
2 7
78 87
93 66
17 60
53 60
23 3
50 60
97 3
22 3
72 13
29 89
26 84
41 19
23 81
9 3
2 41
81 79
30 13
69 16
13 3
76 35
16 79
2 29
17 57
45 25
51 93
2 52
28 79
2 26
80 20
4 51
14 25
19 47
8 51
95 20
8 77
69 20
41 20
57 20
19 20
51 20
35 20
81 85
10 90
98 92
