0
100
0 24
0 26
52 97
21 49
39 50
61 97
0 21
0 16
0 1
28 69
0 7
15 85
5 50
85 97
5 77
50 97
60 97
61 29
45 76
49 97
0 28
10 71
14 70
77 97
91 97
76 97
0 10
20 95
3 56
47 83
69 97
64 7
68 97
84 23
85 48
5 90
40 53
2 51
70 97
67 17
12 53
89 15
14 79
19 55
0 5
41 75
19 50
10 58
42 79
3 55
95 97
45 78
83 97
20 86
0 3
0 14
63 13
31 53
82 43
30 90
0 42
17 58
23 90
43 51
17 55
0 19
57 32
22 53
27 58
20 84
22 92
94 40
39 51
0 20
87 97
44 49
6 80
43 55
27 53
26 51
31 89
57 8
0 44
70 38
11 90
38 55
43 72
31 90
22 50
13 58
46 55
91 42
17 90
31 88
27 84
22 70
0 17
0 43
39 53
45 58
