0
100
82 93
39 93
32 93
27 93
11 93
19 93
53 93
43 93
80 93
17 93
86 93
46 93
36 93
37 93
13 93
55 93
65 93
75 93
9 93
88 93
54 93
45 93
6 93
12 93
18 93
92 20
52 20
73 20
89 20
34 20
69 20
23 20
21 20
45 20
6 20
36 20
86 20
66 20
71 20
30 20
64 20
32 20
12 20
7 20
65 20
84 20
14 20
16 20
37 20
56 20
88 20
26 20
13 20
3 20
31 20
67 20
33 91
21 91
88 91
59 91
48 91
74 91
82 91
79 91
80 91
9 91
32 91
43 91
12 91
54 91
70 91
87 91
85 91
56 91
10 91
1 91
66 91
86 91
67 91
75 91
49 91
15 91
0 58
0 28
0 45
0 52
0 71
0 41
0 35
0 73
0 10
0 38
0 34
0 18
0 7
0 6
0 31
0 57
0 37
0 60
