5
70
94
22
26
16
100
0 32
0 29
0 72
0 14
0 93
0 66
0 61
32 99
0 53
0 36
0 18
0 17
0 60
0 13
0 95
0 48
29 33
0 84
0 46
90 99
0 9
47 99
91 41
80 99
0 20
0 3
0 86
0 76
69 99
0 57
0 99
0 45
0 91
8 99
10 74
0 15
41 99
64 99
0 55
0 24
0 47
54 99
33 99
0 25
0 59
0 11
56 99
0 79
0 80
74 99
86 99
0 35
0 4
0 82
0 69
0 38
23 99
0 40
9 99
15 99
84 99
77 99
4 99
59 99
0 75
0 10
0 87
50 99
58 99
67 99
41 2
0 1
13 99
0 30
61 28
88 99
40 99
28 99
0 50
2 99
72 99
0 41
0 23
0 27
0 90
79 99
0 65
92 99
0 21
38 99
36 99
81 99
0 73
0 33
0 56
21 99
0 89
0 37
18 99
48 99
