5
62
59
79
81
82
100
50 99
0 49
50 69
50 58
50 78
50 71
50 88
50 93
50 65
50 95
50 56
50 64
50 80
50 76
50 61
50 66
50 67
50 92
50 91
50 60
50 85
50 73
50 83
50 72
50 86
50 63
50 53
50 94
50 74
50 97
50 90
50 75
50 84
50 68
50 98
51 78
51 99
51 69
51 98
51 94
51 96
51 58
51 57
51 64
51 86
51 83
51 88
51 84
51 75
51 85
51 66
51 76
51 56
51 54
51 55
51 74
51 61
51 52
51 77
51 89
51 65
51 53
51 67
51 60
51 91
51 95
51 90
51 87
51 68
51 72
51 71
51 93
51 80
51 92
51 73
51 70
51 97
63 95
63 80
63 96
63 72
63 69
63 77
63 53
63 74
63 85
63 83
63 61
63 90
63 56
63 92
63 73
63 54
63 84
63 65
63 88
63 91
63 78
63 93
63 86
