5
5
28
77
21
7
100
88 99
0 14
0 17
0 68
65 99
0 59
26 99
90 36
30 99
0 58
0 11
66 99
0 42
0 89
0 66
0 45
87 99
25 12
25 24
25 74
25 98
36 99
25 79
15 99
55 9
88 9
25 43
56 9
25 96
13 9
90 9
54 9
65 9
64 9
29 9
51 9
31 53
46 53
14 53
94 53
20 53
25 63
91 15
6 63
90 15
73 15
25 59
63 15
2 96
2 91
2 6
2 41
2 47
6 29
70 15
82 15
34 15
56 67
78 15
36 6
36 37
36 35
87 67
98 67
29 82
74 67
36 60
36 23
36 51
49 30
22 75
22 41
22 29
22 46
22 57
22 1
3 67
22 4
22 45
22 90
55 48
55 86
55 89
55 60
8 67
43 46
72 31
55 73
30 82
55 87
55 38
80 20
48 41
80 97
80 31
80 92
80 40
80 6
35 82
94 52
