5
10
87
26
46
54
100
0 92
0 56
0 19
0 90
38 98
0 94
76 89
36 32
0 82
47 98
0 57
0 53
0 79
0 23
3 98
0 80
56 98
0 34
0 50
0 69
0 13
0 75
89 98
0 58
32 98
36 40
92 98
0 28
0 88
0 9
0 70
40 98
0 25
0 65
0 40
58 98
15 98
63 98
75 98
16 98
78 98
45 98
82 98
42 98
0 39
0 86
0 4
24 98
8 57
0 66
2 98
0 37
35 98
0 33
53 57
88 98
0 97
0 73
0 29
0 93
0 45
0 27
0 35
0 5
0 84
0 62
0 43
0 64
58 61
30 96
57 98
0 60
31 23
95 98
6 96
28 98
52 98
91 98
0 49
61 98
96 98
39 98
22 98
55 98
18 98
93 98
37 98
58 74
0 17
29 98
0 14
74 98
0 15
0 24
85 98
0 31
5 98
70 98
17 98
23 98
