0
100
0 99
0 85
0 19
0 92
1 19
57 99
0 87
53 99
0 42
0 55
1 41
86 37
0 84
86 33
50 31
20 85
22 19
57 85
71 44
98 4
0 96
48 41
8 44
19 99
60 31
62 90
50 23
0 86
0 1
98 39
43 87
0 98
31 99
13 2
26 4
83 85
17 71
50 4
68 71
0 28
17 54
46 38
67 44
62 4
51 44
41 85
27 38
23 99
76 2
38 99
44 99
2 99
43 5
47 90
46 89
62 35
4 99
85 99
0 17
96 71
43 34
90 99
87 99
0 72
10 99
70 71
0 43
0 50
41 71
13 58
89 99
96 58
26 52
71 99
58 99
70 17
92 30
41 33
98 48
47 74
38 33
0 13
19 80
86 99
49 41
0 26
76 17
0 62
47 80
66 30
49 33
30 99
0 20
78 67
10 97
16 52
14 97
92 74
41 99
81 74
