5
21
68
94
61
29
100
46 99
95 91
58 60
0 75
5 99
20 99
22 80
58 81
95 48
0 36
76 17
0 30
4 18
25 18
78 8
0 33
0 63
0 77
0 49
78 40
0 73
78 30
78 73
78 63
78 49
28 6
78 75
33 76
33 77
33 96
33 36
33 63
33 49
33 75
73 30
73 49
73 36
73 77
73 63
75 96
75 36
75 92
75 30
75 49
77 95
77 30
77 36
77 49
77 76
63 98
63 76
63 95
49 30
42 64
19 67
62 99
51 7
67 6
53 91
36 30
36 96
41 99
36 3
92 42
92 74
57 7
92 3
92 79
92 45
6 99
39 99
85 93
14 99
85 56
91 99
85 45
85 89
85 35
85 83
85 96
45 93
56 93
59 93
35 93
89 93
12 83
28 83
35 83
43 83
89 83
86 83
56 83
88 64
88 57
88 42
23 86
23 19
79 57
79 23
54 23
