0
100
25 95
35 95
55 95
11 95
50 95
68 95
65 95
62 95
89 95
52 95
28 95
13 95
79 95
88 95
61 95
38 95
66 95
45 95
53 95
37 95
9 95
93 95
0 20
0 76
0 16
0 80
0 55
0 15
0 60
0 93
0 67
0 42
0 10
0 53
0 12
0 57
0 71
0 9
0 7
0 28
0 82
0 91
0 68
73 53
73 40
73 81
73 31
73 64
73 37
73 76
73 75
73 83
73 34
73 89
73 80
73 62
73 45
73 41
73 1
73 77
73 2
73 78
73 17
73 63
51 74
51 42
51 1
51 69
51 91
51 75
51 4
51 63
51 89
51 3
51 67
51 90
51 8
51 46
51 10
51 52
51 13
51 59
51 15
51 5
51 49
51 21
51 76
51 37
51 61
53 20
53 72
53 27
53 93
53 55
53 68
53 10
53 35
53 87
53 16
53 90
