5
56
9
34
32
38
100
13 60
35 60
0 36
0 44
14 60
57 60
0 16
40 60
0 2
59 60
11 60
0 21
0 50
0 13
22 15
22 48
22 44
22 31
22 16
22 55
22 42
22 25
22 17
22 45
22 46
22 39
22 14
22 18
22 58
22 7
22 36
22 4
22 28
22 13
22 41
22 23
22 54
22 51
22 37
22 6
22 35
22 3
22 8
22 57
22 24
22 20
22 10
22 21
22 33
22 2
22 52
22 40
22 30
22 27
22 59
22 43
22 26
22 50
22 11
1 15
22 53
29 15
22 49
22 19
22 12
5 15
22 47
22 1
22 29
5 16
5 7
5 43
5 45
5 40
5 58
5 42
5 23
5 48
5 24
5 37
5 28
5 52
5 31
5 59
5 25
5 8
5 2
5 53
5 21
5 50
5 35
5 55
5 13
5 10
5 14
5 4
5 51
5 49
5 41
5 18
