5
95
87
50
34
30
100
16 99
0 11
71 99
0 58
0 32
0 44
25 99
0 99
91 99
21 23
0 27
0 43
0 70
0 40
0 8
0 33
0 37
0 94
14 23
0 46
0 79
38 99
74 99
73 99
70 99
23 99
62 99
0 85
2 99
96 99
35 99
36 99
0 92
0 59
76 99
0 14
0 6
0 22
97 99
0 13
89 99
0 77
0 2
0 72
17 99
68 99
0 98
51 99
0 80
0 31
0 7
0 82
0 68
0 75
0 96
57 99
46 99
61 99
0 26
0 39
44 99
0 69
79 99
48 99
3 99
0 1
98 99
6 99
80 99
27 99
59 99
54 99
75 99
66 99
72 99
14 99
65 99
0 35
0 86
0 38
77 99
0 52
0 81
0 5
0 4
41 99
85 99
88 99
0 60
26 99
0 18
0 49
0 91
43 78
82 99
10 99
78 99
0 65
7 99
0 63
