5
70
33
66
97
80
100
0 4
0 1
0 5
55 98
0 2
98 99
55 95
95 99
55 96
94 99
55 59
55 62
72 96
55 73
58 96
3 55
3 30
6 55
3 1
11 55
46 55
21 55
26 49
3 9
55 83
55 85
73 96
75 69
75 98
55 81
55 88
55 75
55 64
55 78
55 61
55 72
55 71
55 58
55 77
71 96
55 92
55 68
55 67
55 57
55 93
55 87
55 69
55 94
55 56
55 65
55 86
55 82
55 76
55 74
55 63
87 72
55 60
55 90
55 91
55 79
93 96
55 89
84 98
84 76
84 68
84 86
84 78
84 85
84 60
84 94
84 95
84 81
84 96
84 58
83 96
84 79
84 67
84 87
84 73
84 65
84 91
84 83
92 96
84 61
95 96
65 96
86 96
84 59
84 71
84 69
84 62
84 77
84 82
84 88
84 57
84 90
84 64
84 56
84 74
84 75
