5
89
74
5
78
86
100
64 96
40 96
11 96
0 27
18 96
0 55
0 40
0 26
0 18
0 82
0 93
0 7
0 76
0 39
0 61
0 75
0 2
0 72
0 47
0 10
0 90
58 96
0 19
32 96
0 91
0 58
0 50
0 94
9 96
0 25
0 13
0 70
0 45
0 28
0 73
0 42
0 1
0 77
0 44
0 30
0 3
0 21
0 79
0 11
0 95
0 17
0 12
0 54
0 16
0 38
58 10
0 22
0 20
0 35
29 96
94 96
46 25
0 81
20 96
0 32
0 46
0 59
0 8
0 60
0 15
21 96
0 52
0 56
25 96
0 9
0 41
0 88
0 23
0 57
0 96
0 29
0 51
61 96
0 49
0 62
0 68
0 65
0 6
80 96
0 92
0 33
34 96
0 36
0 85
0 63
10 96
88 96
0 84
0 24
0 83
82 96
42 96
0 53
0 80
28 96
