0
100
71 99
0 73
0 52
0 74
22 99
77 99
0 54
21 99
93 55
17 99
0 9
68 98
91 99
83 55
46 39
8 43
81 6
0 96
0 50
39 99
55 99
34 99
73 99
81 43
47 98
0 81
53 28
47 95
33 98
77 43
0 76
18 67
12 59
33 52
77 98
0 22
0 53
67 10
0 59
27 35
97 40
83 98
65 52
23 87
98 99
0 68
41 42
0 99
75 43
0 87
0 93
18 59
0 49
27 42
0 41
0 85
0 27
0 98
0 89
0 39
87 99
87 60
34 43
40 76
23 44
79 48
23 43
11 52
23 99
6 87
37 13
46 85
33 80
90 14
43 99
0 2
59 99
76 99
52 99
65 99
79 57
69 99
51 63
48 13
6 78
0 23
0 79
41 62
16 99
61 71
98 11
0 6
11 99
24 74
0 61
54 56
2 99
70 99
78 99
70 62
