0
100
0 6
0 68
90 41
37 72
29 99
0 37
21 89
90 29
15 60
64 99
57 99
60 99
37 9
76 59
98 72
48 68
2 82
33 28
90 59
28 99
27 99
13 12
72 99
12 82
49 82
33 87
0 76
25 87
53 16
66 84
54 92
69 5
95 78
61 37
69 6
61 41
90 98
5 87
88 66
16 87
71 66
34 7
33 26
0 21
61 14
26 66
61 46
0 90
8 66
7 66
12 39
24 14
8 27
24 31
72 66
78 66
84 39
48 27
33 39
27 66
71 42
12 84
12 33
73 6
68 9
97 31
53 62
12 24
8 81
2 42
8 53
8 20
23 2
8 13
6 39
78 39
8 68
8 23
3 39
8 19
78 58
78 53
46 65
31 19
67 55
9 81
67 46
93 77
31 53
88 81
77 39
34 22
1 81
33 14
40 91
22 17
31 34
78 3
35 39
88 37
