2
7
4
79
75 82
75 98
75 77
76 77
78 80
78 81
79 80
84 80
84 81
84 85
84 86
84 87
84 88
84 89
84 90
84 91
84 92
84 93
84 94
84 95
84 96
50 57
50 73
52 57
53 55
53 56
54 55
59 55
59 56
59 60
59 61
59 62
59 63
59 64
59 65
59 66
59 67
59 68
59 69
59 70
59 71
50 51
25 32
25 48
27 32
28 30
28 31
29 30
34 30
34 31
34 35
34 36
34 37
34 38
34 39
34 40
34 41
34 42
34 43
34 44
34 45
34 46
25 26
0 23
3 5
5 9
0 1
9 10
9 11
9 12
9 13
9 14
9 15
9 16
9 17
9 18
9 19
9 20
9 21
