5
16
14
47
11
27
100
44 99
0 20
69 99
86 99
0 96
59 99
0 49
39 99
5 99
72 99
0 23
0 80
30 99
0 98
0 94
10 99
50 99
0 33
0 99
0 86
0 74
40 52
0 89
0 45
8 99
81 99
48 99
52 99
41 99
0 25
35 99
78 99
0 1
0 6
54 67
57 99
0 39
0 43
0 81
0 40
0 13
0 50
67 99
0 36
0 69
0 64
0 78
84 99
79 99
0 22
66 99
23 99
28 99
0 4
87 99
51 99
36 99
0 72
40 99
20 99
46 99
54 31
0 97
0 57
0 12
0 54
0 68
58 99
0 73
0 84
0 95
0 79
56 96
0 35
0 34
0 56
0 38
0 5
0 18
0 59
65 99
15 99
0 17
0 83
0 65
1 99
55 99
0 37
0 60
43 99
0 91
0 75
64 99
0 21
96 99
0 26
0 55
25 99
70 99
0 19
