5
90
9
8
79
34
100
0 57
32 91
0 80
36 91
41 91
33 91
20 57
40 91
57 91
18 91
0 70
64 91
0 19
0 17
11 91
50 91
0 88
16 91
0 63
0 20
0 37
0 73
39 91
0 49
0 40
0 89
0 65
28 91
0 46
0 91
30 91
0 56
0 72
0 4
0 47
0 31
0 11
83 91
0 2
70 91
0 27
85 91
0 13
0 42
88 91
19 91
0 22
31 91
0 62
0 81
0 44
48 91
42 91
89 91
21 91
7 91
0 32
0 71
0 35
81 91
0 50
0 23
0 54
32 82
26 91
56 91
0 67
0 86
0 85
0 69
0 28
56 37
82 91
67 91
56 15
86 91
0 48
0 5
0 84
0 45
0 38
37 91
0 76
0 87
0 53
0 43
0 12
0 75
0 55
15 91
77 91
0 60
0 26
0 21
43 91
14 91
17 91
74 91
0 3
0 61
