5
54
10
25
42
5
100
0 98
2 36
22 98
67 15
36 98
57 98
0 66
3 98
61 98
33 66
9 98
0 56
66 98
41 98
37 98
23 98
73 24
91 50
60 98
17 98
24 98
50 98
62 98
9 21
0 16
94 21
26 21
58 21
77 21
0 67
8 21
64 21
0 86
0 81
0 37
49 21
14 21
49 12
62 21
23 21
35 21
61 21
13 21
12 21
0 21
4 21
74 78
19 21
78 21
31 32
9 32
23 32
13 32
0 32
22 32
4 32
9 12
93 12
0 12
2 12
19 12
16 12
13 12
40 12
14 16
90 12
89 12
16 81
0 84
81 12
53 60
62 12
80 12
23 12
24 12
85 12
0 4
65 4
0 71
43 4
26 2
19 93
15 76
2 4
14 67
35 4
76 4
0 59
86 4
93 4
0 17
63 4
48 4
64 4
61 4
41 4
52 4
0 1
95 4
0 47
