0
100
0 3
67 99
1 46
74 99
1 85
78 99
1 39
2 23
3 87
72 51
87 99
61 43
12 50
63 97
51 99
2 71
2 61
97 98
73 98
10 4
34 33
2 11
4 70
3 10
3 4
35 84
74 75
40 17
16 17
87 82
35 36
20 83
18 17
95 20
95 91
95 94
97 77
86 85
87 9
48 81
13 14
75 67
33 84
66 67
94 70
79 80
20 84
83 82
87 13
75 16
85 82
92 29
87 86
78 7
8 7
5 6
69 6
5 4
21 22
87 88
62 61
9 4
39 56
9 56
55 56
61 57
68 46
69 57
46 59
87 75
21 20
74 73
21 91
74 24
92 91
63 60
92 19
78 29
63 64
77 27
70 69
60 59
39 38
77 78
77 73
31 64
40 22
65 29
16 15
29 69
29 68
32 33
20 67
25 89
39 40
5 16
9 10
55 33
72 73
38 33
