5
51
36
59
12
21
100
43 90
0 23
28 90
3 90
60 90
0 65
0 69
11 90
0 85
0 30
0 7
0 29
0 56
0 41
0 19
39 90
0 71
0 37
75 90
0 61
0 60
0 40
84 90
0 5
0 18
0 66
0 87
0 90
0 38
23 90
0 76
0 34
0 39
0 45
64 90
0 28
52 90
0 4
14 90
0 16
2 90
78 90
85 90
27 90
50 90
82 90
0 11
0 35
0 17
0 48
0 25
0 58
10 90
0 81
0 83
0 22
0 20
0 26
15 5
0 10
0 3
32 29
0 44
0 70
72 18
24 90
68 33
1 90
0 13
80 90
0 62
0 32
34 90
0 89
0 33
79 22
0 72
0 79
0 14
0 42
0 1
0 75
0 82
0 55
0 50
18 90
48 90
0 74
0 78
0 68
0 54
0 64
9 90
63 90
20 90
5 90
0 15
0 53
0 47
0 8
