5
48
51
93
33
2
100
70 52
50 99
4 99
8 99
26 99
0 44
40 20
68 99
40 23
20 99
44 23
13 8
0 37
63 23
0 31
94 23
8 23
90 80
0 69
72 87
52 80
8 80
87 80
73 80
0 86
1 35
68 35
67 35
57 35
71 35
0 5
0 7
50 35
18 35
37 35
3 35
86 81
71 81
46 81
66 15
64 81
49 81
0 62
36 81
0 13
0 26
0 66
0 96
0 12
0 54
40 81
34 54
57 6
34 70
27 15
34 73
6 81
34 19
34 61
34 58
17 81
37 81
34 10
34 16
3 81
34 24
55 81
34 68
15 81
82 32
87 69
45 57
32 69
89 69
95 69
45 97
45 7
64 69
45 41
45 42
45 10
36 69
45 60
45 38
45 55
97 47
45 20
53 69
42 85
45 19
1 69
45 78
45 54
92 69
17 47
11 47
11 71
11 32
57 47
66 47
