0
100
0 43
0 67
0 88
48 7
48 46
48 71
72 27
72 6
72 44
72 11
72 88
72 31
80 57
80 19
80 69
80 20
80 8
33 18
84 22
33 38
55 60
55 13
33 23
84 53
33 83
33 31
33 54
33 79
55 8
55 46
69 37
69 7
65 45
69 14
73 82
73 41
69 77
65 44
65 57
69 66
5 74
5 19
5 9
2 19
2 51
2 70
2 13
2 8
2 39
2 49
62 70
62 54
62 26
81 40
41 78
41 7
81 20
6 24
6 25
6 35
52 16
52 59
52 18
52 53
68 19
68 24
60 30
63 25
63 66
9 30
9 20
63 4
63 67
45 67
45 86
45 85
30 12
30 10
30 71
30 34
53 18
1 70
1 4
53 50
53 17
53 35
1 79
1 40
46 23
46 25
46 17
46 26
46 7
46 34
46 59
82 49
82 89
85 21
85 32
57 18
