0
100
22 50
7 50
29 50
11 50
40 50
33 50
43 50
3 50
0 50
34 50
23 50
20 50
42 50
24 50
30 50
47 50
44 50
3 2
32 2
23 2
27 2
15 2
44 2
37 2
47 2
48 2
41 2
4 2
36 2
40 2
1 2
31 2
28 2
26 18
14 18
46 18
28 18
21 18
32 18
6 18
23 18
38 18
45 18
10 18
27 18
30 18
0 11
0 33
0 31
0 46
0 22
0 40
0 9
0 16
0 3
0 47
0 23
0 44
0 20
0 41
0 48
0 35
0 10
0 4
0 1
45 30
45 46
45 23
45 36
45 49
45 29
45 6
45 19
45 32
45 22
45 48
45 25
45 38
45 28
45 31
45 34
45 1
45 27
17 40
17 49
17 26
17 16
17 34
17 5
17 46
17 23
17 24
17 1
17 33
17 19
17 42
17 22
17 31
12 29
12 39
