5
64
55
98
72
46
100
67 99
86 99
0 79
53 99
26 99
5 99
47 99
44 99
31 99
0 77
9 99
83 99
45 99
76 99
0 12
84 99
52 99
77 99
73 99
1 99
90 99
10 99
0 89
14 99
0 17
12 99
20 99
13 99
0 74
15 99
33 99
0 99
0 56
0 42
0 91
11 99
19 99
92 66
25 99
69 91
82 99
0 75
0 80
0 29
0 2
63 99
0 39
89 99
91 99
37 99
0 69
0 65
66 99
61 2
0 53
0 19
0 41
0 88
0 63
0 67
8 99
0 13
0 83
28 99
2 32
0 71
17 99
0 21
69 99
0 50
0 3
0 25
0 33
27 99
32 99
58 99
4 99
71 57
74 99
0 93
0 36
57 99
34 21
0 61
18 99
0 23
30 99
79 99
38 99
68 99
37 21
87 21
61 21
44 21
88 21
9 21
54 21
0 31
0 70
0 59
