0
100
0 99
26 64
69 99
36 79
0 26
0 55
11 64
0 18
55 80
73 26
20 99
65 99
76 28
61 54
17 96
77 54
0 69
68 99
54 99
28 99
26 65
25 52
33 79
0 83
36 96
73 19
0 38
65 96
91 95
43 25
82 50
63 92
76 59
85 84
90 99
0 76
10 38
44 96
0 63
0 78
57 99
0 25
16 36
98 81
52 99
47 84
49 28
81 77
62 45
0 92
52 50
62 63
91 18
86 71
49 59
77 99
0 49
96 99
0 87
60 98
37 38
71 13
23 28
60 76
93 48
51 13
47 25
30 9
16 84
0 41
4 58
68 23
0 62
23 2
78 35
17 69
47 27
23 7
84 99
6 38
0 17
13 99
95 48
0 60
48 99
38 99
0 47
0 68
87 99
46 66
24 14
44 39
80 2
66 99
0 6
0 29
0 52
41 99
11 79
39 57
