5
14
25
91
59
67
100
0 10
0 74
0 45
24 99
55 99
0 36
0 29
0 89
0 20
0 50
0 97
78 99
0 62
53 99
23 99
4 99
0 77
0 52
0 68
49 99
0 96
40 99
72 99
15 99
70 99
42 99
19 99
0 71
51 18
76 99
0 9
48 99
7 99
21 99
0 44
0 13
33 99
0 38
2 99
28 99
0 66
0 81
0 46
0 3
0 86
87 99
50 99
41 99
34 99
65 99
82 99
11 99
88 99
20 99
54 99
71 99
63 99
0 84
22 99
16 99
0 60
58 99
77 99
0 12
0 15
27 99
8 99
85 99
0 6
73 90
37 99
18 99
90 99
0 65
29 99
63 56
61 56
0 56
0 72
0 33
0 87
70 56
0 47
0 30
0 34
0 63
0 41
0 23
0 26
37 56
54 56
0 8
64 62
24 56
62 56
4 56
95 56
0 51
55 56
0 79
