0
100
28 59
33 59
15 59
38 59
4 59
9 59
58 59
45 59
14 59
34 59
48 59
21 59
35 59
10 59
24 59
11 59
47 59
0 59
36 59
41 59
23 59
46 59
12 59
17 59
53 59
22 59
42 59
56 59
29 59
43 59
18 59
32 59
5 59
19 59
55 59
8 59
44 59
49 59
31 59
54 59
20 59
25 59
7 59
30 59
1 59
50 59
37 59
6 59
51 59
26 59
40 59
13 59
27 59
2 59
16 59
3 59
52 59
57 59
41 39
37 39
14 39
43 39
0 39
24 39
20 39
49 39
45 39
22 39
2 39
8 39
46 39
4 39
26 39
32 39
6 39
28 39
56 39
30 39
52 39
10 39
16 39
54 39
19 39
12 39
34 39
15 39
40 39
36 39
1 39
58 39
38 39
3 39
25 39
18 39
21 39
27 39
42 39
23 39
48 39
51 39
