5
63
79
30
48
36
100
84 1
0 33
0 99
74 38
26 78
0 20
1 99
0 46
0 69
38 99
0 80
0 94
0 34
0 87
0 65
0 92
0 12
78 99
0 38
0 40
0 1
86 35
41 99
88 35
0 82
74 99
35 99
70 99
58 99
11 99
10 99
88 99
0 95
93 99
0 50
0 42
0 62
0 97
96 99
49 99
25 99
0 52
89 99
0 55
0 16
3 99
0 6
0 89
0 60
0 8
81 99
0 10
0 68
0 88
0 71
0 26
0 32
0 73
0 41
0 83
0 96
0 25
18 94
55 99
44 99
0 39
93 9
42 99
0 77
16 99
29 28
82 99
45 99
73 99
28 99
61 99
85 99
0 54
0 51
84 76
0 93
0 17
43 99
46 33
19 99
53 39
33 99
14 99
0 53
0 59
0 84
0 29
72 99
26 99
65 99
0 45
0 11
0 76
77 99
66 99
