0
100
38 99
11 99
42 94
0 44
42 6
90 99
0 42
56 84
76 25
8 3
17 99
4 66
95 6
66 99
49 10
96 71
36 4
56 8
96 98
31 6
56 69
94 99
6 99
0 76
17 63
0 56
10 99
85 34
74 99
35 86
63 99
83 53
15 55
36 77
74 73
0 36
39 73
3 95
58 8
74 41
53 84
0 96
40 71
60 55
98 99
18 71
75 99
55 99
37 83
0 17
94 84
0 15
18 65
90 21
39 83
16 21
0 77
84 99
68 99
22 12
18 33
86 73
39 61
87 79
72 73
11 83
20 88
53 34
39 95
94 21
66 16
87 99
65 99
28 21
11 32
86 7
89 34
28 79
0 66
37 47
0 74
82 32
0 18
7 79
63 25
13 3
95 73
82 60
86 99
73 99
87 32
79 99
0 63
82 29
40 53
87 93
0 40
67 27
43 71
0 39
