0
100
24 56
0 50
14 99
0 60
55 99
26 49
75 99
44 99
63 11
49 99
11 99
26 64
35 99
7 99
4 99
31 93
86 99
93 99
94 99
31 25
67 77
80 99
58 40
0 70
77 99
79 70
73 9
14 26
0 26
42 99
0 14
4 9
0 41
31 90
5 33
18 87
73 21
80 16
46 74
9 99
46 70
0 31
72 38
85 54
0 87
0 68
0 4
34 87
91 29
60 24
45 15
49 33
87 99
70 99
0 5
20 92
88 99
80 78
13 63
0 45
14 74
38 51
78 92
0 13
48 64
40 25
46 30
63 93
74 99
94 64
48 23
0 46
48 96
0 63
85 10
0 48
19 64
39 28
56 26
98 25
51 64
73 13
0 97
39 50
27 42
73 31
6 61
39 32
0 7
42 64
85 4
83 23
0 19
27 67
6 20
29 17
79 32
95 78
39 89
92 99
