5
26
78
46
91
66
100
27 95
23 95
36 95
0 13
0 29
0 81
0 21
0 33
0 57
0 67
49 95
0 40
0 76
44 95
17 95
0 27
0 53
45 95
28 95
0 95
0 5
0 49
0 31
84 95
86 95
0 15
0 45
0 87
0 8
0 47
0 68
0 22
0 69
0 41
0 24
59 95
25 9
5 95
0 73
0 42
0 56
0 19
0 25
22 95
80 95
9 95
0 39
10 95
0 4
0 59
62 95
19 95
68 95
0 16
64 95
89 95
0 63
79 95
60 95
6 95
0 58
0 14
4 95
0 65
0 10
0 34
18 95
57 95
0 52
0 48
0 72
63 95
0 84
67 95
77 95
65 95
0 54
0 82
0 3
0 32
34 95
0 38
0 12
0 85
0 23
0 43
47 95
0 88
75 95
15 95
76 95
93 95
93 42
0 36
0 44
69 95
38 95
0 20
0 37
0 92
