5
13
42
70
48
15
100
0 12
51 74
0 4
14 74
0 6
37 74
0 74
73 74
0 24
0 46
0 66
0 20
57 74
0 49
0 67
0 16
47 20
25 74
0 9
0 52
20 74
66 74
0 33
0 28
0 1
0 64
0 58
0 10
0 27
0 32
0 63
39 74
0 30
0 56
18 74
0 38
24 74
0 72
0 22
0 73
0 65
0 59
34 74
32 74
0 62
0 51
50 74
0 43
49 74
0 45
0 34
0 31
9 74
0 55
43 74
62 74
64 74
0 37
58 74
0 69
41 74
0 29
12 74
8 74
0 5
0 17
71 74
40 74
0 23
0 18
44 74
54 74
4 74
17 74
56 74
0 47
1 74
10 74
0 60
19 60
47 74
0 3
52 74
60 74
0 61
3 74
8 6
31 74
33 74
0 19
6 74
0 54
16 74
0 40
21 74
45 74
59 74
0 44
61 46
0 25
