0
99
0 45
89 99
0 99
21 45
0 62
72 76
0 48
0 25
0 35
32 98
65 45
98 57
52 16
89 7
0 72
27 7
0 21
67 80
5 70
61 75
63 45
57 99
76 99
45 99
65 8
0 89
80 99
98 44
58 99
13 71
55 87
73 99
33 87
59 99
67 44
52 84
44 99
0 27
56 99
22 49
8 99
95 15
23 87
55 38
65 96
15 99
87 99
38 99
95 20
0 41
55 21
0 65
0 61
59 12
20 99
94 95
0 55
0 54
67 41
14 69
50 81
98 5
91 7
12 99
0 73
0 67
22 7
97 95
91 68
9 48
94 1
92 20
94 41
5 62
0 81
66 25
13 81
62 99
84 49
94 69
92 13
66 46
6 99
60 42
92 4
91 67
16 13
0 94
84 74
91 96
97 21
65 95
91 50
2 7
25 41
2 46
15 84
14 57
27 5
