5
83
79
84
14
66
100
0 99
16 99
0 33
0 75
8 99
0 17
57 99
41 99
60 99
17 99
82 99
31 99
42 99
0 61
54 2
23 99
0 11
45 99
22 99
2 99
70 81
39 99
0 38
0 98
0 95
0 67
0 57
81 99
0 31
0 80
0 28
0 23
0 70
0 18
0 36
29 99
0 40
0 43
0 25
93 99
0 35
0 22
0 59
56 99
11 99
44 99
0 47
37 99
0 55
94 99
77 99
0 53
0 82
0 81
0 58
0 65
0 60
55 99
0 1
52 99
4 92
0 45
35 99
0 37
49 99
70 65
74 99
0 15
0 76
0 42
92 99
0 3
0 51
0 73
0 13
80 99
0 69
86 99
0 9
0 6
18 99
33 99
53 99
0 41
0 86
0 52
85 99
0 16
65 99
97 99
72 96
44 19
72 75
72 11
51 99
72 18
72 45
72 48
19 99
72 86
