5
6
68
38
71
90
100
0 41
0 89
29 92
0 4
0 58
51 92
0 2
0 19
0 23
0 26
0 60
0 9
0 92
0 73
42 92
0 67
76 92
0 57
81 92
3 92
0 63
0 18
0 14
0 43
0 42
89 92
0 29
41 92
0 80
0 40
33 11
19 60
61 92
11 92
79 92
23 92
0 75
0 50
0 3
0 31
0 35
0 79
0 33
0 52
36 92
40 92
0 24
0 82
60 92
0 83
30 92
26 13
24 92
26 92
57 92
13 92
17 92
0 77
0 44
84 92
0 56
62 92
0 28
69 21
0 11
39 92
0 59
66 92
0 37
0 45
0 7
44 92
0 66
88 92
0 86
0 78
64 92
0 51
0 62
0 76
0 81
0 72
0 54
0 1
10 19
0 20
91 42
5 92
15 92
0 39
74 92
21 92
64 29
0 32
0 12
2 92
65 92
64 36
0 69
47 92
