0
100
54 66
3 99
0 51
23 99
41 99
97 99
76 99
0 45
0 14
64 99
94 44
0 40
62 81
0 74
39 99
94 31
35 99
75 99
68 76
47 90
20 99
90 99
98 99
0 16
62 46
13 99
14 99
11 99
25 99
83 99
66 99
40 99
0 34
90 38
78 55
94 50
38 99
11 40
98 17
94 29
57 43
55 99
17 99
57 93
10 5
0 94
57 42
41 30
71 46
41 34
62 78
93 99
0 41
43 99
70 68
0 62
88 32
97 66
59 75
0 71
4 99
21 32
48 26
37 33
75 21
59 81
0 37
59 92
0 75
0 59
68 99
21 99
0 83
80 72
32 99
0 79
23 81
0 84
86 80
10 34
0 86
74 99
34 99
81 99
0 17
0 6
0 11
60 96
1 99
40 44
67 11
27 96
94 99
96 99
95 99
79 53
39 48
0 67
53 99
72 99
