5
53
69
73
20
75
100
98 99
52 99
0 24
19 99
0 23
83 99
0 57
36 99
50 99
0 11
0 3
0 40
0 59
0 27
0 52
0 95
76 99
0 72
70 99
0 7
63 99
0 37
0 41
82 99
0 71
0 19
89 99
21 99
87 99
51 99
29 99
0 76
88 99
0 67
80 99
8 99
0 82
7 99
0 18
38 92
42 99
0 94
0 87
0 79
0 61
22 99
85 99
0 32
18 99
5 99
61 99
0 36
0 97
32 99
0 88
0 38
57 99
0 33
0 15
39 99
66 99
0 78
91 99
0 98
0 62
0 31
44 99
0 93
92 99
71 99
0 81
93 99
81 99
0 66
0 56
0 21
0 99
0 44
0 64
0 48
0 96
0 51
0 50
45 99
0 80
0 26
0 30
0 74
0 91
34 99
16 99
0 68
0 85
0 89
0 77
10 99
0 47
0 34
0 10
0 65
