0
100
0 71
0 59
0 36
0 48
0 12
0 33
0 2
0 54
0 77
0 27
0 82
0 72
0 19
0 65
0 9
0 22
0 98
0 57
0 47
0 38
0 60
0 50
0 63
0 99
0 67
0 94
0 55
0 85
0 44
0 40
0 91
0 14
0 64
0 16
0 41
0 15
0 43
0 45
0 86
0 80
0 23
0 35
0 81
0 30
0 66
0 68
0 90
0 32
0 20
0 3
0 73
0 26
0 6
0 39
0 31
0 21
0 34
0 8
0 1
0 51
0 18
0 5
0 76
0 70
0 62
0 69
0 89
0 49
0 61
0 46
96 79
96 59
96 22
96 12
96 74
96 38
96 66
96 17
96 65
96 9
96 18
96 86
96 10
96 99
96 69
96 4
96 23
96 35
96 44
96 56
96 62
96 39
96 83
96 26
96 68
96 13
96 70
96 8
96 42
96 92
