5
20
93
25
49
9
100
0 52
0 94
0 35
61 94
13 94
0 83
0 33
77 94
44 94
0 70
85 94
0 61
39 94
5 94
89 94
84 94
12 94
62 94
47 94
0 34
65 94
90 87
91 94
0 76
0 42
0 56
0 72
0 14
0 39
0 80
0 43
0 69
87 94
0 79
81 94
0 40
23 94
0 17
0 21
30 94
59 34
0 8
0 48
51 94
31 94
0 36
0 66
83 94
34 94
8 94
0 31
0 38
0 37
0 86
26 94
0 28
0 11
0 3
46 94
0 55
41 94
64 94
3 94
82 94
0 26
23 88
0 57
1 21
0 54
0 65
0 92
0 81
0 45
0 60
0 18
7 56
0 75
0 84
0 6
0 64
0 7
0 90
0 71
53 94
0 82
0 44
11 57
88 94
0 85
53 73
0 22
0 23
0 53
0 50
63 94
0 47
0 91
0 24
0 19
0 1
