5
34
8
7
59
5
100
20 80
0 30
44 80
24 80
0 17
0 43
73 30
0 78
68 80
0 54
0 45
0 21
0 49
0 69
0 33
23 80
30 80
69 80
0 44
0 58
0 63
0 15
18 80
0 76
58 80
51 80
0 66
15 80
0 12
0 19
0 77
72 28
0 31
0 75
0 11
0 72
26 80
0 53
0 32
0 68
0 29
0 51
0 4
74 80
0 22
0 38
0 73
36 80
0 55
46 54
0 6
0 74
0 36
29 80
73 80
9 80
54 80
47 25
38 28
52 80
0 46
42 80
25 80
28 80
56 80
0 48
0 2
3 80
4 80
60 80
0 9
0 65
0 42
79 80
46 80
2 80
0 13
0 20
0 23
0 64
26 50
63 80
65 80
50 80
77 80
21 80
11 80
57 80
0 27
0 39
0 62
0 10
0 35
0 3
0 16
0 14
43 80
0 56
61 80
0 70
