0
100
47 52
47 50
46 49
45 51
48 52
47 49
45 50
48 49
47 51
45 49
45 52
48 51
46 50
48 50
46 52
41 46
42 46
43 46
39 44
40 44
37 44
38 44
48 44
47 44
41 45
43 45
40 42
39 42
37 42
38 42
48 42
41 47
39 43
38 43
37 43
40 43
38 41
37 41
39 41
36 40
33 40
34 40
29 35
32 35
31 35
38 35
30 35
39 35
36 37
33 37
30 34
31 34
32 34
29 34
39 34
36 38
32 33
29 33
31 33
30 33
30 36
29 36
31 36
27 32
26 32
25 32
23 28
24 28
21 28
22 28
30 28
29 28
27 31
25 31
24 26
23 26
22 26
21 26
30 26
25 29
22 27
24 27
23 27
21 27
22 25
24 25
23 25
18 21
17 21
20 21
24 19
22 19
23 19
14 19
15 19
16 19
12 13
10 13
9 13
11 13
