0
100
0 2
69 79
0 25
41 62
69 60
0 4
45 58
29 79
47 79
67 62
73 36
0 45
59 58
55 79
7 19
63 21
62 79
21 79
48 19
60 36
0 73
19 36
9 34
0 51
43 55
18 10
0 11
68 37
20 22
35 17
68 7
17 55
45 30
18 64
18 3
18 9
35 43
32 49
2 48
30 6
73 71
53 5
53 3
16 25
53 63
22 71
27 65
17 19
29 10
61 10
21 25
71 10
67 22
6 10
2 17
53 16
53 2
24 10
37 22
58 63
58 48
58 21
5 42
58 78
58 29
54 42
19 33
58 62
7 3
7 59
30 56
7 44
30 37
62 47
31 12
26 33
17 22
43 65
32 5
59 44
5 76
32 45
59 43
65 2
16 27
77 52
28 12
63 77
56 73
6 76
45 27
65 12
60 12
59 77
59 67
59 63
59 16
1 48
28 44
64 1
