5
76
27
86
30
48
100
0 21
0 87
62 99
22 99
0 80
0 52
0 45
0 74
0 72
83 99
18 99
55 99
0 36
92 99
0 60
0 85
87 99
0 20
35 99
78 99
0 49
51 99
67 99
0 19
2 99
52 99
91 99
73 82
0 81
3 99
0 84
82 99
0 64
54 99
50 99
38 99
0 99
65 99
49 99
57 99
0 94
71 99
88 99
72 99
31 99
94 78
0 18
0 40
0 97
0 43
0 62
34 99
25 99
0 56
19 99
40 99
0 54
0 2
61 99
0 8
41 99
37 99
0 46
0 31
81 99
32 99
95 99
14 99
0 51
0 83
0 59
0 35
0 5
60 99
0 82
0 33
0 88
8 99
0 93
23 99
13 99
16 99
66 46
0 90
0 3
46 99
29 99
0 63
10 73
0 1
0 13
0 95
17 99
7 99
56 99
0 91
0 14
0 66
0 29
0 12
