0
100
10 51
44 51
0 30
38 51
1 7
8 18
37 7
31 35
7 51
13 33
45 20
19 18
0 42
18 51
33 35
33 51
0 13
20 51
35 51
25 51
11 39
16 51
39 51
0 29
22 28
6 49
32 51
29 51
21 51
49 51
5 51
0 50
11 40
45 5
20 40
28 51
37 50
33 1
40 51
8 50
15 1
0 10
0 22
50 51
21 1
11 31
19 9
33 34
18 1
29 22
0 45
0 37
33 29
0 7
0 12
0 33
0 23
1 51
38 22
35 49
30 31
15 49
47 31
6 50
38 3
15 43
20 42
35 15
49 13
43 9
10 30
20 22
0 38
0 20
46 42
22 51
35 20
49 3
6 19
0 35
18 43
0 6
23 9
0 40
24 18
16 42
7 9
0 3
0 24
0 16
31 51
0 46
0 5
0 44
13 51
48 29
32 20
28 42
20 15
42 51
